[36m‚†ã[39m Generating browser application bundles (phase: setup)...[2K[1G[36m‚†ô[39m Generating browser application bundles (phase: setup)...[2K[1G[36m‚†π[39m Generating browser application bundles (phase: building)...[2K[1G[36m‚†∏[39m Generating browser application bundles (phase: building)...[2K[1G[36m‚†º[39m Generating browser application bundles (phase: building)...[2K[1G[36m‚†¥[39m Generating browser application bundles (phase: building)...[2K[1G[36m‚†¶[39m Generating browser application bundles (phase: building)...[2K[1G[36m‚†ß[39m Generating browser application bundles (phase: building)...[2K[1G[36m‚†á[39m Generating browser application bundles (phase: building)...[2K[1G[36m‚†è[39m Generating browser application bundles (phase: building)...[2K[1G[36m‚†ã[39m Generating browser application bundles (phase: building)...[2K[1G[36m‚†ô[39m Generating browser application bundles (phase: sealing)...[2K[1G[36m‚†π[39m Generating browser application bundles (phase: sealing)...[2K[1G[36m‚†∏[39m Generating browser application bundles (phase: sealing)...[2K[1G[36m‚†º[39m Generating browser application bundles (phase: emitting)...[2K[1G[32m‚úî[39m Browser application bundle generation complete.
[37m[39m
[37m[0m[1mInitial Chunk Files[22m                   [2m | [22m[1mNames[22m                   [2m | [22m [1mRaw Size[22m[0m[39m
[37m[0m[92mvendor.js[39m[37m                             [2m | [22mvendor                  [2m | [22m  [96m5.01 MB[39m[37m[2m | [22m[0m[39m
[37m[0m[92mstyles.css, styles.js[39m[37m                 [2m | [22mstyles                  [2m | [22m[96m636.37 kB[39m[37m[2m | [22m[0m[39m
[37m[0m[92mpolyfills.js[39m[37m                          [2m | [22mpolyfills               [2m | [22m[96m333.18 kB[39m[37m[2m | [22m[0m[39m
[37m[0m[92mmain.js[39m[37m                               [2m | [22mmain                    [2m | [22m[96m153.04 kB[39m[37m[2m | [22m[0m[39m
[37m[0m[92mruntime.js[39m[37m                            [2m | [22mruntime                 [2m | [22m [96m12.65 kB[39m[37m[2m | [22m[0m[39m
[37m[0m[0m[39m
[37m[0m[1m [22m                                     [2m | [22m[1mInitial Total[22m           [2m | [22m  [1m6.12 MB[22m[0m[39m
[37m[0m[0m[39m
[37m[0m[1mLazy Chunk Files[22m                      [2m | [22m[1mNames[22m                   [2m | [22m [1mRaw Size[22m[0m[39m
[37m[0m[92msrc_app_pages_login_login_module_ts.js[39m[37m[2m | [22mpages-login-login-module[2m | [22m [96m24.75 kB[39m[37m[2m | [22m[0m[39m
[37m[0m[0m[39m
[37m[0mBuild at: [1m[37m2023-10-21T17:06:41.683Z[39m[37m[22m - Hash: [1m[37m040c2eb6c8e92b38[39m[37m[22m - Time: [1m[37m8272[39m[37m[22mms[0m[39m
[37m[39m
[37m** Angular Live Development Server is listening on localhost:4200, open your browser on http://localhost:4200/ **[39m
[37m[39m
[37m[39m
[37m[92m‚àö[39m[37m Compiled successfully.[39m
[36m‚†ã[39m Generating browser application bundles...[2K[1G[36m‚†ô[39m Generating browser application bundles (phase: building)...[2K[1G[36m‚†π[39m Generating browser application bundles (phase: building)...[2K[1G[36m‚†∏[39m Generating browser application bundles (phase: building)...[2K[1G[36m‚†º[39m Generating browser application bundles (phase: building)...[2K[1G[36m‚†¥[39m Generating browser application bundles (phase: sealing)...[2K[1G[36m‚†¶[39m Generating browser application bundles (phase: emitting)...[2K[1G[32m‚úî[39m Browser application bundle generation complete.
[37m[39m
[37m[0m[1mInitial Chunk Files[22m[2m | [22m[1mNames[22m  [2m | [22m [1mRaw Size[22m[0m[39m
[37m[0m[92mmain.js[39m[37m            [2m | [22mmain   [2m | [22m[96m153.83 kB[39m[37m[2m | [22m[0m[39m
[37m[0m[92mruntime.js[39m[37m         [2m | [22mruntime[2m | [22m [96m12.65 kB[39m[37m[2m | [22m[0m[39m
[37m[0m[0m[39m
[37m[0m4 unchanged chunks[0m[39m
[37m[0m[0m[39m
[37m[0mBuild at: [1m[37m2023-10-21T18:19:39.245Z[39m[37m[22m - Hash: [1m[37mb6dd55803f0f236d[39m[37m[22m - Time: [1m[37m2210[39m[37m[22mms[0m[39m
[37m[39m
[37m[92m‚àö[39m[37m Compiled successfully.[39m
[36m‚†ã[39m Generating browser application bundles...[2K[1G[36m‚†ô[39m Generating browser application bundles (phase: building)...[2K[1G[36m‚†π[39m Generating browser application bundles (phase: building)...[2K[1G[36m‚†∏[39m Generating browser application bundles (phase: sealing)...[2K[1G[32m‚úî[39m Browser application bundle generation complete.
[37m[39m
[37m[0m[1mInitial Chunk Files[22m[2m | [22m[1mNames[22m  [2m | [22m [1mRaw Size[22m[0m[39m
[37m[0m[92mmain.js[39m[37m            [2m | [22mmain   [2m | [22m[96m153.95 kB[39m[37m[2m | [22m[0m[39m
[37m[0m[92mruntime.js[39m[37m         [2m | [22mruntime[2m | [22m [96m12.65 kB[39m[37m[2m | [22m[0m[39m
[37m[0m[0m[39m
[37m[0m4 unchanged chunks[0m[39m
[37m[0m[0m[39m
[37m[0mBuild at: [1m[37m2023-10-21T18:19:41.035Z[39m[37m[22m - Hash: [1m[37m276df216a79fe8ec[39m[37m[22m - Time: [1m[37m607[39m[37m[22mms[0m[39m
[1m[31m[39m[22m
[1m[31m[0m[91mError: [39m[31m[0m[96msrc/app/components/sidebar/sidebar.component.html[0m:[93m1[0m:[93m13[0m - [91merror[0m[90m TS2339: [0mProperty 'auth' does not exist on type 'SidebarComponent'.[39m[22m
[1m[31m[39m[22m
[1m[31m[7m1[0m <div *ngIf="auth" [ngClass]="{sidebar:true,open:isSidebarOpen}">[39m[22m
[1m[31m[7m [0m [91m            ~~~~[0m[39m[22m
[1m[31m[39m[22m
[1m[31m  [96msrc/app/components/sidebar/sidebar.component.ts[0m:[93m7[0m:[93m16[0m[39m[22m
[1m[31m    [7m7[0m   templateUrl: './sidebar.component.html',[39m[22m
[1m[31m    [7m [0m [96m               ~~~~~~~~~~~~~~~~~~~~~~~~~~[0m[39m[22m
[1m[31m    Error occurs in the template of component SidebarComponent.[39m[22m
[1m[31m[39m[22m
[1m[31m[39m[22m
[1m[31m[39m[22m
[37m[39m
[37m[91m√ó[39m[37m Failed to compile.[39m
[36m‚†ã[39m Generating browser application bundles...[2K[1G[36m‚†ô[39m Generating browser application bundles (phase: building)...[2K[1G[36m‚†π[39m Generating browser application bundles (phase: sealing)...[2K[1G[36m‚†∏[39m Generating browser application bundles (phase: emitting)...[2K[1G[32m‚úî[39m Browser application bundle generation complete.
[37m[39m
[37m[0m[1mInitial Chunk Files[22m[2m | [22m[1mNames[22m  [2m | [22m [1mRaw Size[22m[0m[39m
[37m[0m[92mmain.js[39m[37m            [2m | [22mmain   [2m | [22m[96m153.04 kB[39m[37m[2m | [22m[0m[39m
[37m[0m[92mruntime.js[39m[37m         [2m | [22mruntime[2m | [22m [96m12.65 kB[39m[37m[2m | [22m[0m[39m
[37m[0m[0m[39m
[37m[0m4 unchanged chunks[0m[39m
[37m[0m[0m[39m
[37m[0mBuild at: [1m[37m2023-10-21T18:19:54.686Z[39m[37m[22m - Hash: [1m[37m31d43677ea747730[39m[37m[22m - Time: [1m[37m485[39m[37m[22mms[0m[39m
[37m[39m
[37m[92m‚àö[39m[37m Compiled successfully.[39m
[36m‚†ã[39m Generating browser application bundles...[2K[1G[36m‚†ô[39m Generating browser application bundles (phase: building)...[2K[1G[36m‚†π[39m Generating browser application bundles (phase: building)...[2K[1G[32m‚úî[39m Browser application bundle generation complete.
[37m[39m
[37m[0m[1mInitial Chunk Files[22m[2m | [22m[1mNames[22m  [2m | [22m [1mRaw Size[22m[0m[39m
[37m[0m[92mmain.js[39m[37m            [2m | [22mmain   [2m | [22m[96m146.71 kB[39m[37m[2m | [22m[0m[39m
[37m[0m[92mruntime.js[39m[37m         [2m | [22mruntime[2m | [22m [96m12.65 kB[39m[37m[2m | [22m[0m[39m
[37m[0m[0m[39m
[37m[0m4 unchanged chunks[0m[39m
[37m[0m[0m[39m
[37m[0mBuild at: [1m[37m2023-10-21T18:20:03.353Z[39m[37m[22m - Hash: [1m[37mcf8d0dbc5cff2964[39m[37m[22m - Time: [1m[37m499[39m[37m[22mms[0m[39m
[1m[31m[39m[22m
[1m[31m[0m[91mError: [39m[31m[0m[96msrc/app/app.component.html[0m:[93m1[0m:[93m1[0m - [91merror[0m[90m NG5002: [0mOpening tag "div" not terminated.[39m[22m
[1m[31m[39m[22m
[1m[31m[7m1[0m <div *ngIf="true"; else other_content">[39m[22m
[1m[31m[7m [0m [91m~~~~~~~~~~~~~~~~~~~~~~~~~~~~~~~~~~~~~[0m[39m[22m
[1m[31m[39m[22m
[1m[31m  [96msrc/app/app.component.ts[0m:[93m7[0m:[93m16[0m[39m[22m
[1m[31m    [7m7[0m   templateUrl: './app.component.html',[39m[22m
[1m[31m    [7m [0m [96m               ~~~~~~~~~~~~~~~~~~~~~~[0m[39m[22m
[1m[31m    Error occurs in the template of component AppComponent.[39m[22m
[1m[31m[39m[22m
[1m[31m[39m[22m
[1m[31m[0m[91mError: [39m[31m[0m[96msrc/app/app.component.html[0m:[93m6[0m:[93m1[0m - [91merror[0m[90m NG5002: [0mUnexpected closing tag "div". It may happen when the tag has already been closed by another tag. For more info see https://www.w3.org/TR/html5/syntax.html#closing-elements-that-have-implied-end-tags[39m[22m
[1m[31m[39m[22m
[1m[31m[7m6[0m </div>[39m[22m
[1m[31m[7m [0m [91m~~~~~~[0m[39m[22m
[1m[31m[39m[22m
[1m[31m  [96msrc/app/app.component.ts[0m:[93m7[0m:[93m16[0m[39m[22m
[1m[31m    [7m7[0m   templateUrl: './app.component.html',[39m[22m
[1m[31m    [7m [0m [96m               ~~~~~~~~~~~~~~~~~~~~~~[0m[39m[22m
[1m[31m    Error occurs in the template of component AppComponent.[39m[22m
[1m[31m[39m[22m
[1m[31m[39m[22m
[1m[31m[39m[22m
[37m[39m
[37m[91m√ó[39m[37m Failed to compile.[39m
[36m‚†ã[39m Generating browser application bundles...[2K[1G[36m‚†ô[39m Generating browser application bundles (phase: building)...[2K[1G[36m‚†π[39m Generating browser application bundles (phase: sealing)...[2K[1G[36m‚†∏[39m Generating browser application bundles (phase: emitting)...[2K[1G[32m‚úî[39m Browser application bundle generation complete.
[37m[39m
[37m[0m[1mInitial Chunk Files[22m[2m | [22m[1mNames[22m  [2m | [22m [1mRaw Size[22m[0m[39m
[37m[0m[92mmain.js[39m[37m            [2m | [22mmain   [2m | [22m[96m153.04 kB[39m[37m[2m | [22m[0m[39m
[37m[0m[92mruntime.js[39m[37m         [2m | [22mruntime[2m | [22m [96m12.65 kB[39m[37m[2m | [22m[0m[39m
[37m[0m[0m[39m
[37m[0m4 unchanged chunks[0m[39m
[37m[0m[0m[39m
[37m[0mBuild at: [1m[37m2023-10-21T18:20:04.419Z[39m[37m[22m - Hash: [1m[37me2821db109ac8e59[39m[37m[22m - Time: [1m[37m435[39m[37m[22mms[0m[39m
[37m[39m
[37m[92m‚àö[39m[37m Compiled successfully.[39m
[36m‚†ã[39m Generating browser application bundles...[2K[1G[36m‚†ô[39m Generating browser application bundles (phase: building)...[2K[1G[36m‚†π[39m Generating browser application bundles (phase: building)...[2K[1G[36m‚†∏[39m Generating browser application bundles (phase: sealing)...[2K[1G[32m‚úî[39m Browser application bundle generation complete.
[37m[39m
[37m[0m[1mInitial Chunk Files[22m[2m | [22m[1mNames[22m  [2m | [22m [1mRaw Size[22m[0m[39m
[37m[0m[92mmain.js[39m[37m            [2m | [22mmain   [2m | [22m[96m153.05 kB[39m[37m[2m | [22m[0m[39m
[37m[0m[92mruntime.js[39m[37m         [2m | [22mruntime[2m | [22m [96m12.65 kB[39m[37m[2m | [22m[0m[39m
[37m[0m[0m[39m
[37m[0m4 unchanged chunks[0m[39m
[37m[0m[0m[39m
[37m[0mBuild at: [1m[37m2023-10-21T18:20:15.693Z[39m[37m[22m - Hash: [1m[37m6d61d7ad42d89169[39m[37m[22m - Time: [1m[37m568[39m[37m[22mms[0m[39m
[1m[31m[39m[22m
[1m[31m[0m[91mError: [39m[31m[0m[96msrc/app/app.component.ts[0m:[93m17[0m:[93m5[0m - [91merror[0m[90m TS2304: [0mCannot find name 'au'.[39m[22m
[1m[31m[39m[22m
[1m[31m[7m17[0m     au[39m[22m
[1m[31m[7m  [0m [91m    ~~[0m[39m[22m
[1m[31m[39m[22m
[1m[31m[39m[22m
[1m[31m[39m[22m
[37m[39m
[37m[91m√ó[39m[37m Failed to compile.[39m
[36m‚†ã[39m Generating browser application bundles...[2K[1G[36m‚†ô[39m Generating browser application bundles (phase: building)...[2K[1G[36m‚†π[39m Generating browser application bundles (phase: building)...[2K[1G[36m‚†∏[39m Generating browser application bundles (phase: sealing)...[2K[1G[32m‚úî[39m Browser application bundle generation complete.
[37m[39m
[37m[0m[1mInitial Chunk Files[22m[2m | [22m[1mNames[22m  [2m | [22m [1mRaw Size[22m[0m[39m
[37m[0m[92mmain.js[39m[37m            [2m | [22mmain   [2m | [22m[96m154.64 kB[39m[37m[2m | [22m[0m[39m
[37m[0m[92mruntime.js[39m[37m         [2m | [22mruntime[2m | [22m [96m12.65 kB[39m[37m[2m | [22m[0m[39m
[37m[0m[0m[39m
[37m[0m4 unchanged chunks[0m[39m
[37m[0m[0m[39m
[37m[0mBuild at: [1m[37m2023-10-21T18:20:16.762Z[39m[37m[22m - Hash: [1m[37mb86cd39d20735ec2[39m[37m[22m - Time: [1m[37m429[39m[37m[22mms[0m[39m
[1m[31m[39m[22m
[1m[31m[0m[36m./src/app/app.component.ts[39m[31m[0m - [0m[91mError: [39m[31m[0mModule build failed (from ./node_modules/@angular-devkit/build-angular/src/tools/babel/webpack-loader.js):[39m[22m
[1m[31mSyntaxError: C:\Users\sinan\Desktop\apps\kafe-uygulamasƒ±\frontend\kafe-uygulamasi\src\app\app.component.ts: Unexpected token (30:8)[39m[22m
[1m[31m[39m[22m
[1m[31m[0m [90m 28 |[39m[31m     ngOnInit() {[0m[39m[22m
[1m[31m[0m [90m 29 |[39m[31m         [36mthis[39m[31m[33m.[39m[31mauthService[33m.[39m[31m[0m[39m[22m
[1m[31m[0m[31m[1m>[22m[1m[39m[31m[90m 30 |[39m[31m         [33m;[39m[31m[0m[39m[22m
[1m[31m[0m [90m    |[39m[31m         [31m[1m^[22m[1m[39m[31m[0m[39m[22m
[1m[31m[0m [90m 31 |[39m[31m     }[0m[39m[22m
[1m[31m[0m [90m 32 |[39m[31m     handleSidebar(val) {[0m[39m[22m
[1m[31m[0m [90m 33 |[39m[31m         [36mthis[39m[31m[33m.[39m[31misSidebarOpen [33m=[39m[31m val[33m;[39m[31m[0m[39m[22m
[1m[31m[39m[22m
[1m[31m[0m[91mError: [39m[31m[0m[96msrc/app/app.component.ts[0m:[93m18[0m:[93m3[0m - [91merror[0m[90m TS1003: [0mIdentifier expected.[39m[22m
[1m[31m[39m[22m
[1m[31m[7m18[0m   }[39m[22m
[1m[31m[7m  [0m [91m  ~[0m[39m[22m
[1m[31m[39m[22m
[1m[31m[39m[22m
[1m[31m[39m[22m
[37m[39m
[37m[91m√ó[39m[37m Failed to compile.[39m
[36m‚†ã[39m Generating browser application bundles...[2K[1G[36m‚†ô[39m Generating browser application bundles (phase: building)...[2K[1G[36m‚†π[39m Generating browser application bundles (phase: building)...[2K[1G[36m‚†∏[39m Generating browser application bundles (phase: sealing)...[2K[1G[36m‚†º[39m Generating browser application bundles (phase: emitting)...[2K[1G[32m‚úî[39m Browser application bundle generation complete.
[37m[39m
[37m[0m[1mInitial Chunk Files[22m[2m | [22m[1mNames[22m  [2m | [22m [1mRaw Size[22m[0m[39m
[37m[0m[92mmain.js[39m[37m            [2m | [22mmain   [2m | [22m[96m153.07 kB[39m[37m[2m | [22m[0m[39m
[37m[0m[92mruntime.js[39m[37m         [2m | [22mruntime[2m | [22m [96m12.65 kB[39m[37m[2m | [22m[0m[39m
[37m[0m[0m[39m
[37m[0m4 unchanged chunks[0m[39m
[37m[0m[0m[39m
[37m[0mBuild at: [1m[37m2023-10-21T18:20:18.782Z[39m[37m[22m - Hash: [1m[37m435cb71f48161683[39m[37m[22m - Time: [1m[37m419[39m[37m[22mms[0m[39m
[37m[39m
[37m[92m‚àö[39m[37m Compiled successfully.[39m
[36m‚†ã[39m Generating browser application bundles...[2K[1G[36m‚†ô[39m Generating browser application bundles (phase: building)...[2K[1G[36m‚†π[39m Generating browser application bundles (phase: sealing)...[2K[1G[36m‚†∏[39m Generating browser application bundles (phase: emitting)...[2K[1G[32m‚úî[39m Browser application bundle generation complete.
[37m[39m
[37m[0m[1mInitial Chunk Files[22m[2m | [22m[1mNames[22m  [2m | [22m [1mRaw Size[22m[0m[39m
[37m[0m[92mmain.js[39m[37m            [2m | [22mmain   [2m | [22m[96m153.09 kB[39m[37m[2m | [22m[0m[39m
[37m[0m[92mruntime.js[39m[37m         [2m | [22mruntime[2m | [22m [96m12.65 kB[39m[37m[2m | [22m[0m[39m
[37m[0m[0m[39m
[37m[0m4 unchanged chunks[0m[39m
[37m[0m[0m[39m
[37m[0mBuild at: [1m[37m2023-10-21T18:20:22.241Z[39m[37m[22m - Hash: [1m[37mcc1e9116aabbfc89[39m[37m[22m - Time: [1m[37m393[39m[37m[22mms[0m[39m
[37m[39m
[37m[92m‚àö[39m[37m Compiled successfully.[39m
[36m‚†ã[39m Generating browser application bundles...[2K[1G[36m‚†ô[39m Generating browser application bundles (phase: building)...[2K[1G[36m‚†π[39m Generating browser application bundles (phase: building)...[2K[1G[36m‚†∏[39m Generating browser application bundles (phase: emitting)...[2K[1G[32m‚úî[39m Browser application bundle generation complete.
[37m[39m
[37m[0m[1mInitial Chunk Files[22m[2m | [22m[1mNames[22m  [2m | [22m [1mRaw Size[22m[0m[39m
[37m[0m[92mmain.js[39m[37m            [2m | [22mmain   [2m | [22m[96m153.11 kB[39m[37m[2m | [22m[0m[39m
[37m[0m[92mruntime.js[39m[37m         [2m | [22mruntime[2m | [22m [96m12.65 kB[39m[37m[2m | [22m[0m[39m
[37m[0m[0m[39m
[37m[0m4 unchanged chunks[0m[39m
[37m[0m[0m[39m
[37m[0mBuild at: [1m[37m2023-10-21T18:20:40.778Z[39m[37m[22m - Hash: [1m[37m13282d82d64305d8[39m[37m[22m - Time: [1m[37m505[39m[37m[22mms[0m[39m
[37m[39m
[37m[92m‚àö[39m[37m Compiled successfully.[39m
[36m‚†ã[39m Generating browser application bundles...[2K[1G[36m‚†ô[39m Generating browser application bundles (phase: building)...[2K[1G[36m‚†π[39m Generating browser application bundles (phase: building)...[2K[1G[36m‚†∏[39m Generating browser application bundles (phase: building)...[2K[1G[36m‚†º[39m Generating browser application bundles (phase: building)...[2K[1G[36m‚†¥[39m Generating browser application bundles (phase: building)...[2K[1G[36m‚†¶[39m Generating browser application bundles (phase: sealing)...[2K[1G[32m‚úî[39m Browser application bundle generation complete.
[37m[39m
[37m[0m[1mInitial Chunk Files[22m[2m | [22m[1mNames[22m  [2m | [22m [1mRaw Size[22m[0m[39m
[37m[0m[92mmain.js[39m[37m            [2m | [22mmain   [2m | [22m[96m153.04 kB[39m[37m[2m | [22m[0m[39m
[37m[0m[92mruntime.js[39m[37m         [2m | [22mruntime[2m | [22m [96m12.65 kB[39m[37m[2m | [22m[0m[39m
[37m[0m[0m[39m
[37m[0m4 unchanged chunks[0m[39m
[37m[0m[0m[39m
[37m[0mBuild at: [1m[37m2023-10-21T18:21:56.875Z[39m[37m[22m - Hash: [1m[37mf2dc8809ce564ce6[39m[37m[22m - Time: [1m[37m1279[39m[37m[22mms[0m[39m
[1m[31m[39m[22m
[1m[31m[0m[91mError: [39m[31m[0m[96msrc/app/app.component.ts[0m:[93m10[0m:[93m14[0m - [91merror[0m[90m TS2420: [0mClass 'AppComponent' incorrectly implements interface 'OnInit'.[39m[22m
[1m[31m  Property 'ngOnInit' is missing in type 'AppComponent' but required in type 'OnInit'.[39m[22m
[1m[31m[39m[22m
[1m[31m[7m10[0m export class AppComponent implements OnInit {[39m[22m
[1m[31m[7m  [0m [91m             ~~~~~~~~~~~~[0m[39m[22m
[1m[31m[39m[22m
[1m[31m  [96mnode_modules/@angular/core/index.d.ts[0m:[93m6453[0m:[93m5[0m[39m[22m
[1m[31m    [7m6453[0m     ngOnInit(): void;[39m[22m
[1m[31m    [7m    [0m [96m    ~~~~~~~~~~~~~~~~~[0m[39m[22m
[1m[31m    'ngOnInit' is declared here.[39m[22m
[1m[31m[39m[22m
[1m[31m[39m[22m
[1m[31m[39m[22m
[37m[39m
[37m[91m√ó[39m[37m Failed to compile.[39m
[36m‚†ã[39m Generating browser application bundles...[2K[1G[36m‚†ô[39m Generating browser application bundles (phase: building)...[2K[1G[36m‚†π[39m Generating browser application bundles (phase: building)...[2K[1G[36m‚†∏[39m Generating browser application bundles (phase: sealing)...[2K[1G[36m‚†º[39m Generating browser application bundles (phase: emitting)...[2K[1G[32m‚úî[39m Browser application bundle generation complete.
[37m[39m
[37m[0m[1mInitial Chunk Files[22m[2m | [22m[1mNames[22m  [2m | [22m [1mRaw Size[22m[0m[39m
[37m[0m[92mmain.js[39m[37m            [2m | [22mmain   [2m | [22m[96m153.04 kB[39m[37m[2m | [22m[0m[39m
[37m[0m[92mruntime.js[39m[37m         [2m | [22mruntime[2m | [22m [96m12.65 kB[39m[37m[2m | [22m[0m[39m
[37m[0m[0m[39m
[37m[0m4 unchanged chunks[0m[39m
[37m[0m[0m[39m
[37m[0mBuild at: [1m[37m2023-10-21T18:21:59.833Z[39m[37m[22m - Hash: [1m[37m596a50055f54862a[39m[37m[22m - Time: [1m[37m644[39m[37m[22mms[0m[39m
[37m[39m
[37m[92m‚àö[39m[37m Compiled successfully.[39m
[36m‚†ã[39m Generating browser application bundles...[2K[1G[36m‚†ô[39m Generating browser application bundles (phase: building)...[2K[1G[36m‚†π[39m Generating browser application bundles (phase: building)...[2K[1G[36m‚†∏[39m Generating browser application bundles (phase: building)...[2K[1G[36m‚†º[39m Generating browser application bundles (phase: sealing)...[2K[1G[36m‚†¥[39m Generating browser application bundles (phase: emitting)...[2K[1G[32m‚úî[39m Browser application bundle generation complete.
[37m[39m
[37m[0m[1mInitial Chunk Files[22m[2m | [22m[1mNames[22m  [2m | [22m [1mRaw Size[22m[0m[39m
[37m[0m[92mmain.js[39m[37m            [2m | [22mmain   [2m | [22m[96m153.04 kB[39m[37m[2m | [22m[0m[39m
[37m[0m[92mruntime.js[39m[37m         [2m | [22mruntime[2m | [22m [96m12.65 kB[39m[37m[2m | [22m[0m[39m
[37m[0m[0m[39m
[37m[0m4 unchanged chunks[0m[39m
[37m[0m[0m[39m
[37m[0mBuild at: [1m[37m2023-10-21T18:22:00.546Z[39m[37m[22m - Hash: [1m[37m3f6f949ea7b5cce6[39m[37m[22m - Time: [1m[37m639[39m[37m[22mms[0m[39m
[37m[39m
[37m[92m‚àö[39m[37m Compiled successfully.[39m
[36m‚†ã[39m Generating browser application bundles...[2K[1G[36m‚†ô[39m Generating browser application bundles (phase: building)...[2K[1G[36m‚†π[39m Generating browser application bundles (phase: building)...[2K[1G[36m‚†∏[39m Generating browser application bundles (phase: building)...[2K[1G[36m‚†º[39m Generating browser application bundles (phase: sealing)...[2K[1G[32m‚úî[39m Browser application bundle generation complete.
[37m[39m
[37m[0m[1mInitial Chunk Files[22m                   [2m | [22m[1mNames[22m                   [2m | [22m[1mRaw Size[22m[0m[39m
[37m[0m[92mruntime.js[39m[37m                            [2m | [22mruntime                 [2m | [22m[96m12.65 kB[39m[37m[2m | [22m[0m[39m
[37m[0m[0m[39m
[37m[0m[1mLazy Chunk Files[22m                      [2m | [22m[1mNames[22m                   [2m | [22m[1mRaw Size[22m[0m[39m
[37m[0m[92msrc_app_pages_login_login_module_ts.js[39m[37m[2m | [22mpages-login-login-module[2m | [22m[96m22.67 kB[39m[37m[2m | [22m[0m[39m
[37m[0m[0m[39m
[37m[0m4 unchanged chunks[0m[39m
[37m[0m[0m[39m
[37m[0mBuild at: [1m[37m2023-10-21T18:22:43.284Z[39m[37m[22m - Hash: [1m[37me752d9f5599ddcac[39m[37m[22m - Time: [1m[37m635[39m[37m[22mms[0m[39m
[1m[31m[39m[22m
[1m[31m[0m[36m./src/app/pages/login/components/login.component.ts[39m[31m[0m - [0m[91mError: [39m[31m[0mModule build failed (from ./node_modules/@angular-devkit/build-angular/src/tools/babel/webpack-loader.js):[39m[22m
[1m[31mSyntaxError: C:\Users\sinan\Desktop\apps\kafe-uygulamasƒ±\frontend\kafe-uygulamasi\src\app\pages\login\components\login.component.ts: Unexpected token (38:8)[39m[22m
[1m[31m[39m[22m
[1m[31m[0m [90m 36 |[39m[31m         [36mthis[39m[31m[33m.[39m[31mloading [33m=[39m[31m [36mtrue[39m[31m[33m;[39m[31m[0m[39m[22m
[1m[31m[0m [90m 37 |[39m[31m         [36mthis[39m[31m[33m.[39m[31mauthService[33m.[39m[31mlogin(user[33m.[39m[31musername[33m,[39m[31m user[33m.[39m[31mpassword)[33m.[39m[31m[0m[39m[22m
[1m[31m[0m[31m[1m>[22m[1m[39m[31m[90m 38 |[39m[31m         [33m;[39m[31m[0m[39m[22m
[1m[31m[0m [90m    |[39m[31m         [31m[1m^[22m[1m[39m[31m[0m[39m[22m
[1m[31m[0m [90m 39 |[39m[31m         [90m// this.authService.doLogin(user).subscribe({[39m[31m[0m[39m[22m
[1m[31m[0m [90m 40 |[39m[31m         [90m//   next: (res) => {[39m[31m[0m[39m[22m
[1m[31m[0m [90m 41 |[39m[31m         [90m//     res = res as LoginResponse;[39m[31m[0m[39m[22m
[1m[31m[39m[22m
[1m[31m[0m[91mError: [39m[31m[0m[96msrc/app/pages/login/components/login.component.ts[0m:[93m48[0m:[93m3[0m - [91merror[0m[90m TS1003: [0mIdentifier expected.[39m[22m
[1m[31m[39m[22m
[1m[31m[7m48[0m   }[39m[22m
[1m[31m[7m  [0m [91m  ~[0m[39m[22m
[1m[31m[39m[22m
[1m[31m[39m[22m
[1m[31m[39m[22m
[37m[39m
[37m[91m√ó[39m[37m Failed to compile.[39m
[36m‚†ã[39m Generating browser application bundles...[2K[1G[36m‚†ô[39m Generating browser application bundles (phase: building)...[2K[1G[36m‚†π[39m Generating browser application bundles (phase: building)...[2K[1G[36m‚†∏[39m Generating browser application bundles (phase: sealing)...[2K[1G[36m‚†º[39m Generating browser application bundles (phase: emitting)...[2K[1G[32m‚úî[39m Browser application bundle generation complete.
[37m[39m
[37m[0m[1mInitial Chunk Files[22m                   [2m | [22m[1mNames[22m                   [2m | [22m[1mRaw Size[22m[0m[39m
[37m[0m[92mruntime.js[39m[37m                            [2m | [22mruntime                 [2m | [22m[96m12.65 kB[39m[37m[2m | [22m[0m[39m
[37m[0m[0m[39m
[37m[0m[1mLazy Chunk Files[22m                      [2m | [22m[1mNames[22m                   [2m | [22m[1mRaw Size[22m[0m[39m
[37m[0m[92msrc_app_pages_login_login_module_ts.js[39m[37m[2m | [22mpages-login-login-module[2m | [22m[96m24.75 kB[39m[37m[2m | [22m[0m[39m
[37m[0m[0m[39m
[37m[0m4 unchanged chunks[0m[39m
[37m[0m[0m[39m
[37m[0mBuild at: [1m[37m2023-10-21T18:22:44.553Z[39m[37m[22m - Hash: [1m[37m3f6f949ea7b5cce6[39m[37m[22m - Time: [1m[37m437[39m[37m[22mms[0m[39m
[37m[39m
[37m[92m‚àö[39m[37m Compiled successfully.[39m
[36m‚†ã[39m Generating browser application bundles...[2K[1G[36m‚†ô[39m Generating browser application bundles (phase: building)...[2K[1G[36m‚†π[39m Generating browser application bundles (phase: building)...[2K[1G[36m‚†∏[39m Generating browser application bundles (phase: building)...[2K[1G[36m‚†º[39m Generating browser application bundles (phase: sealing)...[2K[1G[36m‚†¥[39m Generating browser application bundles (phase: emitting)...[2K[1G[32m‚úî[39m Browser application bundle generation complete.
[37m[39m
[37m[0m[1mInitial Chunk Files[22m[2m | [22m[1mNames[22m  [2m | [22m [1mRaw Size[22m[0m[39m
[37m[0m[92mmain.js[39m[37m            [2m | [22mmain   [2m | [22m[96m153.05 kB[39m[37m[2m | [22m[0m[39m
[37m[0m[92mruntime.js[39m[37m         [2m | [22mruntime[2m | [22m [96m12.65 kB[39m[37m[2m | [22m[0m[39m
[37m[0m[0m[39m
[37m[0m4 unchanged chunks[0m[39m
[37m[0m[0m[39m
[37m[0mBuild at: [1m[37m2023-10-21T18:23:23.060Z[39m[37m[22m - Hash: [1m[37m66367721551f06ca[39m[37m[22m - Time: [1m[37m709[39m[37m[22mms[0m[39m
[37m[39m
[37m[92m‚àö[39m[37m Compiled successfully.[39m
[36m‚†ã[39m Generating browser application bundles...[2K[1G[36m‚†ô[39m Generating browser application bundles (phase: building)...[2K[1G[36m‚†π[39m Generating browser application bundles (phase: sealing)...[2K[1G[32m‚úî[39m Browser application bundle generation complete.
[37m[39m
[37m[0m[1mInitial Chunk Files[22m                   [2m | [22m[1mNames[22m                   [2m | [22m[1mRaw Size[22m[0m[39m
[37m[0m[92mruntime.js[39m[37m                            [2m | [22mruntime                 [2m | [22m[96m12.65 kB[39m[37m[2m | [22m[0m[39m
[37m[0m[0m[39m
[37m[0m[1mLazy Chunk Files[22m                      [2m | [22m[1mNames[22m                   [2m | [22m[1mRaw Size[22m[0m[39m
[37m[0m[92msrc_app_pages_login_login_module_ts.js[39m[37m[2m | [22mpages-login-login-module[2m | [22m[96m22.67 kB[39m[37m[2m | [22m[0m[39m
[37m[0m[0m[39m
[37m[0m4 unchanged chunks[0m[39m
[37m[0m[0m[39m
[37m[0mBuild at: [1m[37m2023-10-21T18:23:41.429Z[39m[37m[22m - Hash: [1m[37mf92a7d7c3b2a7128[39m[37m[22m - Time: [1m[37m339[39m[37m[22mms[0m[39m
[1m[31m[39m[22m
[1m[31m[0m[36m./src/app/pages/login/components/login.component.ts[39m[31m[0m - [0m[91mError: [39m[31m[0mModule build failed (from ./node_modules/@angular-devkit/build-angular/src/tools/babel/webpack-loader.js):[39m[22m
[1m[31mSyntaxError: C:\Users\sinan\Desktop\apps\kafe-uygulamasƒ±\frontend\kafe-uygulamasi\src\app\pages\login\components\login.component.ts: Unexpected token (38:8)[39m[22m
[1m[31m[39m[22m
[1m[31m[0m [90m 36 |[39m[31m         [36mthis[39m[31m[33m.[39m[31mloading [33m=[39m[31m [36mtrue[39m[31m[33m;[39m[31m[0m[39m[22m
[1m[31m[0m [90m 37 |[39m[31m         [36mthis[39m[31m[33m.[39m[31mauthService[33m.[39m[31mlogin(user[33m.[39m[31musername[33m,[39m[31m user[33m.[39m[31mpassword)[33m.[39m[31m[0m[39m[22m
[1m[31m[0m[31m[1m>[22m[1m[39m[31m[90m 38 |[39m[31m         [33m;[39m[31m[0m[39m[22m
[1m[31m[0m [90m    |[39m[31m         [31m[1m^[22m[1m[39m[31m[0m[39m[22m
[1m[31m[0m [90m 39 |[39m[31m         [90m// this.authService.doLogin(user).subscribe({[39m[31m[0m[39m[22m
[1m[31m[0m [90m 40 |[39m[31m         [90m//   next: (res) => {[39m[31m[0m[39m[22m
[1m[31m[0m [90m 41 |[39m[31m         [90m//     res = res as LoginResponse;[39m[31m[0m[39m[22m
[1m[31m[39m[22m
[1m[31m[0m[91mError: [39m[31m[0m[96msrc/app/pages/login/components/login.component.ts[0m:[93m48[0m:[93m3[0m - [91merror[0m[90m TS1003: [0mIdentifier expected.[39m[22m
[1m[31m[39m[22m
[1m[31m[7m48[0m   }[39m[22m
[1m[31m[7m  [0m [91m  ~[0m[39m[22m
[1m[31m[39m[22m
[1m[31m[39m[22m
[1m[31m[39m[22m
[37m[39m
[37m[91m√ó[39m[37m Failed to compile.[39m
[36m‚†ã[39m Generating browser application bundles...[2K[1G[36m‚†ô[39m Generating browser application bundles (phase: building)...[2K[1G[36m‚†π[39m Generating browser application bundles (phase: building)...[2K[1G[36m‚†∏[39m Generating browser application bundles (phase: sealing)...[2K[1G[36m‚†º[39m Generating browser application bundles (phase: emitting)...[2K[1G[32m‚úî[39m Browser application bundle generation complete.
[37m[39m
[37m[0m[1mInitial Chunk Files[22m                   [2m | [22m[1mNames[22m                   [2m | [22m[1mRaw Size[22m[0m[39m
[37m[0m[92mruntime.js[39m[37m                            [2m | [22mruntime                 [2m | [22m[96m12.65 kB[39m[37m[2m | [22m[0m[39m
[37m[0m[0m[39m
[37m[0m[1mLazy Chunk Files[22m                      [2m | [22m[1mNames[22m                   [2m | [22m[1mRaw Size[22m[0m[39m
[37m[0m[92msrc_app_pages_login_login_module_ts.js[39m[37m[2m | [22mpages-login-login-module[2m | [22m[96m24.75 kB[39m[37m[2m | [22m[0m[39m
[37m[0m[0m[39m
[37m[0m4 unchanged chunks[0m[39m
[37m[0m[0m[39m
[37m[0mBuild at: [1m[37m2023-10-21T18:23:44.069Z[39m[37m[22m - Hash: [1m[37m66367721551f06ca[39m[37m[22m - Time: [1m[37m522[39m[37m[22mms[0m[39m
[37m[39m
[37m[92m‚àö[39m[37m Compiled successfully.[39m
[36m‚†ã[39m Generating browser application bundles...[2K[1G[36m‚†ô[39m Generating browser application bundles (phase: building)...[2K[1G[36m‚†π[39m Generating browser application bundles (phase: building)...[2K[1G[36m‚†∏[39m Generating browser application bundles (phase: sealing)...[2K[1G[36m‚†º[39m Generating browser application bundles (phase: emitting)...[2K[1G[32m‚úî[39m Browser application bundle generation complete.
[37m[39m
[37m[0m[1mInitial Chunk Files[22m[2m | [22m[1mNames[22m  [2m | [22m [1mRaw Size[22m[0m[39m
[37m[0m[92mmain.js[39m[37m            [2m | [22mmain   [2m | [22m[96m153.05 kB[39m[37m[2m | [22m[0m[39m
[37m[0m[92mruntime.js[39m[37m         [2m | [22mruntime[2m | [22m [96m12.65 kB[39m[37m[2m | [22m[0m[39m
[37m[0m[0m[39m
[37m[0m4 unchanged chunks[0m[39m
[37m[0m[0m[39m
[37m[0mBuild at: [1m[37m2023-10-21T18:24:28.722Z[39m[37m[22m - Hash: [1m[37m79bb2eb6c81d0bf6[39m[37m[22m - Time: [1m[37m612[39m[37m[22mms[0m[39m
[37m[39m
[37m[92m‚àö[39m[37m Compiled successfully.[39m
[36m‚†ã[39m Generating browser application bundles...[2K[1G[36m‚†ô[39m Generating browser application bundles (phase: building)...[2K[1G[36m‚†π[39m Generating browser application bundles (phase: sealing)...[2K[1G[32m‚úî[39m Browser application bundle generation complete.
[37m[39m
[37m[0m[1mInitial Chunk Files[22m[2m | [22m[1mNames[22m  [2m | [22m [1mRaw Size[22m[0m[39m
[37m[0m[92mmain.js[39m[37m            [2m | [22mmain   [2m | [22m[96m153.05 kB[39m[37m[2m | [22m[0m[39m
[37m[0m[92mruntime.js[39m[37m         [2m | [22mruntime[2m | [22m [96m12.65 kB[39m[37m[2m | [22m[0m[39m
[37m[0m[0m[39m
[37m[0m4 unchanged chunks[0m[39m
[37m[0m[0m[39m
[37m[0mBuild at: [1m[37m2023-10-21T18:24:33.480Z[39m[37m[22m - Hash: [1m[37m078f4a8481f4ec8c[39m[37m[22m - Time: [1m[37m402[39m[37m[22mms[0m[39m
[1m[31m[39m[22m
[1m[31m[0m[91mError: [39m[31m[0m[96mpackages/core/src/lib/services/auth.service.ts[0m:[93m30[0m:[93m3[0m - [91merror[0m[90m TS7008: [0mMember 'setValu' implicitly has an 'any' type.[39m[22m
[1m[31m[39m[22m
[1m[31m[7m30[0m   setValu[39m[22m
[1m[31m[7m  [0m [91m  ~~~~~~~[0m[39m[22m
[1m[31m[39m[22m
[1m[31m[39m[22m
[1m[31m[39m[22m
[37m[39m
[37m[91m√ó[39m[37m Failed to compile.[39m
[36m‚†ã[39m Generating browser application bundles...[2K[1G[36m‚†ô[39m Generating browser application bundles (phase: building)...[2K[1G[36m‚†π[39m Generating browser application bundles (phase: sealing)...[2K[1G[36m‚†∏[39m Generating browser application bundles (phase: emitting)...[2K[1G[32m‚úî[39m Browser application bundle generation complete.
[37m[39m
[37m[0m[1mInitial Chunk Files[22m[2m | [22m[1mNames[22m  [2m | [22m [1mRaw Size[22m[0m[39m
[37m[0m[92mmain.js[39m[37m            [2m | [22mmain   [2m | [22m[96m153.08 kB[39m[37m[2m | [22m[0m[39m
[37m[0m[92mruntime.js[39m[37m         [2m | [22mruntime[2m | [22m [96m12.65 kB[39m[37m[2m | [22m[0m[39m
[37m[0m[0m[39m
[37m[0m4 unchanged chunks[0m[39m
[37m[0m[0m[39m
[37m[0mBuild at: [1m[37m2023-10-21T18:24:41.007Z[39m[37m[22m - Hash: [1m[37m0a0fa7b9435cda62[39m[37m[22m - Time: [1m[37m480[39m[37m[22mms[0m[39m
[37m[39m
[37m[92m‚àö[39m[37m Compiled successfully.[39m
[36m‚†ã[39m Generating browser application bundles...[2K[1G[36m‚†ô[39m Generating browser application bundles (phase: building)...[2K[1G[36m‚†π[39m Generating browser application bundles (phase: sealing)...[2K[1G[32m‚úî[39m Browser application bundle generation complete.
[37m[39m
[37m[0m[1mInitial Chunk Files[22m[2m | [22m[1mNames[22m  [2m | [22m [1mRaw Size[22m[0m[39m
[37m[0m[92mmain.js[39m[37m            [2m | [22mmain   [2m | [22m[96m153.07 kB[39m[37m[2m | [22m[0m[39m
[37m[0m[92mruntime.js[39m[37m         [2m | [22mruntime[2m | [22m [96m12.65 kB[39m[37m[2m | [22m[0m[39m
[37m[0m[0m[39m
[37m[0m4 unchanged chunks[0m[39m
[37m[0m[0m[39m
[37m[0mBuild at: [1m[37m2023-10-21T18:24:45.238Z[39m[37m[22m - Hash: [1m[37mb616611453c40b6b[39m[37m[22m - Time: [1m[37m433[39m[37m[22mms[0m[39m
[1m[31m[39m[22m
[1m[31m[0m[91mError: [39m[31m[0m[96mpackages/core/src/lib/services/auth.service.ts[0m:[93m29[0m:[93m41[0m - [91merror[0m[90m TS2304: [0mCannot find name 'res'.[39m[22m
[1m[31m[39m[22m
[1m[31m[7m29[0m     localStorage.setItem('accessToken', res.accessToken);[39m[22m
[1m[31m[7m  [0m [91m                                        ~~~[0m[39m[22m
[1m[31m[39m[22m
[1m[31m[39m[22m
[1m[31m[0m[91mError: [39m[31m[0m[96mpackages/core/src/lib/services/auth.service.ts[0m:[93m30[0m:[93m42[0m - [91merror[0m[90m TS2304: [0mCannot find name 'res'.[39m[22m
[1m[31m[39m[22m
[1m[31m[7m30[0m     localStorage.setItem('refreshToken', res.refreshToken);[39m[22m
[1m[31m[7m  [0m [91m                                         ~~~[0m[39m[22m
[1m[31m[39m[22m
[1m[31m[39m[22m
[1m[31m[0m[91mError: [39m[31m[0m[96mpackages/core/src/lib/services/auth.service.ts[0m:[93m31[0m:[93m55[0m - [91merror[0m[90m TS2304: [0mCannot find name 'res'.[39m[22m
[1m[31m[39m[22m
[1m[31m[7m31[0m     this.userSubject.next(this.jwtDecoder.decodeToken(res.accessToken));[39m[22m
[1m[31m[7m  [0m [91m                                                      ~~~[0m[39m[22m
[1m[31m[39m[22m
[1m[31m[39m[22m
[1m[31m[39m[22m
[37m[39m
[37m[91m√ó[39m[37m Failed to compile.[39m
[36m‚†ã[39m Generating browser application bundles...[2K[1G[36m‚†ô[39m Generating browser application bundles (phase: building)...[2K[1G[36m‚†π[39m Generating browser application bundles (phase: building)...[2K[1G[32m‚úî[39m Browser application bundle generation complete.
[37m[39m
[37m[0m[1mInitial Chunk Files[22m[2m | [22m[1mNames[22m  [2m | [22m [1mRaw Size[22m[0m[39m
[37m[0m[92mmain.js[39m[37m            [2m | [22mmain   [2m | [22m[96m153.08 kB[39m[37m[2m | [22m[0m[39m
[37m[0m[92mruntime.js[39m[37m         [2m | [22mruntime[2m | [22m [96m12.65 kB[39m[37m[2m | [22m[0m[39m
[37m[0m[0m[39m
[37m[0m4 unchanged chunks[0m[39m
[37m[0m[0m[39m
[37m[0mBuild at: [1m[37m2023-10-21T18:24:53.600Z[39m[37m[22m - Hash: [1m[37mc204c57c62a188bd[39m[37m[22m - Time: [1m[37m435[39m[37m[22mms[0m[39m
[1m[31m[39m[22m
[1m[31m[0m[91mError: [39m[31m[0m[96mpackages/core/src/lib/services/auth.service.ts[0m:[93m28[0m:[93m39[0m - [91merror[0m[90m TS1110: [0mType expected.[39m[22m
[1m[31m[39m[22m
[1m[31m[7m28[0m   setTokensToLocalStorage(accessToken:){[39m[22m
[1m[31m[7m  [0m [91m                                      ~[0m[39m[22m
[1m[31m[39m[22m
[1m[31m[39m[22m
[1m[31m[0m[91mError: [39m[31m[0m[96mpackages/core/src/lib/services/auth.service.ts[0m:[93m29[0m:[93m41[0m - [91merror[0m[90m TS2304: [0mCannot find name 'res'.[39m[22m
[1m[31m[39m[22m
[1m[31m[7m29[0m     localStorage.setItem('accessToken', res.accessToken);[39m[22m
[1m[31m[7m  [0m [91m                                        ~~~[0m[39m[22m
[1m[31m[39m[22m
[1m[31m[39m[22m
[1m[31m[0m[91mError: [39m[31m[0m[96mpackages/core/src/lib/services/auth.service.ts[0m:[93m30[0m:[93m42[0m - [91merror[0m[90m TS2304: [0mCannot find name 'res'.[39m[22m
[1m[31m[39m[22m
[1m[31m[7m30[0m     localStorage.setItem('refreshToken', res.refreshToken);[39m[22m
[1m[31m[7m  [0m [91m                                         ~~~[0m[39m[22m
[1m[31m[39m[22m
[1m[31m[39m[22m
[1m[31m[0m[91mError: [39m[31m[0m[96mpackages/core/src/lib/services/auth.service.ts[0m:[93m31[0m:[93m55[0m - [91merror[0m[90m TS2304: [0mCannot find name 'res'.[39m[22m
[1m[31m[39m[22m
[1m[31m[7m31[0m     this.userSubject.next(this.jwtDecoder.decodeToken(res.accessToken));[39m[22m
[1m[31m[7m  [0m [91m                                                      ~~~[0m[39m[22m
[1m[31m[39m[22m
[1m[31m[39m[22m
[1m[31m[39m[22m
[37m[39m
[37m[91m√ó[39m[37m Failed to compile.[39m
[36m‚†ã[39m Generating browser application bundles...[2K[1G[36m‚†ô[39m Generating browser application bundles (phase: building)...[2K[1G[36m‚†π[39m Generating browser application bundles (phase: sealing)...[2K[1G[32m‚úî[39m Browser application bundle generation complete.
[37m[39m
[37m[0m[1mInitial Chunk Files[22m[2m | [22m[1mNames[22m  [2m | [22m [1mRaw Size[22m[0m[39m
[37m[0m[92mmain.js[39m[37m            [2m | [22mmain   [2m | [22m[96m153.10 kB[39m[37m[2m | [22m[0m[39m
[37m[0m[92mruntime.js[39m[37m         [2m | [22mruntime[2m | [22m [96m12.65 kB[39m[37m[2m | [22m[0m[39m
[37m[0m[0m[39m
[37m[0m4 unchanged chunks[0m[39m
[37m[0m[0m[39m
[37m[0mBuild at: [1m[37m2023-10-21T18:24:59.965Z[39m[37m[22m - Hash: [1m[37mc915ae04ff736bbc[39m[37m[22m - Time: [1m[37m369[39m[37m[22mms[0m[39m
[1m[31m[39m[22m
[1m[31m[0m[91mError: [39m[31m[0m[96mpackages/core/src/lib/services/auth.service.ts[0m:[93m29[0m:[93m41[0m - [91merror[0m[90m TS2304: [0mCannot find name 'res'.[39m[22m
[1m[31m[39m[22m
[1m[31m[7m29[0m     localStorage.setItem('accessToken', res.accessToken);[39m[22m
[1m[31m[7m  [0m [91m                                        ~~~[0m[39m[22m
[1m[31m[39m[22m
[1m[31m[39m[22m
[1m[31m[0m[91mError: [39m[31m[0m[96mpackages/core/src/lib/services/auth.service.ts[0m:[93m30[0m:[93m42[0m - [91merror[0m[90m TS2304: [0mCannot find name 'res'.[39m[22m
[1m[31m[39m[22m
[1m[31m[7m30[0m     localStorage.setItem('refreshToken', res.refreshToken);[39m[22m
[1m[31m[7m  [0m [91m                                         ~~~[0m[39m[22m
[1m[31m[39m[22m
[1m[31m[39m[22m
[1m[31m[0m[91mError: [39m[31m[0m[96mpackages/core/src/lib/services/auth.service.ts[0m:[93m31[0m:[93m55[0m - [91merror[0m[90m TS2304: [0mCannot find name 'res'.[39m[22m
[1m[31m[39m[22m
[1m[31m[7m31[0m     this.userSubject.next(this.jwtDecoder.decodeToken(res.accessToken));[39m[22m
[1m[31m[7m  [0m [91m                                                      ~~~[0m[39m[22m
[1m[31m[39m[22m
[1m[31m[39m[22m
[1m[31m[39m[22m
[37m[39m
[37m[91m√ó[39m[37m Failed to compile.[39m
[36m‚†ã[39m Generating browser application bundles...[2K[1G[36m‚†ô[39m Generating browser application bundles (phase: building)...[2K[1G[36m‚†π[39m Generating browser application bundles (phase: sealing)...[2K[1G[32m‚úî[39m Browser application bundle generation complete.
[37m[39m
[37m[0m[1mInitial Chunk Files[22m[2m | [22m[1mNames[22m  [2m | [22m [1mRaw Size[22m[0m[39m
[37m[0m[92mmain.js[39m[37m            [2m | [22mmain   [2m | [22m[96m153.09 kB[39m[37m[2m | [22m[0m[39m
[37m[0m[92mruntime.js[39m[37m         [2m | [22mruntime[2m | [22m [96m12.65 kB[39m[37m[2m | [22m[0m[39m
[37m[0m[0m[39m
[37m[0m4 unchanged chunks[0m[39m
[37m[0m[0m[39m
[37m[0mBuild at: [1m[37m2023-10-21T18:25:03.025Z[39m[37m[22m - Hash: [1m[37mf83c5a1a765d5969[39m[37m[22m - Time: [1m[37m433[39m[37m[22mms[0m[39m
[1m[31m[39m[22m
[1m[31m[0m[91mError: [39m[31m[0m[96mpackages/core/src/lib/services/auth.service.ts[0m:[93m30[0m:[93m42[0m - [91merror[0m[90m TS2304: [0mCannot find name 'res'.[39m[22m
[1m[31m[39m[22m
[1m[31m[7m30[0m     localStorage.setItem('refreshToken', res.refreshToken);[39m[22m
[1m[31m[7m  [0m [91m                                         ~~~[0m[39m[22m
[1m[31m[39m[22m
[1m[31m[39m[22m
[1m[31m[0m[91mError: [39m[31m[0m[96mpackages/core/src/lib/services/auth.service.ts[0m:[93m31[0m:[93m55[0m - [91merror[0m[90m TS2304: [0mCannot find name 'res'.[39m[22m
[1m[31m[39m[22m
[1m[31m[7m31[0m     this.userSubject.next(this.jwtDecoder.decodeToken(res.accessToken));[39m[22m
[1m[31m[7m  [0m [91m                                                      ~~~[0m[39m[22m
[1m[31m[39m[22m
[1m[31m[39m[22m
[1m[31m[39m[22m
[37m[39m
[37m[91m√ó[39m[37m Failed to compile.[39m
[36m‚†ã[39m Generating browser application bundles...[2K[1G[36m‚†ô[39m Generating browser application bundles (phase: building)...[2K[1G[36m‚†π[39m Generating browser application bundles (phase: sealing)...[2K[1G[32m‚úî[39m Browser application bundle generation complete.
[37m[39m
[37m[0m[1mInitial Chunk Files[22m[2m | [22m[1mNames[22m  [2m | [22m [1mRaw Size[22m[0m[39m
[37m[0m[92mmain.js[39m[37m            [2m | [22mmain   [2m | [22m[96m153.09 kB[39m[37m[2m | [22m[0m[39m
[37m[0m[92mruntime.js[39m[37m         [2m | [22mruntime[2m | [22m [96m12.65 kB[39m[37m[2m | [22m[0m[39m
[37m[0m[0m[39m
[37m[0m4 unchanged chunks[0m[39m
[37m[0m[0m[39m
[37m[0mBuild at: [1m[37m2023-10-21T18:25:05.049Z[39m[37m[22m - Hash: [1m[37m324d904f8140f74d[39m[37m[22m - Time: [1m[37m326[39m[37m[22mms[0m[39m
[1m[31m[39m[22m
[1m[31m[0m[91mError: [39m[31m[0m[96mpackages/core/src/lib/services/auth.service.ts[0m:[93m31[0m:[93m55[0m - [91merror[0m[90m TS2304: [0mCannot find name 'res'.[39m[22m
[1m[31m[39m[22m
[1m[31m[7m31[0m     this.userSubject.next(this.jwtDecoder.decodeToken(res.accessToken));[39m[22m
[1m[31m[7m  [0m [91m                                                      ~~~[0m[39m[22m
[1m[31m[39m[22m
[1m[31m[39m[22m
[1m[31m[39m[22m
[37m[39m
[37m[91m√ó[39m[37m Failed to compile.[39m
[36m‚†ã[39m Generating browser application bundles...[2K[1G[36m‚†ô[39m Generating browser application bundles (phase: building)...[2K[1G[36m‚†π[39m Generating browser application bundles (phase: sealing)...[2K[1G[36m‚†∏[39m Generating browser application bundles (phase: emitting)...[2K[1G[32m‚úî[39m Browser application bundle generation complete.
[37m[39m
[37m[0m[1mInitial Chunk Files[22m[2m | [22m[1mNames[22m  [2m | [22m [1mRaw Size[22m[0m[39m
[37m[0m[92mmain.js[39m[37m            [2m | [22mmain   [2m | [22m[96m153.09 kB[39m[37m[2m | [22m[0m[39m
[37m[0m[92mruntime.js[39m[37m         [2m | [22mruntime[2m | [22m [96m12.65 kB[39m[37m[2m | [22m[0m[39m
[37m[0m[0m[39m
[37m[0m4 unchanged chunks[0m[39m
[37m[0m[0m[39m
[37m[0mBuild at: [1m[37m2023-10-21T18:25:07.935Z[39m[37m[22m - Hash: [1m[37m77e39804185baa93[39m[37m[22m - Time: [1m[37m420[39m[37m[22mms[0m[39m
[37m[39m
[37m[92m‚àö[39m[37m Compiled successfully.[39m
[36m‚†ã[39m Generating browser application bundles...[2K[1G[36m‚†ô[39m Generating browser application bundles (phase: building)...[2K[1G[36m‚†π[39m Generating browser application bundles (phase: building)...[2K[1G[36m‚†∏[39m Generating browser application bundles (phase: sealing)...[2K[1G[36m‚†º[39m Generating browser application bundles (phase: emitting)...[2K[1G[32m‚úî[39m Browser application bundle generation complete.
[37m[39m
[37m[0m[1mInitial Chunk Files[22m[2m | [22m[1mNames[22m  [2m | [22m [1mRaw Size[22m[0m[39m
[37m[0m[92mmain.js[39m[37m            [2m | [22mmain   [2m | [22m[96m153.07 kB[39m[37m[2m | [22m[0m[39m
[37m[0m[92mruntime.js[39m[37m         [2m | [22mruntime[2m | [22m [96m12.65 kB[39m[37m[2m | [22m[0m[39m
[37m[0m[0m[39m
[37m[0m4 unchanged chunks[0m[39m
[37m[0m[0m[39m
[37m[0mBuild at: [1m[37m2023-10-21T18:25:12.362Z[39m[37m[22m - Hash: [1m[37m67f7fd9c2b655dc8[39m[37m[22m - Time: [1m[37m447[39m[37m[22mms[0m[39m
[37m[39m
[37m[92m‚àö[39m[37m Compiled successfully.[39m
[36m‚†ã[39m Generating browser application bundles...[2K[1G[36m‚†ô[39m Generating browser application bundles (phase: building)...[2K[1G[36m‚†π[39m Generating browser application bundles (phase: building)...[2K[1G[36m‚†∏[39m Generating browser application bundles (phase: sealing)...[2K[1G[36m‚†º[39m Generating browser application bundles (phase: emitting)...[2K[1G[32m‚úî[39m Browser application bundle generation complete.
[37m[39m
[37m[0m[1mInitial Chunk Files[22m[2m | [22m[1mNames[22m  [2m | [22m [1mRaw Size[22m[0m[39m
[37m[0m[92mmain.js[39m[37m            [2m | [22mmain   [2m | [22m[96m153.07 kB[39m[37m[2m | [22m[0m[39m
[37m[0m[92mruntime.js[39m[37m         [2m | [22mruntime[2m | [22m [96m12.65 kB[39m[37m[2m | [22m[0m[39m
[37m[0m[0m[39m
[37m[0m4 unchanged chunks[0m[39m
[37m[0m[0m[39m
[37m[0mBuild at: [1m[37m2023-10-21T18:25:12.827Z[39m[37m[22m - Hash: [1m[37mc25283851c153342[39m[37m[22m - Time: [1m[37m429[39m[37m[22mms[0m[39m
[37m[39m
[37m[92m‚àö[39m[37m Compiled successfully.[39m
[36m‚†ã[39m Generating browser application bundles...[2K[1G[36m‚†ô[39m Generating browser application bundles (phase: building)...[2K[1G[36m‚†π[39m Generating browser application bundles (phase: building)...[2K[1G[32m‚úî[39m Browser application bundle generation complete.
[37m[39m
[37m[0m[1mInitial Chunk Files[22m                   [2m | [22m[1mNames[22m                   [2m | [22m[1mRaw Size[22m[0m[39m
[37m[0m[92mruntime.js[39m[37m                            [2m | [22mruntime                 [2m | [22m[96m12.65 kB[39m[37m[2m | [22m[0m[39m
[37m[0m[0m[39m
[37m[0m[1mLazy Chunk Files[22m                      [2m | [22m[1mNames[22m                   [2m | [22m[1mRaw Size[22m[0m[39m
[37m[0m[92msrc_app_pages_login_login_module_ts.js[39m[37m[2m | [22mpages-login-login-module[2m | [22m[96m22.67 kB[39m[37m[2m | [22m[0m[39m
[37m[0m[0m[39m
[37m[0m4 unchanged chunks[0m[39m
[37m[0m[0m[39m
[37m[0mBuild at: [1m[37m2023-10-21T18:25:16.816Z[39m[37m[22m - Hash: [1m[37m5841845b771a2820[39m[37m[22m - Time: [1m[37m447[39m[37m[22mms[0m[39m
[1m[31m[39m[22m
[1m[31m[0m[36m./src/app/pages/login/components/login.component.ts[39m[31m[0m - [0m[91mError: [39m[31m[0mModule build failed (from ./node_modules/@angular-devkit/build-angular/src/tools/babel/webpack-loader.js):[39m[22m
[1m[31mSyntaxError: C:\Users\sinan\Desktop\apps\kafe-uygulamasƒ±\frontend\kafe-uygulamasi\src\app\pages\login\components\login.component.ts: Unexpected token (38:8)[39m[22m
[1m[31m[39m[22m
[1m[31m[0m [90m 36 |[39m[31m         [36mthis[39m[31m[33m.[39m[31mloading [33m=[39m[31m [36mtrue[39m[31m[33m;[39m[31m[0m[39m[22m
[1m[31m[0m [90m 37 |[39m[31m         [36mthis[39m[31m[33m.[39m[31mauthService[33m.[39m[31mlogin(user[33m.[39m[31musername[33m,[39m[31m user[33m.[39m[31mpassword)[33m.[39m[31m[0m[39m[22m
[1m[31m[0m[31m[1m>[22m[1m[39m[31m[90m 38 |[39m[31m         [33m;[39m[31m[0m[39m[22m
[1m[31m[0m [90m    |[39m[31m         [31m[1m^[22m[1m[39m[31m[0m[39m[22m
[1m[31m[0m [90m 39 |[39m[31m         [90m// this.authService.doLogin(user).subscribe({[39m[31m[0m[39m[22m
[1m[31m[0m [90m 40 |[39m[31m         [90m//   next: (res) => {[39m[31m[0m[39m[22m
[1m[31m[0m [90m 41 |[39m[31m         [90m//     res = res as LoginResponse;[39m[31m[0m[39m[22m
[1m[31m[39m[22m
[1m[31m[0m[91mError: [39m[31m[0m[96msrc/app/pages/login/components/login.component.ts[0m:[93m48[0m:[93m3[0m - [91merror[0m[90m TS1003: [0mIdentifier expected.[39m[22m
[1m[31m[39m[22m
[1m[31m[7m48[0m   }[39m[22m
[1m[31m[7m  [0m [91m  ~[0m[39m[22m
[1m[31m[39m[22m
[1m[31m[39m[22m
[1m[31m[39m[22m
[37m[39m
[37m[91m√ó[39m[37m Failed to compile.[39m
[36m‚†ã[39m Generating browser application bundles...[2K[1G[36m‚†ô[39m Generating browser application bundles (phase: building)...[2K[1G[36m‚†π[39m Generating browser application bundles (phase: building)...[2K[1G[36m‚†∏[39m Generating browser application bundles (phase: emitting)...[2K[1G[32m‚úî[39m Browser application bundle generation complete.
[37m[39m
[37m[0m[1mInitial Chunk Files[22m                   [2m | [22m[1mNames[22m                   [2m | [22m[1mRaw Size[22m[0m[39m
[37m[0m[92mruntime.js[39m[37m                            [2m | [22mruntime                 [2m | [22m[96m12.65 kB[39m[37m[2m | [22m[0m[39m
[37m[0m[0m[39m
[37m[0m[1mLazy Chunk Files[22m                      [2m | [22m[1mNames[22m                   [2m | [22m[1mRaw Size[22m[0m[39m
[37m[0m[92msrc_app_pages_login_login_module_ts.js[39m[37m[2m | [22mpages-login-login-module[2m | [22m[96m24.76 kB[39m[37m[2m | [22m[0m[39m
[37m[0m[0m[39m
[37m[0m4 unchanged chunks[0m[39m
[37m[0m[0m[39m
[37m[0mBuild at: [1m[37m2023-10-21T18:25:19.509Z[39m[37m[22m - Hash: [1m[37mfbacfca954a57e27[39m[37m[22m - Time: [1m[37m437[39m[37m[22mms[0m[39m
[37m[39m
[37m[92m‚àö[39m[37m Compiled successfully.[39m
[36m‚†ã[39m Generating browser application bundles...[2K[1G[36m‚†ô[39m Generating browser application bundles (phase: building)...[2K[1G[36m‚†π[39m Generating browser application bundles (phase: building)...[2K[1G[36m‚†∏[39m Generating browser application bundles (phase: emitting)...[2K[1G[32m‚úî[39m Browser application bundle generation complete.
[37m[39m
[37m[0m[1mInitial Chunk Files[22m                   [2m | [22m[1mNames[22m                   [2m | [22m[1mRaw Size[22m[0m[39m
[37m[0m[92mruntime.js[39m[37m                            [2m | [22mruntime                 [2m | [22m[96m12.65 kB[39m[37m[2m | [22m[0m[39m
[37m[0m[0m[39m
[37m[0m[1mLazy Chunk Files[22m                      [2m | [22m[1mNames[22m                   [2m | [22m[1mRaw Size[22m[0m[39m
[37m[0m[92msrc_app_pages_login_login_module_ts.js[39m[37m[2m | [22mpages-login-login-module[2m | [22m[96m24.77 kB[39m[37m[2m | [22m[0m[39m
[37m[0m[0m[39m
[37m[0m4 unchanged chunks[0m[39m
[37m[0m[0m[39m
[37m[0mBuild at: [1m[37m2023-10-21T18:25:22.415Z[39m[37m[22m - Hash: [1m[37m27e8a095ff485a51[39m[37m[22m - Time: [1m[37m408[39m[37m[22mms[0m[39m
[37m[39m
[37m[92m‚àö[39m[37m Compiled successfully.[39m
[36m‚†ã[39m Generating browser application bundles...[2K[1G[36m‚†ô[39m Generating browser application bundles (phase: building)...[2K[1G[36m‚†π[39m Generating browser application bundles (phase: building)...[2K[1G[36m‚†∏[39m Generating browser application bundles (phase: emitting)...[2K[1G[32m‚úî[39m Browser application bundle generation complete.
[37m[39m
[37m[0m[1mInitial Chunk Files[22m                   [2m | [22m[1mNames[22m                   [2m | [22m[1mRaw Size[22m[0m[39m
[37m[0m[92mruntime.js[39m[37m                            [2m | [22mruntime                 [2m | [22m[96m12.65 kB[39m[37m[2m | [22m[0m[39m
[37m[0m[0m[39m
[37m[0m[1mLazy Chunk Files[22m                      [2m | [22m[1mNames[22m                   [2m | [22m[1mRaw Size[22m[0m[39m
[37m[0m[92msrc_app_pages_login_login_module_ts.js[39m[37m[2m | [22mpages-login-login-module[2m | [22m[96m24.77 kB[39m[37m[2m | [22m[0m[39m
[37m[0m[0m[39m
[37m[0m4 unchanged chunks[0m[39m
[37m[0m[0m[39m
[37m[0mBuild at: [1m[37m2023-10-21T18:25:28.183Z[39m[37m[22m - Hash: [1m[37m260c1845539ce286[39m[37m[22m - Time: [1m[37m408[39m[37m[22mms[0m[39m
[37m[39m
[37m[92m‚àö[39m[37m Compiled successfully.[39m
[36m‚†ã[39m Generating browser application bundles...[2K[1G[36m‚†ô[39m Generating browser application bundles (phase: building)...[2K[1G[36m‚†π[39m Generating browser application bundles (phase: building)...[2K[1G[36m‚†∏[39m Generating browser application bundles (phase: sealing)...[2K[1G[32m‚úî[39m Browser application bundle generation complete.
[37m[39m
[37m[0m[1mInitial Chunk Files[22m                   [2m | [22m[1mNames[22m                   [2m | [22m[1mRaw Size[22m[0m[39m
[37m[0m[92mruntime.js[39m[37m                            [2m | [22mruntime                 [2m | [22m[96m12.65 kB[39m[37m[2m | [22m[0m[39m
[37m[0m[0m[39m
[37m[0m[1mLazy Chunk Files[22m                      [2m | [22m[1mNames[22m                   [2m | [22m[1mRaw Size[22m[0m[39m
[37m[0m[92msrc_app_pages_login_login_module_ts.js[39m[37m[2m | [22mpages-login-login-module[2m | [22m[96m23.22 kB[39m[37m[2m | [22m[0m[39m
[37m[0m[0m[39m
[37m[0m4 unchanged chunks[0m[39m
[37m[0m[0m[39m
[37m[0mBuild at: [1m[37m2023-10-21T18:25:31.195Z[39m[37m[22m - Hash: [1m[37m08afdd7571b54bdd[39m[37m[22m - Time: [1m[37m415[39m[37m[22mms[0m[39m
[1m[31m[39m[22m
[1m[31m[0m[36m./src/app/pages/login/components/login.component.ts[39m[31m[0m - [0m[91mError: [39m[31m[0mModule build failed (from ./node_modules/@angular-devkit/build-angular/src/tools/babel/webpack-loader.js):[39m[22m
[1m[31mSyntaxError: C:\Users\sinan\Desktop\apps\kafe-uygulamasƒ±\frontend\kafe-uygulamasi\src\app\pages\login\components\login.component.ts: Unexpected token (37:78)[39m[22m
[1m[31m[39m[22m
[1m[31m[0m [90m 35 |[39m[31m     onSubmit(user) {[0m[39m[22m
[1m[31m[0m [90m 36 |[39m[31m         [36mthis[39m[31m[33m.[39m[31mloading [33m=[39m[31m [36mtrue[39m[31m[33m;[39m[31m[0m[39m[22m
[1m[31m[0m[31m[1m>[22m[1m[39m[31m[90m 37 |[39m[31m         [36mthis[39m[31m[33m.[39m[31mauthService[33m.[39m[31mlogin(user[33m.[39m[31musername[33m,[39m[31m user[33m.[39m[31mpassword)[33m.[39m[31msubscribe(res [33m=>[39m[31m )[33m;[39m[31m[0m[39m[22m
[1m[31m[0m [90m    |[39m[31m                                                                               [31m[1m^[22m[1m[39m[31m[0m[39m[22m
[1m[31m[0m [90m 38 |[39m[31m         [90m// this.authService.doLogin(user).subscribe({[39m[31m[0m[39m[22m
[1m[31m[0m [90m 39 |[39m[31m         [90m//   next: (res) => {[39m[31m[0m[39m[22m
[1m[31m[0m [90m 40 |[39m[31m         [90m//     res = res as LoginResponse;[39m[31m[0m[39m[22m
[1m[31m[39m[22m
[1m[31m[0m[91mError: [39m[31m[0m[96msrc/app/pages/login/components/login.component.ts[0m:[93m32[0m:[93m77[0m - [91merror[0m[90m TS1109: [0mExpression expected.[39m[22m
[1m[31m[39m[22m
[1m[31m[7m32[0m     this.authService.login(user.username, user.password).subscribe( res =>  )[39m[22m
[1m[31m[7m  [0m [91m                                                                            ~[0m[39m[22m
[1m[31m[39m[22m
[1m[31m[39m[22m
[1m[31m[39m[22m
[37m[39m
[37m[91m√ó[39m[37m Failed to compile.[39m
[36m‚†ã[39m Generating browser application bundles...[2K[1G[36m‚†ô[39m Generating browser application bundles (phase: building)...[2K[1G[36m‚†π[39m Generating browser application bundles (phase: building)...[2K[1G[36m‚†∏[39m Generating browser application bundles (phase: sealing)...[2K[1G[36m‚†º[39m Generating browser application bundles (phase: emitting)...[2K[1G[32m‚úî[39m Browser application bundle generation complete.
[37m[39m
[37m[0m[1mInitial Chunk Files[22m                   [2m | [22m[1mNames[22m                   [2m | [22m[1mRaw Size[22m[0m[39m
[37m[0m[92mruntime.js[39m[37m                            [2m | [22mruntime                 [2m | [22m[96m12.65 kB[39m[37m[2m | [22m[0m[39m
[37m[0m[0m[39m
[37m[0m[1mLazy Chunk Files[22m                      [2m | [22m[1mNames[22m                   [2m | [22m[1mRaw Size[22m[0m[39m
[37m[0m[92msrc_app_pages_login_login_module_ts.js[39m[37m[2m | [22mpages-login-login-module[2m | [22m[96m24.77 kB[39m[37m[2m | [22m[0m[39m
[37m[0m[0m[39m
[37m[0m4 unchanged chunks[0m[39m
[37m[0m[0m[39m
[37m[0mBuild at: [1m[37m2023-10-21T18:25:33.535Z[39m[37m[22m - Hash: [1m[37m2b8dac04e1aa7b94[39m[37m[22m - Time: [1m[37m451[39m[37m[22mms[0m[39m
[37m[39m
[37m[92m‚àö[39m[37m Compiled successfully.[39m
[36m‚†ã[39m Generating browser application bundles...[2K[1G[36m‚†ô[39m Generating browser application bundles (phase: building)...[2K[1G[36m‚†π[39m Generating browser application bundles (phase: building)...[2K[1G[36m‚†∏[39m Generating browser application bundles (phase: emitting)...[2K[1G[32m‚úî[39m Browser application bundle generation complete.
[37m[39m
[37m[0m[1mInitial Chunk Files[22m                   [2m | [22m[1mNames[22m                   [2m | [22m[1mRaw Size[22m[0m[39m
[37m[0m[92mruntime.js[39m[37m                            [2m | [22mruntime                 [2m | [22m[96m12.65 kB[39m[37m[2m | [22m[0m[39m
[37m[0m[0m[39m
[37m[0m[1mLazy Chunk Files[22m                      [2m | [22m[1mNames[22m                   [2m | [22m[1mRaw Size[22m[0m[39m
[37m[0m[92msrc_app_pages_login_login_module_ts.js[39m[37m[2m | [22mpages-login-login-module[2m | [22m[96m24.77 kB[39m[37m[2m | [22m[0m[39m
[37m[0m[0m[39m
[37m[0m4 unchanged chunks[0m[39m
[37m[0m[0m[39m
[37m[0mBuild at: [1m[37m2023-10-21T18:25:34.678Z[39m[37m[22m - Hash: [1m[37m0b0595b5b3937c61[39m[37m[22m - Time: [1m[37m397[39m[37m[22mms[0m[39m
[37m[39m
[37m[92m‚àö[39m[37m Compiled successfully.[39m
[36m‚†ã[39m Generating browser application bundles...[2K[1G[36m‚†ô[39m Generating browser application bundles (phase: building)...[2K[1G[36m‚†π[39m Generating browser application bundles (phase: sealing)...[2K[1G[32m‚úî[39m Browser application bundle generation complete.
[37m[39m
[37m[0m[1mInitial Chunk Files[22m                   [2m | [22m[1mNames[22m                   [2m | [22m[1mRaw Size[22m[0m[39m
[37m[0m[92mruntime.js[39m[37m                            [2m | [22mruntime                 [2m | [22m[96m12.65 kB[39m[37m[2m | [22m[0m[39m
[37m[0m[0m[39m
[37m[0m[1mLazy Chunk Files[22m                      [2m | [22m[1mNames[22m                   [2m | [22m[1mRaw Size[22m[0m[39m
[37m[0m[92msrc_app_pages_login_login_module_ts.js[39m[37m[2m | [22mpages-login-login-module[2m | [22m[96m23.04 kB[39m[37m[2m | [22m[0m[39m
[37m[0m[0m[39m
[37m[0m4 unchanged chunks[0m[39m
[37m[0m[0m[39m
[37m[0mBuild at: [1m[37m2023-10-21T18:25:43.459Z[39m[37m[22m - Hash: [1m[37mad3f4de5d7ac57aa[39m[37m[22m - Time: [1m[37m550[39m[37m[22mms[0m[39m
[1m[31m[39m[22m
[1m[31m[0m[36m./src/app/pages/login/components/login.component.ts[39m[31m[0m - [0m[91mError: [39m[31m[0mModule build failed (from ./node_modules/@angular-devkit/build-angular/src/tools/babel/webpack-loader.js):[39m[22m
[1m[31mSyntaxError: C:\Users\sinan\Desktop\apps\kafe-uygulamasƒ±\frontend\kafe-uygulamasi\src\app\pages\login\components\login.component.ts: Unexpected token (39:12)[39m[22m
[1m[31m[39m[22m
[1m[31m[0m [90m 37 |[39m[31m         [36mthis[39m[31m[33m.[39m[31mauthService[33m.[39m[31mlogin(user[33m.[39m[31musername[33m,[39m[31m user[33m.[39m[31mpassword)[33m.[39m[31msubscribe((res) [33m=>[39m[31m {[0m[39m[22m
[1m[31m[0m [90m 38 |[39m[31m             res[33m.[39m[31m[0m[39m[22m
[1m[31m[0m[31m[1m>[22m[1m[39m[31m[90m 39 |[39m[31m             [33m;[39m[31m[0m[39m[22m
[1m[31m[0m [90m    |[39m[31m             [31m[1m^[22m[1m[39m[31m[0m[39m[22m
[1m[31m[0m [90m 40 |[39m[31m         })[33m;[39m[31m[0m[39m[22m
[1m[31m[0m [90m 41 |[39m[31m         [90m// this.authService.doLogin(user).subscribe({[39m[31m[0m[39m[22m
[1m[31m[0m [90m 42 |[39m[31m         [90m//   next: (res) => {[39m[31m[0m[39m[22m
[1m[31m[39m[22m
[1m[31m[0m[91mError: [39m[31m[0m[96msrc/app/pages/login/components/login.component.ts[0m:[93m34[0m:[93m5[0m - [91merror[0m[90m TS1003: [0mIdentifier expected.[39m[22m
[1m[31m[39m[22m
[1m[31m[7m34[0m     });[39m[22m
[1m[31m[7m  [0m [91m    ~[0m[39m[22m
[1m[31m[39m[22m
[1m[31m[39m[22m
[1m[31m[39m[22m
[37m[39m
[37m[91m√ó[39m[37m Failed to compile.[39m
[36m‚†ã[39m Generating browser application bundles...[2K[1G[36m‚†ô[39m Generating browser application bundles (phase: building)...[2K[1G[36m‚†π[39m Generating browser application bundles (phase: building)...[2K[1G[36m‚†∏[39m Generating browser application bundles (phase: emitting)...[2K[1G[32m‚úî[39m Browser application bundle generation complete.
[37m[39m
[37m[0m[1mInitial Chunk Files[22m                   [2m | [22m[1mNames[22m                   [2m | [22m[1mRaw Size[22m[0m[39m
[37m[0m[92mruntime.js[39m[37m                            [2m | [22mruntime                 [2m | [22m[96m12.65 kB[39m[37m[2m | [22m[0m[39m
[37m[0m[0m[39m
[37m[0m[1mLazy Chunk Files[22m                      [2m | [22m[1mNames[22m                   [2m | [22m[1mRaw Size[22m[0m[39m
[37m[0m[92msrc_app_pages_login_login_module_ts.js[39m[37m[2m | [22mpages-login-login-module[2m | [22m[96m24.77 kB[39m[37m[2m | [22m[0m[39m
[37m[0m[0m[39m
[37m[0m4 unchanged chunks[0m[39m
[37m[0m[0m[39m
[37m[0mBuild at: [1m[37m2023-10-21T18:25:45.149Z[39m[37m[22m - Hash: [1m[37m87220e4bb07d85ee[39m[37m[22m - Time: [1m[37m358[39m[37m[22mms[0m[39m
[37m[39m
[37m[92m‚àö[39m[37m Compiled successfully.[39m
[36m‚†ã[39m Generating browser application bundles...[2K[1G[36m‚†ô[39m Generating browser application bundles (phase: building)...[2K[1G[36m‚†π[39m Generating browser application bundles (phase: building)...[2K[1G[36m‚†∏[39m Generating browser application bundles (phase: emitting)...[2K[1G[32m‚úî[39m Browser application bundle generation complete.
[37m[39m
[37m[0m[1mInitial Chunk Files[22m                   [2m | [22m[1mNames[22m                   [2m | [22m[1mRaw Size[22m[0m[39m
[37m[0m[92mruntime.js[39m[37m                            [2m | [22mruntime                 [2m | [22m[96m12.65 kB[39m[37m[2m | [22m[0m[39m
[37m[0m[0m[39m
[37m[0m[1mLazy Chunk Files[22m                      [2m | [22m[1mNames[22m                   [2m | [22m[1mRaw Size[22m[0m[39m
[37m[0m[92msrc_app_pages_login_login_module_ts.js[39m[37m[2m | [22mpages-login-login-module[2m | [22m[96m24.79 kB[39m[37m[2m | [22m[0m[39m
[37m[0m[0m[39m
[37m[0m4 unchanged chunks[0m[39m
[37m[0m[0m[39m
[37m[0mBuild at: [1m[37m2023-10-21T18:27:11.972Z[39m[37m[22m - Hash: [1m[37m64f0a18d0171f1d7[39m[37m[22m - Time: [1m[37m487[39m[37m[22mms[0m[39m
[37m[39m
[37m[92m‚àö[39m[37m Compiled successfully.[39m
[36m‚†ã[39m Generating browser application bundles...[2K[1G[36m‚†ô[39m Generating browser application bundles (phase: building)...[2K[1G[36m‚†π[39m Generating browser application bundles (phase: sealing)...[2K[1G[32m‚úî[39m Browser application bundle generation complete.
[37m[39m
[37m[0m[1mInitial Chunk Files[22m                   [2m | [22m[1mNames[22m                   [2m | [22m[1mRaw Size[22m[0m[39m
[37m[0m[92mruntime.js[39m[37m                            [2m | [22mruntime                 [2m | [22m[96m12.65 kB[39m[37m[2m | [22m[0m[39m
[37m[0m[0m[39m
[37m[0m[1mLazy Chunk Files[22m                      [2m | [22m[1mNames[22m                   [2m | [22m[1mRaw Size[22m[0m[39m
[37m[0m[92msrc_app_pages_login_login_module_ts.js[39m[37m[2m | [22mpages-login-login-module[2m | [22m[96m23.09 kB[39m[37m[2m | [22m[0m[39m
[37m[0m[0m[39m
[37m[0m4 unchanged chunks[0m[39m
[37m[0m[0m[39m
[37m[0mBuild at: [1m[37m2023-10-21T18:27:17.118Z[39m[37m[22m - Hash: [1m[37mc7ee0887ee70c5e8[39m[37m[22m - Time: [1m[37m315[39m[37m[22mms[0m[39m
[1m[31m[39m[22m
[1m[31m[0m[36m./src/app/pages/login/components/login.component.ts[39m[31m[0m - [0m[91mError: [39m[31m[0mModule build failed (from ./node_modules/@angular-devkit/build-angular/src/tools/babel/webpack-loader.js):[39m[22m
[1m[31mSyntaxError: C:\Users\sinan\Desktop\apps\kafe-uygulamasƒ±\frontend\kafe-uygulamasi\src\app\pages\login\components\login.component.ts: Unexpected token (39:12)[39m[22m
[1m[31m[39m[22m
[1m[31m[0m [90m 37 |[39m[31m         [36mthis[39m[31m[33m.[39m[31mauthService[33m.[39m[31mlogin(user[33m.[39m[31musername[33m,[39m[31m user[33m.[39m[31mpassword)[33m.[39m[31msubscribe((res) [33m=>[39m[31m {[0m[39m[22m
[1m[31m[0m [90m 38 |[39m[31m             [36mthis[39m[31m[33m.[39m[31mauthService[33m.[39m[31m[0m[39m[22m
[1m[31m[0m[31m[1m>[22m[1m[39m[31m[90m 39 |[39m[31m             [33m;[39m[31m[0m[39m[22m
[1m[31m[0m [90m    |[39m[31m             [31m[1m^[22m[1m[39m[31m[0m[39m[22m
[1m[31m[0m [90m 40 |[39m[31m         })[33m;[39m[31m[0m[39m[22m
[1m[31m[0m [90m 41 |[39m[31m         [90m// this.authService.doLogin(user).subscribe({[39m[31m[0m[39m[22m
[1m[31m[0m [90m 42 |[39m[31m         [90m//   next: (res) => {[39m[31m[0m[39m[22m
[1m[31m[39m[22m
[1m[31m[0m[91mError: [39m[31m[0m[96msrc/app/pages/login/components/login.component.ts[0m:[93m34[0m:[93m5[0m - [91merror[0m[90m TS1003: [0mIdentifier expected.[39m[22m
[1m[31m[39m[22m
[1m[31m[7m34[0m     });[39m[22m
[1m[31m[7m  [0m [91m    ~[0m[39m[22m
[1m[31m[39m[22m
[1m[31m[39m[22m
[1m[31m[39m[22m
[37m[39m
[37m[91m√ó[39m[37m Failed to compile.[39m
[36m‚†ã[39m Generating browser application bundles...[2K[1G[36m‚†ô[39m Generating browser application bundles (phase: building)...[2K[1G[36m‚†π[39m Generating browser application bundles (phase: building)...[2K[1G[36m‚†∏[39m Generating browser application bundles (phase: emitting)...[2K[1G[32m‚úî[39m Browser application bundle generation complete.
[37m[39m
[37m[0m[1mInitial Chunk Files[22m                   [2m | [22m[1mNames[22m                   [2m | [22m[1mRaw Size[22m[0m[39m
[37m[0m[92mruntime.js[39m[37m                            [2m | [22mruntime                 [2m | [22m[96m12.65 kB[39m[37m[2m | [22m[0m[39m
[37m[0m[0m[39m
[37m[0m[1mLazy Chunk Files[22m                      [2m | [22m[1mNames[22m                   [2m | [22m[1mRaw Size[22m[0m[39m
[37m[0m[92msrc_app_pages_login_login_module_ts.js[39m[37m[2m | [22mpages-login-login-module[2m | [22m[96m24.86 kB[39m[37m[2m | [22m[0m[39m
[37m[0m[0m[39m
[37m[0m4 unchanged chunks[0m[39m
[37m[0m[0m[39m
[37m[0mBuild at: [1m[37m2023-10-21T18:27:23.422Z[39m[37m[22m - Hash: [1m[37m3c43f5be5f38cbc3[39m[37m[22m - Time: [1m[37m383[39m[37m[22mms[0m[39m
[37m[39m
[37m[92m‚àö[39m[37m Compiled successfully.[39m
[36m‚†ã[39m Generating browser application bundles...[2K[1G[36m‚†ô[39m Generating browser application bundles (phase: building)...[2K[1G[36m‚†π[39m Generating browser application bundles (phase: building)...[2K[1G[36m‚†∏[39m Generating browser application bundles (phase: emitting)...[2K[1G[32m‚úî[39m Browser application bundle generation complete.
[37m[39m
[37m[0m[1mInitial Chunk Files[22m                   [2m | [22m[1mNames[22m                   [2m | [22m[1mRaw Size[22m[0m[39m
[37m[0m[92mruntime.js[39m[37m                            [2m | [22mruntime                 [2m | [22m[96m12.65 kB[39m[37m[2m | [22m[0m[39m
[37m[0m[0m[39m
[37m[0m[1mLazy Chunk Files[22m                      [2m | [22m[1mNames[22m                   [2m | [22m[1mRaw Size[22m[0m[39m
[37m[0m[92msrc_app_pages_login_login_module_ts.js[39m[37m[2m | [22mpages-login-login-module[2m | [22m[96m24.86 kB[39m[37m[2m | [22m[0m[39m
[37m[0m[0m[39m
[37m[0m4 unchanged chunks[0m[39m
[37m[0m[0m[39m
[37m[0mBuild at: [1m[37m2023-10-21T18:27:28.323Z[39m[37m[22m - Hash: [1m[37m0f71ffb67a0b4589[39m[37m[22m - Time: [1m[37m349[39m[37m[22mms[0m[39m
[37m[39m
[37m[92m‚àö[39m[37m Compiled successfully.[39m
[36m‚†ã[39m Generating browser application bundles...[2K[1G[36m‚†ô[39m Generating browser application bundles (phase: building)...[2K[1G[36m‚†π[39m Generating browser application bundles (phase: building)...[2K[1G[36m‚†∏[39m Generating browser application bundles (phase: emitting)...[2K[1G[32m‚úî[39m Browser application bundle generation complete.
[37m[39m
[37m[0m[1mInitial Chunk Files[22m                   [2m | [22m[1mNames[22m                   [2m | [22m[1mRaw Size[22m[0m[39m
[37m[0m[92mruntime.js[39m[37m                            [2m | [22mruntime                 [2m | [22m[96m12.65 kB[39m[37m[2m | [22m[0m[39m
[37m[0m[0m[39m
[37m[0m[1mLazy Chunk Files[22m                      [2m | [22m[1mNames[22m                   [2m | [22m[1mRaw Size[22m[0m[39m
[37m[0m[92msrc_app_pages_login_login_module_ts.js[39m[37m[2m | [22mpages-login-login-module[2m | [22m[96m24.86 kB[39m[37m[2m | [22m[0m[39m
[37m[0m[0m[39m
[37m[0m4 unchanged chunks[0m[39m
[37m[0m[0m[39m
[37m[0mBuild at: [1m[37m2023-10-21T18:27:29.823Z[39m[37m[22m - Hash: [1m[37m58a4040a31a62806[39m[37m[22m - Time: [1m[37m371[39m[37m[22mms[0m[39m
[37m[39m
[37m[92m‚àö[39m[37m Compiled successfully.[39m
[36m‚†ã[39m Generating browser application bundles...[2K[1G[36m‚†ô[39m Generating browser application bundles (phase: building)...[2K[1G[36m‚†π[39m Generating browser application bundles (phase: sealing)...[2K[1G[36m‚†∏[39m Generating browser application bundles (phase: emitting)...[2K[1G[32m‚úî[39m Browser application bundle generation complete.
[37m[39m
[37m[0m[1mInitial Chunk Files[22m                   [2m | [22m[1mNames[22m                   [2m | [22m[1mRaw Size[22m[0m[39m
[37m[0m[92mruntime.js[39m[37m                            [2m | [22mruntime                 [2m | [22m[96m12.65 kB[39m[37m[2m | [22m[0m[39m
[37m[0m[0m[39m
[37m[0m[1mLazy Chunk Files[22m                      [2m | [22m[1mNames[22m                   [2m | [22m[1mRaw Size[22m[0m[39m
[37m[0m[92msrc_app_pages_login_login_module_ts.js[39m[37m[2m | [22mpages-login-login-module[2m | [22m[96m24.86 kB[39m[37m[2m | [22m[0m[39m
[37m[0m[0m[39m
[37m[0m4 unchanged chunks[0m[39m
[37m[0m[0m[39m
[37m[0mBuild at: [1m[37m2023-10-21T18:27:33.718Z[39m[37m[22m - Hash: [1m[37maf001858213ae2ce[39m[37m[22m - Time: [1m[37m390[39m[37m[22mms[0m[39m
[37m[39m
[37m[92m‚àö[39m[37m Compiled successfully.[39m
[36m‚†ã[39m Generating browser application bundles...[2K[1G[36m‚†ô[39m Generating browser application bundles (phase: building)...[2K[1G[36m‚†π[39m Generating browser application bundles (phase: sealing)...[2K[1G[32m‚úî[39m Browser application bundle generation complete.
[37m[39m
[37m[0m[1mInitial Chunk Files[22m                   [2m | [22m[1mNames[22m                   [2m | [22m[1mRaw Size[22m[0m[39m
[37m[0m[92mruntime.js[39m[37m                            [2m | [22mruntime                 [2m | [22m[96m12.65 kB[39m[37m[2m | [22m[0m[39m
[37m[0m[0m[39m
[37m[0m[1mLazy Chunk Files[22m                      [2m | [22m[1mNames[22m                   [2m | [22m[1mRaw Size[22m[0m[39m
[37m[0m[92msrc_app_pages_login_login_module_ts.js[39m[37m[2m | [22mpages-login-login-module[2m | [22m[96m22.83 kB[39m[37m[2m | [22m[0m[39m
[37m[0m[0m[39m
[37m[0m4 unchanged chunks[0m[39m
[37m[0m[0m[39m
[37m[0mBuild at: [1m[37m2023-10-21T18:27:34.711Z[39m[37m[22m - Hash: [1m[37mee604a026c240f46[39m[37m[22m - Time: [1m[37m308[39m[37m[22mms[0m[39m
[1m[31m[39m[22m
[1m[31m[0m[36m./src/app/pages/login/components/login.component.ts[39m[31m[0m - [0m[91mError: [39m[31m[0mModule build failed (from ./node_modules/@angular-devkit/build-angular/src/tools/babel/webpack-loader.js):[39m[22m
[1m[31mSyntaxError: C:\Users\sinan\Desktop\apps\kafe-uygulamasƒ±\frontend\kafe-uygulamasi\src\app\pages\login\components\login.component.ts: Unexpected token (39:11)[39m[22m
[1m[31m[39m[22m
[1m[31m[0m [90m 37 |[39m[31m         [36mthis[39m[31m[33m.[39m[31mauthService[33m.[39m[31mlogin(user[33m.[39m[31musername[33m,[39m[31m user[33m.[39m[31mpassword)[33m.[39m[31msubscribe((res) [33m=>[39m[31m {[0m[39m[22m
[1m[31m[0m [90m 38 |[39m[31m             [36mthis[39m[31m[33m.[39m[31mauthService[33m.[39m[31msetTokensToLocalStorage(res[33m.[39m[31maccessToken[33m,[39m[31m res[33m.[39m[31mrefreshToken)[33m;[39m[31m[0m[39m[22m
[1m[31m[0m[31m[1m>[22m[1m[39m[31m[90m 39 |[39m[31m         })[33m.[39m[31m[33m;[39m[31m[0m[39m[22m
[1m[31m[0m [90m    |[39m[31m            [31m[1m^[22m[1m[39m[31m[0m[39m[22m
[1m[31m[0m [90m 40 |[39m[31m         [90m// this.authService.doLogin(user).subscribe({[39m[31m[0m[39m[22m
[1m[31m[0m [90m 41 |[39m[31m         [90m//   next: (res) => {[39m[31m[0m[39m[22m
[1m[31m[0m [90m 42 |[39m[31m         [90m//     res = res as LoginResponse;[39m[31m[0m[39m[22m
[1m[31m[39m[22m
[1m[31m[0m[91mError: [39m[31m[0m[96msrc/app/pages/login/components/login.component.ts[0m:[93m34[0m:[93m8[0m - [91merror[0m[90m TS1003: [0mIdentifier expected.[39m[22m
[1m[31m[39m[22m
[1m[31m[7m34[0m     }).;[39m[22m
[1m[31m[7m  [0m [91m       ~[0m[39m[22m
[1m[31m[39m[22m
[1m[31m[39m[22m
[1m[31m[39m[22m
[37m[39m
[37m[91m√ó[39m[37m Failed to compile.[39m
[36m‚†ã[39m Generating browser application bundles...[2K[1G[36m‚†ô[39m Generating browser application bundles (phase: building)...[2K[1G[36m‚†π[39m Generating browser application bundles (phase: building)...[2K[1G[36m‚†∏[39m Generating browser application bundles (phase: emitting)...[2K[1G[32m‚úî[39m Browser application bundle generation complete.
[37m[39m
[37m[0m[1mInitial Chunk Files[22m                   [2m | [22m[1mNames[22m                   [2m | [22m[1mRaw Size[22m[0m[39m
[37m[0m[92mruntime.js[39m[37m                            [2m | [22mruntime                 [2m | [22m[96m12.65 kB[39m[37m[2m | [22m[0m[39m
[37m[0m[0m[39m
[37m[0m[1mLazy Chunk Files[22m                      [2m | [22m[1mNames[22m                   [2m | [22m[1mRaw Size[22m[0m[39m
[37m[0m[92msrc_app_pages_login_login_module_ts.js[39m[37m[2m | [22mpages-login-login-module[2m | [22m[96m24.86 kB[39m[37m[2m | [22m[0m[39m
[37m[0m[0m[39m
[37m[0m4 unchanged chunks[0m[39m
[37m[0m[0m[39m
[37m[0mBuild at: [1m[37m2023-10-21T18:27:36.214Z[39m[37m[22m - Hash: [1m[37maf001858213ae2ce[39m[37m[22m - Time: [1m[37m341[39m[37m[22mms[0m[39m
[37m[39m
[37m[92m‚àö[39m[37m Compiled successfully.[39m
[36m‚†ã[39m Generating browser application bundles...[2K[1G[36m‚†ô[39m Generating browser application bundles (phase: building)...[2K[1G[36m‚†π[39m Generating browser application bundles (phase: sealing)...[2K[1G[32m‚úî[39m Browser application bundle generation complete.
[37m[39m
[37m[0m[1mInitial Chunk Files[22m                   [2m | [22m[1mNames[22m                   [2m | [22m[1mRaw Size[22m[0m[39m
[37m[0m[92mruntime.js[39m[37m                            [2m | [22mruntime                 [2m | [22m[96m12.65 kB[39m[37m[2m | [22m[0m[39m
[37m[0m[0m[39m
[37m[0m[1mLazy Chunk Files[22m                      [2m | [22m[1mNames[22m                   [2m | [22m[1mRaw Size[22m[0m[39m
[37m[0m[92msrc_app_pages_login_login_module_ts.js[39m[37m[2m | [22mpages-login-login-module[2m | [22m[96m22.91 kB[39m[37m[2m | [22m[0m[39m
[37m[0m[0m[39m
[37m[0m4 unchanged chunks[0m[39m
[37m[0m[0m[39m
[37m[0mBuild at: [1m[37m2023-10-21T18:27:41.273Z[39m[37m[22m - Hash: [1m[37mdd1f5ea2b9ce9e4c[39m[37m[22m - Time: [1m[37m293[39m[37m[22mms[0m[39m
[1m[31m[39m[22m
[1m[31m[0m[36m./src/app/pages/login/components/login.component.ts[39m[31m[0m - [0m[91mError: [39m[31m[0mModule build failed (from ./node_modules/@angular-devkit/build-angular/src/tools/babel/webpack-loader.js):[39m[22m
[1m[31mSyntaxError: C:\Users\sinan\Desktop\apps\kafe-uygulamasƒ±\frontend\kafe-uygulamasi\src\app\pages\login\components\login.component.ts: Unexpected token (37:61)[39m[22m
[1m[31m[39m[22m
[1m[31m[0m [90m 35 |[39m[31m     onSubmit(user) {[0m[39m[22m
[1m[31m[0m [90m 36 |[39m[31m         [36mthis[39m[31m[33m.[39m[31mloading [33m=[39m[31m [36mtrue[39m[31m[33m;[39m[31m[0m[39m[22m
[1m[31m[0m[31m[1m>[22m[1m[39m[31m[90m 37 |[39m[31m         [36mthis[39m[31m[33m.[39m[31mauthService[33m.[39m[31mlogin(user[33m.[39m[31musername[33m,[39m[31m user[33m.[39m[31mpassword)[33m.[39m[31m[33m.[39m[31msubscribe((res) [33m=>[39m[31m {[0m[39m[22m
[1m[31m[0m [90m    |[39m[31m                                                              [31m[1m^[22m[1m[39m[31m[0m[39m[22m
[1m[31m[0m [90m 38 |[39m[31m             [36mthis[39m[31m[33m.[39m[31mauthService[33m.[39m[31msetTokensToLocalStorage(res[33m.[39m[31maccessToken[33m,[39m[31m res[33m.[39m[31mrefreshToken)[33m;[39m[31m[0m[39m[22m
[1m[31m[0m [90m 39 |[39m[31m         })[33m;[39m[31m[0m[39m[22m
[1m[31m[0m [90m 40 |[39m[31m         [90m// this.authService.doLogin(user).subscribe({[39m[31m[0m[39m[22m
[1m[31m[39m[22m
[1m[31m[0m[91mError: [39m[31m[0m[96msrc/app/pages/login/components/login.component.ts[0m:[93m32[0m:[93m58[0m - [91merror[0m[90m TS1003: [0mIdentifier expected.[39m[22m
[1m[31m[39m[22m
[1m[31m[7m32[0m     this.authService.login(user.username, user.password)..subscribe((res) => {[39m[22m
[1m[31m[7m  [0m [91m                                                         ~[0m[39m[22m
[1m[31m[39m[22m
[1m[31m[39m[22m
[1m[31m[0m[91mError: [39m[31m[0m[96msrc/app/pages/login/components/login.component.ts[0m:[93m32[0m:[93m70[0m - [91merror[0m[90m TS7006: [0mParameter 'res' implicitly has an 'any' type.[39m[22m
[1m[31m[39m[22m
[1m[31m[7m32[0m     this.authService.login(user.username, user.password)..subscribe((res) => {[39m[22m
[1m[31m[7m  [0m [91m                                                                     ~~~[0m[39m[22m
[1m[31m[39m[22m
[1m[31m[39m[22m
[1m[31m[39m[22m
[37m[39m
[37m[91m√ó[39m[37m Failed to compile.[39m
[36m‚†ã[39m Generating browser application bundles...[2K[1G[36m‚†ô[39m Generating browser application bundles (phase: building)...[2K[1G[36m‚†π[39m Generating browser application bundles (phase: building)...[2K[1G[36m‚†∏[39m Generating browser application bundles (phase: sealing)...[2K[1G[36m‚†º[39m Generating browser application bundles (phase: emitting)...[2K[1G[32m‚úî[39m Browser application bundle generation complete.
[37m[39m
[37m[0m[1mInitial Chunk Files[22m                   [2m | [22m[1mNames[22m                   [2m | [22m[1mRaw Size[22m[0m[39m
[37m[0m[92mruntime.js[39m[37m                            [2m | [22mruntime                 [2m | [22m[96m12.65 kB[39m[37m[2m | [22m[0m[39m
[37m[0m[0m[39m
[37m[0m[1mLazy Chunk Files[22m                      [2m | [22m[1mNames[22m                   [2m | [22m[1mRaw Size[22m[0m[39m
[37m[0m[92msrc_app_pages_login_login_module_ts.js[39m[37m[2m | [22mpages-login-login-module[2m | [22m[96m24.87 kB[39m[37m[2m | [22m[0m[39m
[37m[0m[0m[39m
[37m[0m4 unchanged chunks[0m[39m
[37m[0m[0m[39m
[37m[0mBuild at: [1m[37m2023-10-21T18:27:43.248Z[39m[37m[22m - Hash: [1m[37m262ee0bf4eb889df[39m[37m[22m - Time: [1m[37m441[39m[37m[22mms[0m[39m
[37m[39m
[37m[92m‚àö[39m[37m Compiled successfully.[39m
[36m‚†ã[39m Generating browser application bundles...[2K[1G[36m‚†ô[39m Generating browser application bundles (phase: building)...[2K[1G[36m‚†π[39m Generating browser application bundles (phase: building)...[2K[1G[36m‚†∏[39m Generating browser application bundles (phase: sealing)...[2K[1G[32m‚úî[39m Browser application bundle generation complete.
[37m[39m
[37m[0m[1mInitial Chunk Files[22m                   [2m | [22m[1mNames[22m                   [2m | [22m[1mRaw Size[22m[0m[39m
[37m[0m[92mruntime.js[39m[37m                            [2m | [22mruntime                 [2m | [22m[96m12.65 kB[39m[37m[2m | [22m[0m[39m
[37m[0m[0m[39m
[37m[0m[1mLazy Chunk Files[22m                      [2m | [22m[1mNames[22m                   [2m | [22m[1mRaw Size[22m[0m[39m
[37m[0m[92msrc_app_pages_login_login_module_ts.js[39m[37m[2m | [22mpages-login-login-module[2m | [22m[96m24.87 kB[39m[37m[2m | [22m[0m[39m
[37m[0m[0m[39m
[37m[0m4 unchanged chunks[0m[39m
[37m[0m[0m[39m
[37m[0mBuild at: [1m[37m2023-10-21T18:27:44.468Z[39m[37m[22m - Hash: [1m[37m8760e51ee14b6b9b[39m[37m[22m - Time: [1m[37m387[39m[37m[22mms[0m[39m
[1m[31m[39m[22m
[1m[31m[0m[91mError: [39m[31m[0m[96msrc/app/pages/login/components/login.component.ts[0m:[93m32[0m:[93m63[0m - [91merror[0m[90m TS2304: [0mCannot find name 'on'.[39m[22m
[1m[31m[39m[22m
[1m[31m[7m32[0m     this.authService.login(user.username, user.password).pipe(on).subscribe((res) => {[39m[22m
[1m[31m[7m  [0m [91m                                                              ~~[0m[39m[22m
[1m[31m[39m[22m
[1m[31m[39m[22m
[1m[31m[0m[91mError: [39m[31m[0m[96msrc/app/pages/login/components/login.component.ts[0m:[93m33[0m:[93m48[0m - [91merror[0m[90m TS18046: [0m'res' is of type 'unknown'.[39m[22m
[1m[31m[39m[22m
[1m[31m[7m33[0m       this.authService.setTokensToLocalStorage(res.accessToken, res.refreshToken);[39m[22m
[1m[31m[7m  [0m [91m                                               ~~~[0m[39m[22m
[1m[31m[39m[22m
[1m[31m[39m[22m
[1m[31m[0m[91mError: [39m[31m[0m[96msrc/app/pages/login/components/login.component.ts[0m:[93m33[0m:[93m65[0m - [91merror[0m[90m TS18046: [0m'res' is of type 'unknown'.[39m[22m
[1m[31m[39m[22m
[1m[31m[7m33[0m       this.authService.setTokensToLocalStorage(res.accessToken, res.refreshToken);[39m[22m
[1m[31m[7m  [0m [91m                                                                ~~~[0m[39m[22m
[1m[31m[39m[22m
[1m[31m[39m[22m
[1m[31m[39m[22m
[37m[39m
[37m[91m√ó[39m[37m Failed to compile.[39m
[36m‚†ã[39m Generating browser application bundles...[2K[1G[36m‚†ô[39m Generating browser application bundles (phase: building)...[2K[1G[36m‚†π[39m Generating browser application bundles (phase: sealing)...[2K[1G[36m‚†∏[39m Generating browser application bundles (phase: emitting)...[2K[1G[32m‚úî[39m Browser application bundle generation complete.
[37m[39m
[37m[0m[1mInitial Chunk Files[22m                   [2m | [22m[1mNames[22m                   [2m | [22m[1mRaw Size[22m[0m[39m
[37m[0m[92mruntime.js[39m[37m                            [2m | [22mruntime                 [2m | [22m[96m12.65 kB[39m[37m[2m | [22m[0m[39m
[37m[0m[0m[39m
[37m[0m[1mLazy Chunk Files[22m                      [2m | [22m[1mNames[22m                   [2m | [22m[1mRaw Size[22m[0m[39m
[37m[0m[92msrc_app_pages_login_login_module_ts.js[39m[37m[2m | [22mpages-login-login-module[2m | [22m[96m24.87 kB[39m[37m[2m | [22m[0m[39m
[37m[0m[0m[39m
[37m[0m4 unchanged chunks[0m[39m
[37m[0m[0m[39m
[37m[0mBuild at: [1m[37m2023-10-21T18:27:45.687Z[39m[37m[22m - Hash: [1m[37me7fc7aa8c32611a9[39m[37m[22m - Time: [1m[37m310[39m[37m[22mms[0m[39m
[37m[39m
[37m[92m‚àö[39m[37m Compiled successfully.[39m
[36m‚†ã[39m Generating browser application bundles...[2K[1G[36m‚†ô[39m Generating browser application bundles (phase: building)...[2K[1G[36m‚†π[39m Generating browser application bundles (phase: sealing)...[2K[1G[36m‚†∏[39m Generating browser application bundles (phase: emitting)...[2K[1G[32m‚úî[39m Browser application bundle generation complete.
[37m[39m
[37m[0m[1mInitial Chunk Files[22m                   [2m | [22m[1mNames[22m                   [2m | [22m[1mRaw Size[22m[0m[39m
[37m[0m[92mruntime.js[39m[37m                            [2m | [22mruntime                 [2m | [22m[96m12.65 kB[39m[37m[2m | [22m[0m[39m
[37m[0m[0m[39m
[37m[0m[1mLazy Chunk Files[22m                      [2m | [22m[1mNames[22m                   [2m | [22m[1mRaw Size[22m[0m[39m
[37m[0m[92msrc_app_pages_login_login_module_ts.js[39m[37m[2m | [22mpages-login-login-module[2m | [22m[96m24.86 kB[39m[37m[2m | [22m[0m[39m
[37m[0m[0m[39m
[37m[0m4 unchanged chunks[0m[39m
[37m[0m[0m[39m
[37m[0mBuild at: [1m[37m2023-10-21T18:27:47.822Z[39m[37m[22m - Hash: [1m[37maf001858213ae2ce[39m[37m[22m - Time: [1m[37m342[39m[37m[22mms[0m[39m
[37m[39m
[37m[92m‚àö[39m[37m Compiled successfully.[39m
[36m‚†ã[39m Generating browser application bundles...[2K[1G[36m‚†ô[39m Generating browser application bundles (phase: building)...[2K[1G[36m‚†π[39m Generating browser application bundles (phase: building)...[2K[1G[36m‚†∏[39m Generating browser application bundles (phase: sealing)...[2K[1G[32m‚úî[39m Browser application bundle generation complete.
[37m[39m
[37m[0m[1mInitial Chunk Files[22m                   [2m | [22m[1mNames[22m                   [2m | [22m[1mRaw Size[22m[0m[39m
[37m[0m[92mruntime.js[39m[37m                            [2m | [22mruntime                 [2m | [22m[96m12.65 kB[39m[37m[2m | [22m[0m[39m
[37m[0m[0m[39m
[37m[0m[1mLazy Chunk Files[22m                      [2m | [22m[1mNames[22m                   [2m | [22m[1mRaw Size[22m[0m[39m
[37m[0m[92msrc_app_pages_login_login_module_ts.js[39m[37m[2m | [22mpages-login-login-module[2m | [22m[96m24.87 kB[39m[37m[2m | [22m[0m[39m
[37m[0m[0m[39m
[37m[0m4 unchanged chunks[0m[39m
[37m[0m[0m[39m
[37m[0mBuild at: [1m[37m2023-10-21T18:29:29.381Z[39m[37m[22m - Hash: [1m[37m66a7e4fa6991aa67[39m[37m[22m - Time: [1m[37m513[39m[37m[22mms[0m[39m
[1m[31m[39m[22m
[1m[31m[0m[91mError: [39m[31m[0m[96msrc/app/pages/login/components/login.component.ts[0m:[93m32[0m:[93m63[0m - [91merror[0m[90m TS2304: [0mCannot find name 'fina'.[39m[22m
[1m[31m[39m[22m
[1m[31m[7m32[0m     this.authService.login(user.username, user.password).pipe(fina).subscribe((res) => {[39m[22m
[1m[31m[7m  [0m [91m                                                              ~~~~[0m[39m[22m
[1m[31m[39m[22m
[1m[31m[39m[22m
[1m[31m[0m[91mError: [39m[31m[0m[96msrc/app/pages/login/components/login.component.ts[0m:[93m33[0m:[93m48[0m - [91merror[0m[90m TS18046: [0m'res' is of type 'unknown'.[39m[22m
[1m[31m[39m[22m
[1m[31m[7m33[0m       this.authService.setTokensToLocalStorage(res.accessToken, res.refreshToken);[39m[22m
[1m[31m[7m  [0m [91m                                               ~~~[0m[39m[22m
[1m[31m[39m[22m
[1m[31m[39m[22m
[1m[31m[0m[91mError: [39m[31m[0m[96msrc/app/pages/login/components/login.component.ts[0m:[93m33[0m:[93m65[0m - [91merror[0m[90m TS18046: [0m'res' is of type 'unknown'.[39m[22m
[1m[31m[39m[22m
[1m[31m[7m33[0m       this.authService.setTokensToLocalStorage(res.accessToken, res.refreshToken);[39m[22m
[1m[31m[7m  [0m [91m                                                                ~~~[0m[39m[22m
[1m[31m[39m[22m
[1m[31m[39m[22m
[1m[31m[39m[22m
[37m[39m
[37m[91m√ó[39m[37m Failed to compile.[39m
[36m‚†ã[39m Generating browser application bundles...[2K[1G[36m‚†ô[39m Generating browser application bundles (phase: building)...[2K[1G[36m‚†π[39m Generating browser application bundles (phase: building)...[2K[1G[36m‚†∏[39m Generating browser application bundles (phase: emitting)...[2K[1G[32m‚úî[39m Browser application bundle generation complete.
[37m[39m
[37m[0m[1mInitial Chunk Files[22m                   [2m | [22m[1mNames[22m                   [2m | [22m[1mRaw Size[22m[0m[39m
[37m[0m[92mruntime.js[39m[37m                            [2m | [22mruntime                 [2m | [22m[96m12.65 kB[39m[37m[2m | [22m[0m[39m
[37m[0m[0m[39m
[37m[0m[1mLazy Chunk Files[22m                      [2m | [22m[1mNames[22m                   [2m | [22m[1mRaw Size[22m[0m[39m
[37m[0m[92msrc_app_pages_login_login_module_ts.js[39m[37m[2m | [22mpages-login-login-module[2m | [22m[96m25.06 kB[39m[37m[2m | [22m[0m[39m
[37m[0m[0m[39m
[37m[0m4 unchanged chunks[0m[39m
[37m[0m[0m[39m
[37m[0mBuild at: [1m[37m2023-10-21T18:29:34.950Z[39m[37m[22m - Hash: [1m[37mac07dea752a212a7[39m[37m[22m - Time: [1m[37m518[39m[37m[22mms[0m[39m
[37m[39m
[37m[92m‚àö[39m[37m Compiled successfully.[39m
[36m‚†ã[39m Generating browser application bundles...[2K[1G[36m‚†ô[39m Generating browser application bundles (phase: building)...[2K[1G[36m‚†π[39m Generating browser application bundles (phase: sealing)...[2K[1G[32m‚úî[39m Browser application bundle generation complete.
[37m[39m
[37m[0m[1mInitial Chunk Files[22m                   [2m | [22m[1mNames[22m                   [2m | [22m[1mRaw Size[22m[0m[39m
[37m[0m[92mruntime.js[39m[37m                            [2m | [22mruntime                 [2m | [22m[96m12.65 kB[39m[37m[2m | [22m[0m[39m
[37m[0m[0m[39m
[37m[0m[1mLazy Chunk Files[22m                      [2m | [22m[1mNames[22m                   [2m | [22m[1mRaw Size[22m[0m[39m
[37m[0m[92msrc_app_pages_login_login_module_ts.js[39m[37m[2m | [22mpages-login-login-module[2m | [22m[96m23.23 kB[39m[37m[2m | [22m[0m[39m
[37m[0m[0m[39m
[37m[0m4 unchanged chunks[0m[39m
[37m[0m[0m[39m
[37m[0mBuild at: [1m[37m2023-10-21T18:29:47.074Z[39m[37m[22m - Hash: [1m[37m571f74e1e3e50da3[39m[37m[22m - Time: [1m[37m323[39m[37m[22mms[0m[39m
[1m[31m[39m[22m
[1m[31m[0m[36m./src/app/pages/login/components/login.component.ts[39m[31m[0m - [0m[91mError: [39m[31m[0mModule build failed (from ./node_modules/@angular-devkit/build-angular/src/tools/babel/webpack-loader.js):[39m[22m
[1m[31mSyntaxError: C:\Users\sinan\Desktop\apps\kafe-uygulamasƒ±\frontend\kafe-uygulamasi\src\app\pages\login\components\login.component.ts: Unexpected token (40:12)[39m[22m
[1m[31m[39m[22m
[1m[31m[0m [90m 38 |[39m[31m         [36mthis[39m[31m[33m.[39m[31mauthService[33m.[39m[31mlogin(user[33m.[39m[31musername[33m,[39m[31m user[33m.[39m[31mpassword)[33m.[39m[31mpipe(finalize(() [33m=>[39m[31m {[0m[39m[22m
[1m[31m[0m [90m 39 |[39m[31m             [36mthis[39m[31m[33m.[39m[31m[0m[39m[22m
[1m[31m[0m[31m[1m>[22m[1m[39m[31m[90m 40 |[39m[31m             [33m;[39m[31m[0m[39m[22m
[1m[31m[0m [90m    |[39m[31m             [31m[1m^[22m[1m[39m[31m[0m[39m[22m
[1m[31m[0m [90m 41 |[39m[31m         }))[33m.[39m[31msubscribe((res) [33m=>[39m[31m {[0m[39m[22m
[1m[31m[0m [90m 42 |[39m[31m             [36mthis[39m[31m[33m.[39m[31mauthService[33m.[39m[31msetTokensToLocalStorage(res[33m.[39m[31maccessToken[33m,[39m[31m res[33m.[39m[31mrefreshToken)[33m;[39m[31m[0m[39m[22m
[1m[31m[0m [90m 43 |[39m[31m         })[33m;[39m[31m[0m[39m[22m
[1m[31m[39m[22m
[1m[31m[0m[91mError: [39m[31m[0m[96msrc/app/pages/login/components/login.component.ts[0m:[93m35[0m:[93m5[0m - [91merror[0m[90m TS1003: [0mIdentifier expected.[39m[22m
[1m[31m[39m[22m
[1m[31m[7m35[0m     })).subscribe((res) => {[39m[22m
[1m[31m[7m  [0m [91m    ~[0m[39m[22m
[1m[31m[39m[22m
[1m[31m[39m[22m
[1m[31m[39m[22m
[37m[39m
[37m[91m√ó[39m[37m Failed to compile.[39m
[36m‚†ã[39m Generating browser application bundles...[2K[1G[36m‚†ô[39m Generating browser application bundles (phase: building)...[2K[1G[36m‚†π[39m Generating browser application bundles (phase: building)...[2K[1G[36m‚†∏[39m Generating browser application bundles (phase: sealing)...[2K[1G[36m‚†º[39m Generating browser application bundles (phase: emitting)...[2K[1G[32m‚úî[39m Browser application bundle generation complete.
[37m[39m
[37m[0m[1mInitial Chunk Files[22m                   [2m | [22m[1mNames[22m                   [2m | [22m[1mRaw Size[22m[0m[39m
[37m[0m[92mruntime.js[39m[37m                            [2m | [22mruntime                 [2m | [22m[96m12.65 kB[39m[37m[2m | [22m[0m[39m
[37m[0m[0m[39m
[37m[0m[1mLazy Chunk Files[22m                      [2m | [22m[1mNames[22m                   [2m | [22m[1mRaw Size[22m[0m[39m
[37m[0m[92msrc_app_pages_login_login_module_ts.js[39m[37m[2m | [22mpages-login-login-module[2m | [22m[96m25.05 kB[39m[37m[2m | [22m[0m[39m
[37m[0m[0m[39m
[37m[0m4 unchanged chunks[0m[39m
[37m[0m[0m[39m
[37m[0mBuild at: [1m[37m2023-10-21T18:29:50.380Z[39m[37m[22m - Hash: [1m[37m337d0f90dadcb215[39m[37m[22m - Time: [1m[37m433[39m[37m[22mms[0m[39m
[37m[39m
[37m[92m‚àö[39m[37m Compiled successfully.[39m
[36m‚†ã[39m Generating browser application bundles...[2K[1G[36m‚†ô[39m Generating browser application bundles (phase: building)...[2K[1G[36m‚†π[39m Generating browser application bundles (phase: building)...[2K[1G[36m‚†∏[39m Generating browser application bundles (phase: emitting)...[2K[1G[32m‚úî[39m Browser application bundle generation complete.
[37m[39m
[37m[0m[1mInitial Chunk Files[22m                   [2m | [22m[1mNames[22m                   [2m | [22m[1mRaw Size[22m[0m[39m
[37m[0m[92mruntime.js[39m[37m                            [2m | [22mruntime                 [2m | [22m[96m12.65 kB[39m[37m[2m | [22m[0m[39m
[37m[0m[0m[39m
[37m[0m[1mLazy Chunk Files[22m                      [2m | [22m[1mNames[22m                   [2m | [22m[1mRaw Size[22m[0m[39m
[37m[0m[92msrc_app_pages_login_login_module_ts.js[39m[37m[2m | [22mpages-login-login-module[2m | [22m[96m25.05 kB[39m[37m[2m | [22m[0m[39m
[37m[0m[0m[39m
[37m[0m4 unchanged chunks[0m[39m
[37m[0m[0m[39m
[37m[0mBuild at: [1m[37m2023-10-21T18:29:50.974Z[39m[37m[22m - Hash: [1m[37m41ca25d6559ed243[39m[37m[22m - Time: [1m[37m526[39m[37m[22mms[0m[39m
[37m[39m
[37m[92m‚àö[39m[37m Compiled successfully.[39m
[36m‚†ã[39m Generating browser application bundles...[2K[1G[36m‚†ô[39m Generating browser application bundles (phase: building)...[2K[1G[36m‚†π[39m Generating browser application bundles (phase: building)...[2K[1G[36m‚†∏[39m Generating browser application bundles (phase: emitting)...[2K[1G[32m‚úî[39m Browser application bundle generation complete.
[37m[39m
[37m[0m[1mInitial Chunk Files[22m                   [2m | [22m[1mNames[22m                   [2m | [22m[1mRaw Size[22m[0m[39m
[37m[0m[92mruntime.js[39m[37m                            [2m | [22mruntime                 [2m | [22m[96m12.65 kB[39m[37m[2m | [22m[0m[39m
[37m[0m[0m[39m
[37m[0m[1mLazy Chunk Files[22m                      [2m | [22m[1mNames[22m                   [2m | [22m[1mRaw Size[22m[0m[39m
[37m[0m[92msrc_app_pages_login_login_module_ts.js[39m[37m[2m | [22mpages-login-login-module[2m | [22m[96m24.52 kB[39m[37m[2m | [22m[0m[39m
[37m[0m[0m[39m
[37m[0m4 unchanged chunks[0m[39m
[37m[0m[0m[39m
[37m[0mBuild at: [1m[37m2023-10-21T18:29:57.413Z[39m[37m[22m - Hash: [1m[37ma62e5401c9cf434d[39m[37m[22m - Time: [1m[37m400[39m[37m[22mms[0m[39m
[37m[39m
[37m[92m‚àö[39m[37m Compiled successfully.[39m
[36m‚†ã[39m Generating browser application bundles...[2K[1G[36m‚†ô[39m Generating browser application bundles (phase: building)...[2K[1G[36m‚†π[39m Generating browser application bundles (phase: building)...[2K[1G[36m‚†∏[39m Generating browser application bundles (phase: emitting)...[2K[1G[32m‚úî[39m Browser application bundle generation complete.
[37m[39m
[37m[0m[1mInitial Chunk Files[22m                   [2m | [22m[1mNames[22m                   [2m | [22m[1mRaw Size[22m[0m[39m
[37m[0m[92mruntime.js[39m[37m                            [2m | [22mruntime                 [2m | [22m[96m12.65 kB[39m[37m[2m | [22m[0m[39m
[37m[0m[0m[39m
[37m[0m[1mLazy Chunk Files[22m                      [2m | [22m[1mNames[22m                   [2m | [22m[1mRaw Size[22m[0m[39m
[37m[0m[92msrc_app_pages_login_login_module_ts.js[39m[37m[2m | [22mpages-login-login-module[2m | [22m[96m24.52 kB[39m[37m[2m | [22m[0m[39m
[37m[0m[0m[39m
[37m[0m4 unchanged chunks[0m[39m
[37m[0m[0m[39m
[37m[0mBuild at: [1m[37m2023-10-21T18:30:02.021Z[39m[37m[22m - Hash: [1m[37m16013fe0a373cc65[39m[37m[22m - Time: [1m[37m390[39m[37m[22mms[0m[39m
[37m[39m
[37m[92m‚àö[39m[37m Compiled successfully.[39m
[36m‚†ã[39m Generating browser application bundles...[2K[1G[36m‚†ô[39m Generating browser application bundles (phase: building)...[2K[1G[36m‚†π[39m Generating browser application bundles (phase: sealing)...[2K[1G[32m‚úî[39m Browser application bundle generation complete.
[37m[39m
[37m[0m[1mInitial Chunk Files[22m                   [2m | [22m[1mNames[22m                   [2m | [22m[1mRaw Size[22m[0m[39m
[37m[0m[92mruntime.js[39m[37m                            [2m | [22mruntime                 [2m | [22m[96m12.65 kB[39m[37m[2m | [22m[0m[39m
[37m[0m[0m[39m
[37m[0m[1mLazy Chunk Files[22m                      [2m | [22m[1mNames[22m                   [2m | [22m[1mRaw Size[22m[0m[39m
[37m[0m[92msrc_app_pages_login_login_module_ts.js[39m[37m[2m | [22mpages-login-login-module[2m | [22m[96m24.50 kB[39m[37m[2m | [22m[0m[39m
[37m[0m[0m[39m
[37m[0m4 unchanged chunks[0m[39m
[37m[0m[0m[39m
[37m[0mBuild at: [1m[37m2023-10-21T18:30:10.790Z[39m[37m[22m - Hash: [1m[37mc329b178725e0da2[39m[37m[22m - Time: [1m[37m347[39m[37m[22mms[0m[39m
[1m[31m[39m[22m
[1m[31m[0m[91mError: [39m[31m[0m[96msrc/app/pages/login/components/login.component.ts[0m:[93m36[0m:[93m18[0m - [91merror[0m[90m TS2345: [0mArgument of type 'boolean' is not assignable to parameter of type '() => void'.[39m[22m
[1m[31m[39m[22m
[1m[31m[7m36[0m         finalize(this.loading = false),[39m[22m
[1m[31m[7m  [0m [91m                 ~~~~~~~~~~~~~~~~~~~~[0m[39m[22m
[1m[31m[39m[22m
[1m[31m[39m[22m
[1m[31m[39m[22m
[37m[39m
[37m[91m√ó[39m[37m Failed to compile.[39m
[36m‚†ã[39m Generating browser application bundles...[2K[1G[36m‚†ô[39m Generating browser application bundles (phase: building)...[2K[1G[36m‚†π[39m Generating browser application bundles (phase: building)...[2K[1G[36m‚†∏[39m Generating browser application bundles (phase: emitting)...[2K[1G[32m‚úî[39m Browser application bundle generation complete.
[37m[39m
[37m[0m[1mInitial Chunk Files[22m                   [2m | [22m[1mNames[22m                   [2m | [22m[1mRaw Size[22m[0m[39m
[37m[0m[92mruntime.js[39m[37m                            [2m | [22mruntime                 [2m | [22m[96m12.65 kB[39m[37m[2m | [22m[0m[39m
[37m[0m[0m[39m
[37m[0m[1mLazy Chunk Files[22m                      [2m | [22m[1mNames[22m                   [2m | [22m[1mRaw Size[22m[0m[39m
[37m[0m[92msrc_app_pages_login_login_module_ts.js[39m[37m[2m | [22mpages-login-login-module[2m | [22m[96m24.50 kB[39m[37m[2m | [22m[0m[39m
[37m[0m[0m[39m
[37m[0m4 unchanged chunks[0m[39m
[37m[0m[0m[39m
[37m[0mBuild at: [1m[37m2023-10-21T18:30:16.926Z[39m[37m[22m - Hash: [1m[37mb22be6b15c16206b[39m[37m[22m - Time: [1m[37m374[39m[37m[22mms[0m[39m
[37m[39m
[37m[92m‚àö[39m[37m Compiled successfully.[39m
[36m‚†ã[39m Generating browser application bundles...[2K[1G[36m‚†ô[39m Generating browser application bundles (phase: building)...[2K[1G[36m‚†π[39m Generating browser application bundles (phase: building)...[2K[1G[32m‚úî[39m Browser application bundle generation complete.
[37m[39m
[37m[0m[1mInitial Chunk Files[22m                   [2m | [22m[1mNames[22m                   [2m | [22m[1mRaw Size[22m[0m[39m
[37m[0m[92mruntime.js[39m[37m                            [2m | [22mruntime                 [2m | [22m[96m12.65 kB[39m[37m[2m | [22m[0m[39m
[37m[0m[0m[39m
[37m[0m[1mLazy Chunk Files[22m                      [2m | [22m[1mNames[22m                   [2m | [22m[1mRaw Size[22m[0m[39m
[37m[0m[92msrc_app_pages_login_login_module_ts.js[39m[37m[2m | [22mpages-login-login-module[2m | [22m[96m22.98 kB[39m[37m[2m | [22m[0m[39m
[37m[0m[0m[39m
[37m[0m4 unchanged chunks[0m[39m
[37m[0m[0m[39m
[37m[0mBuild at: [1m[37m2023-10-21T18:31:47.281Z[39m[37m[22m - Hash: [1m[37mcf76fb3f19ea3808[39m[37m[22m - Time: [1m[37m427[39m[37m[22mms[0m[39m
[1m[31m[39m[22m
[1m[31m[0m[36m./src/app/pages/login/components/login.component.ts[39m[31m[0m - [0m[91mError: [39m[31m[0mModule build failed (from ./node_modules/@angular-devkit/build-angular/src/tools/babel/webpack-loader.js):[39m[22m
[1m[31mSyntaxError: C:\Users\sinan\Desktop\apps\kafe-uygulamasƒ±\frontend\kafe-uygulamasi\src\app\pages\login\components\login.component.ts: Unexpected token (44:12)[39m[22m
[1m[31m[39m[22m
[1m[31m[0m [90m 42 |[39m[31m             [36mthis[39m[31m[33m.[39m[31mauthService[33m.[39m[31msetTokensToLocalStorage(res[33m.[39m[31maccessToken[33m,[39m[31m res[33m.[39m[31mrefreshToken)[33m;[39m[31m[0m[39m[22m
[1m[31m[0m [90m 43 |[39m[31m             [36mthis[39m[31m[33m.[39m[31mrouter[33m.[39m[31m[0m[39m[22m
[1m[31m[0m[31m[1m>[22m[1m[39m[31m[90m 44 |[39m[31m             [33m;[39m[31m[0m[39m[22m
[1m[31m[0m [90m    |[39m[31m             [31m[1m^[22m[1m[39m[31m[0m[39m[22m
[1m[31m[0m [90m 45 |[39m[31m         })[33m;[39m[31m[0m[39m[22m
[1m[31m[0m [90m 46 |[39m[31m     }[0m[39m[22m
[1m[31m[0m [90m 47 |[39m[31m     sendAlert(message) {[0m[39m[22m
[1m[31m[39m[22m
[1m[31m[0m[91mError: [39m[31m[0m[96msrc/app/pages/login/components/login.component.ts[0m:[93m39[0m:[93m7[0m - [91merror[0m[90m TS1003: [0mIdentifier expected.[39m[22m
[1m[31m[39m[22m
[1m[31m[7m39[0m       });[39m[22m
[1m[31m[7m  [0m [91m      ~[0m[39m[22m
[1m[31m[39m[22m
[1m[31m[39m[22m
[1m[31m[39m[22m
[37m[39m
[37m[91m√ó[39m[37m Failed to compile.[39m
[36m‚†ã[39m Generating browser application bundles...[2K[1G[36m‚†ô[39m Generating browser application bundles (phase: building)...[2K[1G[36m‚†π[39m Generating browser application bundles (phase: building)...[2K[1G[36m‚†∏[39m Generating browser application bundles (phase: sealing)...[2K[1G[36m‚†º[39m Generating browser application bundles (phase: emitting)...[2K[1G[32m‚úî[39m Browser application bundle generation complete.
[37m[39m
[37m[0m[1mInitial Chunk Files[22m                   [2m | [22m[1mNames[22m                   [2m | [22m[1mRaw Size[22m[0m[39m
[37m[0m[92mruntime.js[39m[37m                            [2m | [22mruntime                 [2m | [22m[96m12.65 kB[39m[37m[2m | [22m[0m[39m
[37m[0m[0m[39m
[37m[0m[1mLazy Chunk Files[22m                      [2m | [22m[1mNames[22m                   [2m | [22m[1mRaw Size[22m[0m[39m
[37m[0m[92msrc_app_pages_login_login_module_ts.js[39m[37m[2m | [22mpages-login-login-module[2m | [22m[96m24.54 kB[39m[37m[2m | [22m[0m[39m
[37m[0m[0m[39m
[37m[0m4 unchanged chunks[0m[39m
[37m[0m[0m[39m
[37m[0mBuild at: [1m[37m2023-10-21T18:31:51.677Z[39m[37m[22m - Hash: [1m[37m777afd201f3fcc67[39m[37m[22m - Time: [1m[37m415[39m[37m[22mms[0m[39m
[37m[39m
[37m[92m‚àö[39m[37m Compiled successfully.[39m
[36m‚†ã[39m Generating browser application bundles...[2K[1G[36m‚†ô[39m Generating browser application bundles (phase: building)...[2K[1G[36m‚†π[39m Generating browser application bundles (phase: building)...[2K[1G[36m‚†∏[39m Generating browser application bundles (phase: building)...[2K[1G[36m‚†º[39m Generating browser application bundles (phase: emitting)...[2K[1G[32m‚úî[39m Browser application bundle generation complete.
[37m[39m
[37m[0m[1mInitial Chunk Files[22m                   [2m | [22m[1mNames[22m                   [2m | [22m[1mRaw Size[22m[0m[39m
[37m[0m[92mruntime.js[39m[37m                            [2m | [22mruntime                 [2m | [22m[96m12.65 kB[39m[37m[2m | [22m[0m[39m
[37m[0m[0m[39m
[37m[0m[1mLazy Chunk Files[22m                      [2m | [22m[1mNames[22m                   [2m | [22m[1mRaw Size[22m[0m[39m
[37m[0m[92msrc_app_pages_login_login_module_ts.js[39m[37m[2m | [22mpages-login-login-module[2m | [22m[96m24.10 kB[39m[37m[2m | [22m[0m[39m
[37m[0m[0m[39m
[37m[0m4 unchanged chunks[0m[39m
[37m[0m[0m[39m
[37m[0mBuild at: [1m[37m2023-10-21T18:33:30.650Z[39m[37m[22m - Hash: [1m[37m72c53ab38e6610c1[39m[37m[22m - Time: [1m[37m547[39m[37m[22mms[0m[39m
[37m[39m
[37m[92m‚àö[39m[37m Compiled successfully.[39m
[36m‚†ã[39m Generating browser application bundles...[2K[1G[36m‚†ô[39m Generating browser application bundles (phase: building)...[2K[1G[36m‚†π[39m Generating browser application bundles (phase: building)...[2K[1G[36m‚†∏[39m Generating browser application bundles (phase: emitting)...[2K[1G[32m‚úî[39m Browser application bundle generation complete.
[37m[39m
[37m[0m[1mInitial Chunk Files[22m                   [2m | [22m[1mNames[22m                   [2m | [22m[1mRaw Size[22m[0m[39m
[37m[0m[92mruntime.js[39m[37m                            [2m | [22mruntime                 [2m | [22m[96m12.65 kB[39m[37m[2m | [22m[0m[39m
[37m[0m[0m[39m
[37m[0m[1mLazy Chunk Files[22m                      [2m | [22m[1mNames[22m                   [2m | [22m[1mRaw Size[22m[0m[39m
[37m[0m[92msrc_app_pages_login_login_module_ts.js[39m[37m[2m | [22mpages-login-login-module[2m | [22m[96m24.10 kB[39m[37m[2m | [22m[0m[39m
[37m[0m[0m[39m
[37m[0m4 unchanged chunks[0m[39m
[37m[0m[0m[39m
[37m[0mBuild at: [1m[37m2023-10-21T18:33:33.954Z[39m[37m[22m - Hash: [1m[37mf2e7f9cfbf50df99[39m[37m[22m - Time: [1m[37m479[39m[37m[22mms[0m[39m
[37m[39m
[37m[92m‚àö[39m[37m Compiled successfully.[39m
[36m‚†ã[39m Generating browser application bundles...[2K[1G[36m‚†ô[39m Generating browser application bundles (phase: building)...[2K[1G[36m‚†π[39m Generating browser application bundles (phase: building)...[2K[1G[36m‚†∏[39m Generating browser application bundles (phase: emitting)...[2K[1G[32m‚úî[39m Browser application bundle generation complete.
[37m[39m
[37m[0m[1mInitial Chunk Files[22m                   [2m | [22m[1mNames[22m                   [2m | [22m[1mRaw Size[22m[0m[39m
[37m[0m[92mruntime.js[39m[37m                            [2m | [22mruntime                 [2m | [22m[96m12.65 kB[39m[37m[2m | [22m[0m[39m
[37m[0m[0m[39m
[37m[0m[1mLazy Chunk Files[22m                      [2m | [22m[1mNames[22m                   [2m | [22m[1mRaw Size[22m[0m[39m
[37m[0m[92msrc_app_pages_login_login_module_ts.js[39m[37m[2m | [22mpages-login-login-module[2m | [22m[96m23.95 kB[39m[37m[2m | [22m[0m[39m
[37m[0m[0m[39m
[37m[0m4 unchanged chunks[0m[39m
[37m[0m[0m[39m
[37m[0mBuild at: [1m[37m2023-10-21T18:33:49.418Z[39m[37m[22m - Hash: [1m[37m24e550d31c70daf9[39m[37m[22m - Time: [1m[37m378[39m[37m[22mms[0m[39m
[37m[39m
[37m[92m‚àö[39m[37m Compiled successfully.[39m
[36m‚†ã[39m Generating browser application bundles...[2K[1G[36m‚†ô[39m Generating browser application bundles (phase: building)...[2K[1G[36m‚†π[39m Generating browser application bundles (phase: building)...[2K[1G[36m‚†∏[39m Generating browser application bundles (phase: emitting)...[2K[1G[32m‚úî[39m Browser application bundle generation complete.
[37m[39m
[37m[0m[1mInitial Chunk Files[22m                   [2m | [22m[1mNames[22m                   [2m | [22m[1mRaw Size[22m[0m[39m
[37m[0m[92mruntime.js[39m[37m                            [2m | [22mruntime                 [2m | [22m[96m12.65 kB[39m[37m[2m | [22m[0m[39m
[37m[0m[0m[39m
[37m[0m[1mLazy Chunk Files[22m                      [2m | [22m[1mNames[22m                   [2m | [22m[1mRaw Size[22m[0m[39m
[37m[0m[92msrc_app_pages_login_login_module_ts.js[39m[37m[2m | [22mpages-login-login-module[2m | [22m[96m23.95 kB[39m[37m[2m | [22m[0m[39m
[37m[0m[0m[39m
[37m[0m4 unchanged chunks[0m[39m
[37m[0m[0m[39m
[37m[0mBuild at: [1m[37m2023-10-21T18:33:55.050Z[39m[37m[22m - Hash: [1m[37maa09ff3338a526c3[39m[37m[22m - Time: [1m[37m385[39m[37m[22mms[0m[39m
[37m[39m
[37m[92m‚àö[39m[37m Compiled successfully.[39m
[36m‚†ã[39m Generating browser application bundles...[2K[1G[36m‚†ô[39m Generating browser application bundles (phase: building)...[2K[1G[36m‚†π[39m Generating browser application bundles (phase: building)...[2K[1G[36m‚†∏[39m Generating browser application bundles (phase: emitting)...[2K[1G[32m‚úî[39m Browser application bundle generation complete.
[37m[39m
[37m[0m[1mInitial Chunk Files[22m                   [2m | [22m[1mNames[22m                   [2m | [22m[1mRaw Size[22m[0m[39m
[37m[0m[92mruntime.js[39m[37m                            [2m | [22mruntime                 [2m | [22m[96m12.65 kB[39m[37m[2m | [22m[0m[39m
[37m[0m[0m[39m
[37m[0m[1mLazy Chunk Files[22m                      [2m | [22m[1mNames[22m                   [2m | [22m[1mRaw Size[22m[0m[39m
[37m[0m[92msrc_app_pages_login_login_module_ts.js[39m[37m[2m | [22mpages-login-login-module[2m | [22m[96m23.66 kB[39m[37m[2m | [22m[0m[39m
[37m[0m[0m[39m
[37m[0m4 unchanged chunks[0m[39m
[37m[0m[0m[39m
[37m[0mBuild at: [1m[37m2023-10-21T18:33:58.694Z[39m[37m[22m - Hash: [1m[37m541323362370879c[39m[37m[22m - Time: [1m[37m385[39m[37m[22mms[0m[39m
[37m[39m
[37m[92m‚àö[39m[37m Compiled successfully.[39m
[36m‚†ã[39m Generating browser application bundles...[2K[1G[36m‚†ô[39m Generating browser application bundles (phase: building)...[2K[1G[36m‚†π[39m Generating browser application bundles (phase: building)...[2K[1G[36m‚†∏[39m Generating browser application bundles (phase: sealing)...[2K[1G[36m‚†º[39m Generating browser application bundles (phase: emitting)...[2K[1G[32m‚úî[39m Browser application bundle generation complete.
[37m[39m
[37m[0m[1mInitial Chunk Files[22m                   [2m | [22m[1mNames[22m                   [2m | [22m[1mRaw Size[22m[0m[39m
[37m[0m[92mruntime.js[39m[37m                            [2m | [22mruntime                 [2m | [22m[96m12.65 kB[39m[37m[2m | [22m[0m[39m
[37m[0m[0m[39m
[37m[0m[1mLazy Chunk Files[22m                      [2m | [22m[1mNames[22m                   [2m | [22m[1mRaw Size[22m[0m[39m
[37m[0m[92msrc_app_pages_login_login_module_ts.js[39m[37m[2m | [22mpages-login-login-module[2m | [22m[96m23.66 kB[39m[37m[2m | [22m[0m[39m
[37m[0m[0m[39m
[37m[0m4 unchanged chunks[0m[39m
[37m[0m[0m[39m
[37m[0mBuild at: [1m[37m2023-10-21T18:33:59.948Z[39m[37m[22m - Hash: [1m[37m2e66a84e8825c6a8[39m[37m[22m - Time: [1m[37m509[39m[37m[22mms[0m[39m
[37m[39m
[37m[92m‚àö[39m[37m Compiled successfully.[39m
[36m‚†ã[39m Generating browser application bundles...[2K[1G[36m‚†ô[39m Generating browser application bundles (phase: building)...[2K[1G[36m‚†π[39m Generating browser application bundles (phase: building)...[2K[1G[36m‚†∏[39m Generating browser application bundles (phase: emitting)...[2K[1G[32m‚úî[39m Browser application bundle generation complete.
[37m[39m
[37m[0m[1mInitial Chunk Files[22m                   [2m | [22m[1mNames[22m                   [2m | [22m[1mRaw Size[22m[0m[39m
[37m[0m[92mruntime.js[39m[37m                            [2m | [22mruntime                 [2m | [22m[96m12.65 kB[39m[37m[2m | [22m[0m[39m
[37m[0m[0m[39m
[37m[0m[1mLazy Chunk Files[22m                      [2m | [22m[1mNames[22m                   [2m | [22m[1mRaw Size[22m[0m[39m
[37m[0m[92msrc_app_pages_login_login_module_ts.js[39m[37m[2m | [22mpages-login-login-module[2m | [22m[96m23.66 kB[39m[37m[2m | [22m[0m[39m
[37m[0m[0m[39m
[37m[0m4 unchanged chunks[0m[39m
[37m[0m[0m[39m
[37m[0mBuild at: [1m[37m2023-10-21T18:34:19.933Z[39m[37m[22m - Hash: [1m[37macf9a4abe4241089[39m[37m[22m - Time: [1m[37m466[39m[37m[22mms[0m[39m
[37m[39m
[37m[92m‚àö[39m[37m Compiled successfully.[39m
[36m‚†ã[39m Generating browser application bundles...[2K[1G[36m‚†ô[39m Generating browser application bundles (phase: building)...[2K[1G[36m‚†π[39m Generating browser application bundles (phase: building)...[2K[1G[32m‚úî[39m Browser application bundle generation complete.
[37m[39m
[37m[0m[1mInitial Chunk Files[22m                   [2m | [22m[1mNames[22m                   [2m | [22m[1mRaw Size[22m[0m[39m
[37m[0m[92mruntime.js[39m[37m                            [2m | [22mruntime                 [2m | [22m[96m12.65 kB[39m[37m[2m | [22m[0m[39m
[37m[0m[0m[39m
[37m[0m[1mLazy Chunk Files[22m                      [2m | [22m[1mNames[22m                   [2m | [22m[1mRaw Size[22m[0m[39m
[37m[0m[92msrc_app_pages_login_login_module_ts.js[39m[37m[2m | [22mpages-login-login-module[2m | [22m[96m23.74 kB[39m[37m[2m | [22m[0m[39m
[37m[0m[0m[39m
[37m[0m4 unchanged chunks[0m[39m
[37m[0m[0m[39m
[37m[0mBuild at: [1m[37m2023-10-21T18:34:27.893Z[39m[37m[22m - Hash: [1m[37m98f56c3172edb8ec[39m[37m[22m - Time: [1m[37m361[39m[37m[22mms[0m[39m
[1m[31m[39m[22m
[1m[31m[0m[91mError: [39m[31m[0m[96msrc/app/pages/login/components/login.component.ts[0m:[93m14[0m:[93m3[0m - [91merror[0m[90m TS2687: [0mAll declarations of 'authService' must have identical modifiers.[39m[22m
[1m[31m[39m[22m
[1m[31m[7m14[0m   authService = inject(AuthService);[39m[22m
[1m[31m[7m  [0m [91m  ~~~~~~~~~~~[0m[39m[22m
[1m[31m[39m[22m
[1m[31m[39m[22m
[1m[31m[0m[91mError: [39m[31m[0m[96msrc/app/pages/login/components/login.component.ts[0m:[93m14[0m:[93m17[0m - [91merror[0m[90m TS2304: [0mCannot find name 'inject'.[39m[22m
[1m[31m[39m[22m
[1m[31m[7m14[0m   authService = inject(AuthService);[39m[22m
[1m[31m[7m  [0m [91m                ~~~~~~[0m[39m[22m
[1m[31m[39m[22m
[1m[31m[39m[22m
[1m[31m[0m[91mError: [39m[31m[0m[96msrc/app/pages/login/components/login.component.ts[0m:[93m17[0m:[93m23[0m - [91merror[0m[90m TS2300: [0mDuplicate identifier 'authService'.[39m[22m
[1m[31m[39m[22m
[1m[31m[7m17[0m   constructor(private authService: AuthService, private router: Router) {}[39m[22m
[1m[31m[7m  [0m [91m                      ~~~~~~~~~~~[0m[39m[22m
[1m[31m[39m[22m
[1m[31m[39m[22m
[1m[31m[0m[91mError: [39m[31m[0m[96msrc/app/pages/login/components/login.component.ts[0m:[93m17[0m:[93m23[0m - [91merror[0m[90m TS2687: [0mAll declarations of 'authService' must have identical modifiers.[39m[22m
[1m[31m[39m[22m
[1m[31m[7m17[0m   constructor(private authService: AuthService, private router: Router) {}[39m[22m
[1m[31m[7m  [0m [91m                      ~~~~~~~~~~~[0m[39m[22m
[1m[31m[39m[22m
[1m[31m[39m[22m
[1m[31m[0m[91mError: [39m[31m[0m[96msrc/app/pages/login/components/login.component.ts[0m:[93m24[0m:[93m19[0m - [91merror[0m[90m TS7006: [0mParameter 'res' implicitly has an 'any' type.[39m[22m
[1m[31m[39m[22m
[1m[31m[7m24[0m       .subscribe((res) => {[39m[22m
[1m[31m[7m  [0m [91m                  ~~~[0m[39m[22m
[1m[31m[39m[22m
[1m[31m[39m[22m
[1m[31m[39m[22m
[37m[39m
[37m[91m√ó[39m[37m Failed to compile.[39m
[36m‚†ã[39m Generating browser application bundles...[2K[1G[36m‚†ô[39m Generating browser application bundles (phase: building)...[2K[1G[36m‚†π[39m Generating browser application bundles (phase: building)...[2K[1G[32m‚úî[39m Browser application bundle generation complete.
[37m[39m
[37m[0m[1mInitial Chunk Files[22m                   [2m | [22m[1mNames[22m                   [2m | [22m[1mRaw Size[22m[0m[39m
[37m[0m[92mruntime.js[39m[37m                            [2m | [22mruntime                 [2m | [22m[96m12.65 kB[39m[37m[2m | [22m[0m[39m
[37m[0m[0m[39m
[37m[0m[1mLazy Chunk Files[22m                      [2m | [22m[1mNames[22m                   [2m | [22m[1mRaw Size[22m[0m[39m
[37m[0m[92msrc_app_pages_login_login_module_ts.js[39m[37m[2m | [22mpages-login-login-module[2m | [22m[96m23.79 kB[39m[37m[2m | [22m[0m[39m
[37m[0m[0m[39m
[37m[0m4 unchanged chunks[0m[39m
[37m[0m[0m[39m
[37m[0mBuild at: [1m[37m2023-10-21T18:34:30.998Z[39m[37m[22m - Hash: [1m[37m63b0ebb491e1340c[39m[37m[22m - Time: [1m[37m396[39m[37m[22mms[0m[39m
[1m[31m[39m[22m
[1m[31m[0m[91mError: [39m[31m[0m[96msrc/app/pages/login/components/login.component.ts[0m:[93m14[0m:[93m3[0m - [91merror[0m[90m TS2687: [0mAll declarations of 'authService' must have identical modifiers.[39m[22m
[1m[31m[39m[22m
[1m[31m[7m14[0m   authService = inject(AuthService);[39m[22m
[1m[31m[7m  [0m [91m  ~~~~~~~~~~~[0m[39m[22m
[1m[31m[39m[22m
[1m[31m[39m[22m
[1m[31m[0m[91mError: [39m[31m[0m[96msrc/app/pages/login/components/login.component.ts[0m:[93m17[0m:[93m23[0m - [91merror[0m[90m TS2300: [0mDuplicate identifier 'authService'.[39m[22m
[1m[31m[39m[22m
[1m[31m[7m17[0m   constructor(private authService: AuthService, private router: Router) {}[39m[22m
[1m[31m[7m  [0m [91m                      ~~~~~~~~~~~[0m[39m[22m
[1m[31m[39m[22m
[1m[31m[39m[22m
[1m[31m[0m[91mError: [39m[31m[0m[96msrc/app/pages/login/components/login.component.ts[0m:[93m17[0m:[93m23[0m - [91merror[0m[90m TS2687: [0mAll declarations of 'authService' must have identical modifiers.[39m[22m
[1m[31m[39m[22m
[1m[31m[7m17[0m   constructor(private authService: AuthService, private router: Router) {}[39m[22m
[1m[31m[7m  [0m [91m                      ~~~~~~~~~~~[0m[39m[22m
[1m[31m[39m[22m
[1m[31m[39m[22m
[1m[31m[39m[22m
[37m[39m
[37m[91m√ó[39m[37m Failed to compile.[39m
[36m‚†ã[39m Generating browser application bundles...[2K[1G[36m‚†ô[39m Generating browser application bundles (phase: building)...[2K[1G[36m‚†π[39m Generating browser application bundles (phase: building)...[2K[1G[32m‚úî[39m Browser application bundle generation complete.
[37m[39m
[37m[0m[1mInitial Chunk Files[22m                   [2m | [22m[1mNames[22m                   [2m | [22m[1mRaw Size[22m[0m[39m
[37m[0m[92mruntime.js[39m[37m                            [2m | [22mruntime                 [2m | [22m[96m12.65 kB[39m[37m[2m | [22m[0m[39m
[37m[0m[0m[39m
[37m[0m[1mLazy Chunk Files[22m                      [2m | [22m[1mNames[22m                   [2m | [22m[1mRaw Size[22m[0m[39m
[37m[0m[92msrc_app_pages_login_login_module_ts.js[39m[37m[2m | [22mpages-login-login-module[2m | [22m[96m23.91 kB[39m[37m[2m | [22m[0m[39m
[37m[0m[0m[39m
[37m[0m4 unchanged chunks[0m[39m
[37m[0m[0m[39m
[37m[0mBuild at: [1m[37m2023-10-21T18:34:32.738Z[39m[37m[22m - Hash: [1m[37m93e0826e1f3dc153[39m[37m[22m - Time: [1m[37m328[39m[37m[22mms[0m[39m
[1m[31m[39m[22m
[1m[31m[0m[91mError: [39m[31m[0m[96msrc/app/pages/login/components/login.component.ts[0m:[93m14[0m:[93m3[0m - [91merror[0m[90m TS2687: [0mAll declarations of 'authService' must have identical modifiers.[39m[22m
[1m[31m[39m[22m
[1m[31m[7m14[0m   authService = inject(AuthService);[39m[22m
[1m[31m[7m  [0m [91m  ~~~~~~~~~~~[0m[39m[22m
[1m[31m[39m[22m
[1m[31m[39m[22m
[1m[31m[0m[91mError: [39m[31m[0m[96msrc/app/pages/login/components/login.component.ts[0m:[93m15[0m:[93m3[0m - [91merror[0m[90m TS2300: [0mDuplicate identifier 'authService'.[39m[22m
[1m[31m[39m[22m
[1m[31m[7m15[0m   authService = inject(AuthService);[39m[22m
[1m[31m[7m  [0m [91m  ~~~~~~~~~~~[0m[39m[22m
[1m[31m[39m[22m
[1m[31m[39m[22m
[1m[31m[0m[91mError: [39m[31m[0m[96msrc/app/pages/login/components/login.component.ts[0m:[93m18[0m:[93m23[0m - [91merror[0m[90m TS2300: [0mDuplicate identifier 'authService'.[39m[22m
[1m[31m[39m[22m
[1m[31m[7m18[0m   constructor(private authService: AuthService, private router: Router) {}[39m[22m
[1m[31m[7m  [0m [91m                      ~~~~~~~~~~~[0m[39m[22m
[1m[31m[39m[22m
[1m[31m[39m[22m
[1m[31m[0m[91mError: [39m[31m[0m[96msrc/app/pages/login/components/login.component.ts[0m:[93m18[0m:[93m23[0m - [91merror[0m[90m TS2687: [0mAll declarations of 'authService' must have identical modifiers.[39m[22m
[1m[31m[39m[22m
[1m[31m[7m18[0m   constructor(private authService: AuthService, private router: Router) {}[39m[22m
[1m[31m[7m  [0m [91m                      ~~~~~~~~~~~[0m[39m[22m
[1m[31m[39m[22m
[1m[31m[39m[22m
[1m[31m[39m[22m
[37m[39m
[37m[91m√ó[39m[37m Failed to compile.[39m
[36m‚†ã[39m Generating browser application bundles...[2K[1G[36m‚†ô[39m Generating browser application bundles (phase: building)...[2K[1G[36m‚†π[39m Generating browser application bundles (phase: building)...[2K[1G[36m‚†∏[39m Generating browser application bundles (phase: sealing)...[2K[1G[32m‚úî[39m Browser application bundle generation complete.
[37m[39m
[37m[0m[1mInitial Chunk Files[22m                   [2m | [22m[1mNames[22m                   [2m | [22m[1mRaw Size[22m[0m[39m
[37m[0m[92mruntime.js[39m[37m                            [2m | [22mruntime                 [2m | [22m[96m12.65 kB[39m[37m[2m | [22m[0m[39m
[37m[0m[0m[39m
[37m[0m[1mLazy Chunk Files[22m                      [2m | [22m[1mNames[22m                   [2m | [22m[1mRaw Size[22m[0m[39m
[37m[0m[92msrc_app_pages_login_login_module_ts.js[39m[37m[2m | [22mpages-login-login-module[2m | [22m[96m23.90 kB[39m[37m[2m | [22m[0m[39m
[37m[0m[0m[39m
[37m[0m4 unchanged chunks[0m[39m
[37m[0m[0m[39m
[37m[0mBuild at: [1m[37m2023-10-21T18:34:34.787Z[39m[37m[22m - Hash: [1m[37m86b5fce1329e353d[39m[37m[22m - Time: [1m[37m416[39m[37m[22mms[0m[39m
[1m[31m[39m[22m
[1m[31m[0m[91mError: [39m[31m[0m[96msrc/app/pages/login/components/login.component.ts[0m:[93m14[0m:[93m3[0m - [91merror[0m[90m TS2687: [0mAll declarations of 'authService' must have identical modifiers.[39m[22m
[1m[31m[39m[22m
[1m[31m[7m14[0m   authService = inject(AuthService);[39m[22m
[1m[31m[7m  [0m [91m  ~~~~~~~~~~~[0m[39m[22m
[1m[31m[39m[22m
[1m[31m[39m[22m
[1m[31m[0m[91mError: [39m[31m[0m[96msrc/app/pages/login/components/login.component.ts[0m:[93m15[0m:[93m3[0m - [91merror[0m[90m TS2687: [0mAll declarations of 'router' must have identical modifiers.[39m[22m
[1m[31m[39m[22m
[1m[31m[7m15[0m   router = inject(AuthService);[39m[22m
[1m[31m[7m  [0m [91m  ~~~~~~[0m[39m[22m
[1m[31m[39m[22m
[1m[31m[39m[22m
[1m[31m[0m[91mError: [39m[31m[0m[96msrc/app/pages/login/components/login.component.ts[0m:[93m18[0m:[93m23[0m - [91merror[0m[90m TS2300: [0mDuplicate identifier 'authService'.[39m[22m
[1m[31m[39m[22m
[1m[31m[7m18[0m   constructor(private authService: AuthService, private router: Router) {}[39m[22m
[1m[31m[7m  [0m [91m                      ~~~~~~~~~~~[0m[39m[22m
[1m[31m[39m[22m
[1m[31m[39m[22m
[1m[31m[0m[91mError: [39m[31m[0m[96msrc/app/pages/login/components/login.component.ts[0m:[93m18[0m:[93m23[0m - [91merror[0m[90m TS2687: [0mAll declarations of 'authService' must have identical modifiers.[39m[22m
[1m[31m[39m[22m
[1m[31m[7m18[0m   constructor(private authService: AuthService, private router: Router) {}[39m[22m
[1m[31m[7m  [0m [91m                      ~~~~~~~~~~~[0m[39m[22m
[1m[31m[39m[22m
[1m[31m[39m[22m
[1m[31m[0m[91mError: [39m[31m[0m[96msrc/app/pages/login/components/login.component.ts[0m:[93m18[0m:[93m57[0m - [91merror[0m[90m TS2300: [0mDuplicate identifier 'router'.[39m[22m
[1m[31m[39m[22m
[1m[31m[7m18[0m   constructor(private authService: AuthService, private router: Router) {}[39m[22m
[1m[31m[7m  [0m [91m                                                        ~~~~~~[0m[39m[22m
[1m[31m[39m[22m
[1m[31m[39m[22m
[1m[31m[0m[91mError: [39m[31m[0m[96msrc/app/pages/login/components/login.component.ts[0m:[93m18[0m:[93m57[0m - [91merror[0m[90m TS2403: [0mSubsequent variable declarations must have the same type.  Variable 'router' must be of type 'AuthService', but here has type 'Router'.[39m[22m
[1m[31m[39m[22m
[1m[31m[7m18[0m   constructor(private authService: AuthService, private router: Router) {}[39m[22m
[1m[31m[7m  [0m [91m            [39m[22m[1m[31m                                            ~~~~~~[0m[39m[22m
[1m[31m[39m[22m
[1m[31m  [96msrc/app/pages/login/components/login.component.ts[0m:[93m15[0m:[93m3[0m[39m[22m
[1m[31m    [7m15[0m   router = inject(AuthService);[39m[22m
[1m[31m    [7m  [0m [96m  ~~~~~~[0m[39m[22m
[1m[31m    'router' was also declared here.[39m[22m
[1m[31m[39m[22m
[1m[31m[39m[22m
[1m[31m[0m[91mError: [39m[31m[0m[96msrc/app/pages/login/components/login.component.ts[0m:[93m18[0m:[93m57[0m - [91merror[0m[90m TS2687: [0mAll declarations of 'router' must have identical modifiers.[39m[22m
[1m[31m[39m[22m
[1m[31m[7m18[0m   constructor(private authService: AuthService, private router: Router) {}[39m[22m
[1m[31m[7m  [0m [91m                                                        ~~~~~~[0m[39m[22m
[1m[31m[39m[22m
[1m[31m[39m[22m
[1m[31m[0m[91mError: [39m[31m[0m[96msrc/app/pages/login/components/login.component.ts[0m:[93m27[0m:[93m21[0m - [91merror[0m[90m TS2339: [0mProperty 'navigate' does not exist on type 'AuthService'.[39m[22m
[1m[31m[39m[22m
[1m[31m[7m27[0m         this.router.navigate(['']);[39m[22m
[1m[31m[7m  [0m [91m                    ~~~~~~~~[0m[39m[22m
[1m[31m[39m[22m
[1m[31m[39m[22m
[1m[31m[39m[22m
[37m[39m
[37m[91m√ó[39m[37m Failed to compile.[39m
[36m‚†ã[39m Generating browser application bundles...[2K[1G[36m‚†ô[39m Generating browser application bundles (phase: building)...[2K[1G[36m‚†π[39m Generating browser application bundles (phase: sealing)...[2K[1G[36m‚†∏[39m Generating browser application bundles (phase: emitting)...[2K[1G[32m‚úî[39m Browser application bundle generation complete.
[37m[39m
[37m[0m[1mInitial Chunk Files[22m                   [2m | [22m[1mNames[22m                   [2m | [22m[1mRaw Size[22m[0m[39m
[37m[0m[92mruntime.js[39m[37m                            [2m | [22mruntime                 [2m | [22m[96m12.65 kB[39m[37m[2m | [22m[0m[39m
[37m[0m[0m[39m
[37m[0m[1mLazy Chunk Files[22m                      [2m | [22m[1mNames[22m                   [2m | [22m[1mRaw Size[22m[0m[39m
[37m[0m[92msrc_app_pages_login_login_module_ts.js[39m[37m[2m | [22mpages-login-login-module[2m | [22m[96m23.60 kB[39m[37m[2m | [22m[0m[39m
[37m[0m[0m[39m
[37m[0m4 unchanged chunks[0m[39m
[37m[0m[0m[39m
[37m[0mBuild at: [1m[37m2023-10-21T18:34:37.005Z[39m[37m[22m - Hash: [1m[37ma10ac8ffde061e4a[39m[37m[22m - Time: [1m[37m398[39m[37m[22mms[0m[39m
[37m[39m
[37m[92m‚àö[39m[37m Compiled successfully.[39m
[36m‚†ã[39m Generating browser application bundles...[2K[1G[36m‚†ô[39m Generating browser application bundles (phase: building)...[2K[1G[36m‚†π[39m Generating browser application bundles (phase: building)...[2K[1G[36m‚†∏[39m Generating browser application bundles (phase: emitting)...[2K[1G[32m‚úî[39m Browser application bundle generation complete.
[37m[39m
[37m[0m[1mInitial Chunk Files[22m                   [2m | [22m[1mNames[22m                   [2m | [22m[1mRaw Size[22m[0m[39m
[37m[0m[92mruntime.js[39m[37m                            [2m | [22mruntime                 [2m | [22m[96m12.65 kB[39m[37m[2m | [22m[0m[39m
[37m[0m[0m[39m
[37m[0m[1mLazy Chunk Files[22m                      [2m | [22m[1mNames[22m                   [2m | [22m[1mRaw Size[22m[0m[39m
[37m[0m[92msrc_app_pages_login_login_module_ts.js[39m[37m[2m | [22mpages-login-login-module[2m | [22m[96m23.60 kB[39m[37m[2m | [22m[0m[39m
[37m[0m[0m[39m
[37m[0m4 unchanged chunks[0m[39m
[37m[0m[0m[39m
[37m[0mBuild at: [1m[37m2023-10-21T18:34:45.473Z[39m[37m[22m - Hash: [1m[37m439498fb6da9eff4[39m[37m[22m - Time: [1m[37m383[39m[37m[22mms[0m[39m
[37m[39m
[37m[92m‚àö[39m[37m Compiled successfully.[39m
[36m‚†ã[39m Generating browser application bundles...[2K[1G[36m‚†ô[39m Generating browser application bundles (phase: building)...[2K[1G[36m‚†π[39m Generating browser application bundles (phase: sealing)...[2K[1G[36m‚†∏[39m Generating browser application bundles (phase: emitting)...[2K[1G[32m‚úî[39m Browser application bundle generation complete.
[37m[39m
[37m[0m[1mInitial Chunk Files[22m                   [2m | [22m[1mNames[22m                   [2m | [22m[1mRaw Size[22m[0m[39m
[37m[0m[92mruntime.js[39m[37m                            [2m | [22mruntime                 [2m | [22m[96m12.65 kB[39m[37m[2m | [22m[0m[39m
[37m[0m[0m[39m
[37m[0m[1mLazy Chunk Files[22m                      [2m | [22m[1mNames[22m                   [2m | [22m[1mRaw Size[22m[0m[39m
[37m[0m[92msrc_app_pages_login_login_module_ts.js[39m[37m[2m | [22mpages-login-login-module[2m | [22m[96m23.60 kB[39m[37m[2m | [22m[0m[39m
[37m[0m[0m[39m
[37m[0m4 unchanged chunks[0m[39m
[37m[0m[0m[39m
[37m[0mBuild at: [1m[37m2023-10-21T18:34:48.428Z[39m[37m[22m - Hash: [1m[37ma52b1346ef40fca0[39m[37m[22m - Time: [1m[37m334[39m[37m[22mms[0m[39m
[37m[39m
[37m[92m‚àö[39m[37m Compiled successfully.[39m
[36m‚†ã[39m Generating browser application bundles...[2K[1G[36m‚†ô[39m Generating browser application bundles (phase: building)...[2K[1G[36m‚†π[39m Generating browser application bundles (phase: building)...[2K[1G[36m‚†∏[39m Generating browser application bundles (phase: emitting)...[2K[1G[32m‚úî[39m Browser application bundle generation complete.
[37m[39m
[37m[0m[1mInitial Chunk Files[22m                   [2m | [22m[1mNames[22m                   [2m | [22m[1mRaw Size[22m[0m[39m
[37m[0m[92mruntime.js[39m[37m                            [2m | [22mruntime                 [2m | [22m[96m12.65 kB[39m[37m[2m | [22m[0m[39m
[37m[0m[0m[39m
[37m[0m[1mLazy Chunk Files[22m                      [2m | [22m[1mNames[22m                   [2m | [22m[1mRaw Size[22m[0m[39m
[37m[0m[92msrc_app_pages_login_login_module_ts.js[39m[37m[2m | [22mpages-login-login-module[2m | [22m[96m23.60 kB[39m[37m[2m | [22m[0m[39m
[37m[0m[0m[39m
[37m[0m4 unchanged chunks[0m[39m
[37m[0m[0m[39m
[37m[0mBuild at: [1m[37m2023-10-21T18:34:48.845Z[39m[37m[22m - Hash: [1m[37m82855747cdbfcf61[39m[37m[22m - Time: [1m[37m386[39m[37m[22mms[0m[39m
[37m[39m
[37m[92m‚àö[39m[37m Compiled successfully.[39m
