[36m‚†ã[39m Generating browser application bundles (phase: setup)...[2K[1G[36m‚†ô[39m Generating browser application bundles (phase: setup)...[2K[1G[36m‚†π[39m Generating browser application bundles (phase: building)...[2K[1G[36m‚†∏[39m Generating browser application bundles (phase: building)...[2K[1G[36m‚†º[39m Generating browser application bundles (phase: building)...[2K[1G[36m‚†¥[39m Generating browser application bundles (phase: building)...[2K[1G[36m‚†¶[39m Generating browser application bundles (phase: building)...[2K[1G[36m‚†ß[39m Generating browser application bundles (phase: building)...[2K[1G[36m‚†á[39m Generating browser application bundles (phase: building)...[2K[1G[36m‚†è[39m Generating browser application bundles (phase: building)...[2K[1G[36m‚†ã[39m Generating browser application bundles (phase: building)...[2K[1G[36m‚†ô[39m Generating browser application bundles (phase: building)...[2K[1G[36m‚†π[39m Generating browser application bundles (phase: building)...[2K[1G[36m‚†∏[39m Generating browser application bundles (phase: building)...[2K[1G[36m‚†º[39m Generating browser application bundles (phase: building)...[2K[1G[36m‚†¥[39m Generating browser application bundles (phase: sealing)...[2K[1G[36m‚†¶[39m Generating browser application bundles (phase: emitting)...[2K[1G[32m‚úî[39m Browser application bundle generation complete.
[37m[39m
[37m[0m[1mInitial Chunk Files[22m                   [2m | [22m[1mNames[22m                   [2m | [22m [1mRaw Size[22m[0m[39m
[37m[0m[92mvendor.js[39m[37m                             [2m | [22mvendor                  [2m | [22m  [96m5.01 MB[39m[37m[2m | [22m[0m[39m
[37m[0m[92mstyles.css, styles.js[39m[37m                 [2m | [22mstyles                  [2m | [22m[96m636.37 kB[39m[37m[2m | [22m[0m[39m
[37m[0m[92mpolyfills.js[39m[37m                          [2m | [22mpolyfills               [2m | [22m[96m333.18 kB[39m[37m[2m | [22m[0m[39m
[37m[0m[92mmain.js[39m[37m                               [2m | [22mmain                    [2m | [22m[96m153.73 kB[39m[37m[2m | [22m[0m[39m
[37m[0m[92mruntime.js[39m[37m                            [2m | [22mruntime                 [2m | [22m [96m12.65 kB[39m[37m[2m | [22m[0m[39m
[37m[0m[0m[39m
[37m[0m[1m [22m                                     [2m | [22m[1mInitial Total[22m           [2m | [22m  [1m6.12 MB[22m[0m[39m
[37m[0m[0m[39m
[37m[0m[1mLazy Chunk Files[22m                      [2m | [22m[1mNames[22m                   [2m | [22m [1mRaw Size[22m[0m[39m
[37m[0m[92msrc_app_pages_login_login_module_ts.js[39m[37m[2m | [22mpages-login-login-module[2m | [22m [96m24.75 kB[39m[37m[2m | [22m[0m[39m
[37m[0m[0m[39m
[37m[0mBuild at: [1m[37m2023-10-21T14:57:31.557Z[39m[37m[22m - Hash: [1m[37m1624fec5663fe1f4[39m[37m[22m - Time: [1m[37m7651[39m[37m[22mms[0m[39m
[37m[39m
[37m** Angular Live Development Server is listening on localhost:4200, open your browser on http://localhost:4200/ **[39m
[37m[39m
[37m[39m
[37m[92m‚àö[39m[37m Compiled successfully.[39m
[36m‚†ã[39m Generating browser application bundles...[2K[1G[36m‚†ô[39m Generating browser application bundles (phase: building)...[2K[1G[36m‚†π[39m Generating browser application bundles (phase: sealing)...[2K[1G[36m‚†∏[39m Generating browser application bundles (phase: emitting)...[2K[1G[32m‚úî[39m Browser application bundle generation complete.
[37m[39m
[37m[0m6 unchanged chunks[0m[39m
[37m[0m[0m[39m
[37m[0mBuild at: [1m[37m2023-10-21T14:57:32.571Z[39m[37m[22m - Hash: [1m[37m1624fec5663fe1f4[39m[37m[22m - Time: [1m[37m666[39m[37m[22mms[0m[39m
[37m[39m
[37m[92m‚àö[39m[37m Compiled successfully.[39m
[36m‚†ã[39m Generating browser application bundles...[2K[1G[36m‚†ô[39m Generating browser application bundles (phase: building)...[2K[1G[36m‚†π[39m Generating browser application bundles (phase: building)...[2K[1G[36m‚†∏[39m Generating browser application bundles (phase: sealing)...[2K[1G[32m‚úî[39m Browser application bundle generation complete.
[37m[39m
[37m[0m[1mInitial Chunk Files[22m[2m | [22m[1mNames[22m  [2m | [22m [1mRaw Size[22m[0m[39m
[37m[0m[92mmain.js[39m[37m            [2m | [22mmain   [2m | [22m[96m154.33 kB[39m[37m[2m | [22m[0m[39m
[37m[0m[92mruntime.js[39m[37m         [2m | [22mruntime[2m | [22m [96m12.65 kB[39m[37m[2m | [22m[0m[39m
[37m[0m[0m[39m
[37m[0m4 unchanged chunks[0m[39m
[37m[0m[0m[39m
[37m[0mBuild at: [1m[37m2023-10-21T14:57:45.217Z[39m[37m[22m - Hash: [1m[37m05caefb57fbaa07b[39m[37m[22m - Time: [1m[37m1390[39m[37m[22mms[0m[39m
[1m[31m[39m[22m
[1m[31m[0m[91mError: [39m[31m[0m[96msrc/app/app.component.html[0m:[93m8[0m:[93m22[0m - [91merror[0m[90m TS2339: [0mProperty 'goHome' does not exist on type 'AppComponent'.[39m[22m
[1m[31m[39m[22m
[1m[31m[7m8[0m     <button (click)="goHome()">goHome</button>[39m[22m
[1m[31m[7m [0m [91m                     ~~~~~~[0m[39m[22m
[1m[31m[39m[22m
[1m[31m  [96msrc/app/app.component.ts[0m:[93m7[0m:[93m16[0m[39m[22m
[1m[31m    [7m7[0m   templateUrl: './app.component.html',[39m[22m
[1m[31m    [7m [0m [96m               ~~~~~~~~~~~~~~~~~~~~~~[0m[39m[22m
[1m[31m    Error occurs in the template of component AppComponent.[39m[22m
[1m[31m[39m[22m
[1m[31m[39m[22m
[1m[31m[39m[22m
[37m[39m
[37m[91m√ó[39m[37m Failed to compile.[39m
[36m‚†ã[39m Generating browser application bundles...[2K[1G[36m‚†ô[39m Generating browser application bundles (phase: building)...[2K[1G[36m‚†π[39m Generating browser application bundles (phase: building)...[2K[1G[36m‚†∏[39m Generating browser application bundles (phase: sealing)...[2K[1G[32m‚úî[39m Browser application bundle generation complete.
[37m[39m
[37m[0m[1mInitial Chunk Files[22m[2m | [22m[1mNames[22m  [2m | [22m [1mRaw Size[22m[0m[39m
[37m[0m[92mmain.js[39m[37m            [2m | [22mmain   [2m | [22m[96m154.33 kB[39m[37m[2m | [22m[0m[39m
[37m[0m[92mruntime.js[39m[37m         [2m | [22mruntime[2m | [22m [96m12.65 kB[39m[37m[2m | [22m[0m[39m
[37m[0m[0m[39m
[37m[0m4 unchanged chunks[0m[39m
[37m[0m[0m[39m
[37m[0mBuild at: [1m[37m2023-10-21T14:57:49.395Z[39m[37m[22m - Hash: [1m[37m7bca4ba57590bb11[39m[37m[22m - Time: [1m[37m498[39m[37m[22mms[0m[39m
[1m[31m[39m[22m
[1m[31m[0m[91mError: [39m[31m[0m[96msrc/app/app.component.ts[0m:[93m26[0m:[93m3[0m - [91merror[0m[90m TS1434: [0mUnexpected keyword or identifier.[39m[22m
[1m[31m[39m[22m
[1m[31m[7m26[0m   goHome*[39m[22m
[1m[31m[7m  [0m [91m  ~~~~~~[0m[39m[22m
[1m[31m[39m[22m
[1m[31m[39m[22m
[1m[31m[0m[91mError: [39m[31m[0m[96msrc/app/app.component.ts[0m:[93m26[0m:[93m3[0m - [91merror[0m[90m TS7008: [0mMember 'goHome' implicitly has an 'any' type.[39m[22m
[1m[31m[39m[22m
[1m[31m[7m26[0m   goHome*[39m[22m
[1m[31m[7m  [0m [91m  ~~~~~~[0m[39m[22m
[1m[31m[39m[22m
[1m[31m[39m[22m
[1m[31m[0m[91mError: [39m[31m[0m[96msrc/app/app.component.ts[0m:[93m26[0m:[93m10[0m - [91merror[0m[90m TS7010: [0m'(Missing)', which lacks return-type annotation, implicitly has an 'any' return type.[39m[22m
[1m[31m[39m[22m
[1m[31m[7m26[0m   goHome*[39m[22m
[1m[31m[7m  [0m [91m         [0m[39m[22m
[1m[31m[39m[22m
[1m[31m[39m[22m
[1m[31m[0m[91mError: [39m[31m[0m[96msrc/app/app.component.ts[0m:[93m27[0m:[93m1[0m - [91merror[0m[90m TS1003: [0mIdentifier expected.[39m[22m
[1m[31m[39m[22m
[1m[31m[7m27[0m }[39m[22m
[1m[31m[7m  [0m [91m~[0m[39m[22m
[1m[31m[39m[22m
[1m[31m[39m[22m
[1m[31m[39m[22m
[37m[39m
[37m[91m√ó[39m[37m Failed to compile.[39m
[36m‚†ã[39m Generating browser application bundles...[2K[1G[36m‚†ô[39m Generating browser application bundles (phase: building)...[2K[1G[36m‚†π[39m Generating browser application bundles (phase: building)...[2K[1G[32m‚úî[39m Browser application bundle generation complete.
[37m[39m
[37m[0m[1mInitial Chunk Files[22m[2m | [22m[1mNames[22m  [2m | [22m [1mRaw Size[22m[0m[39m
[37m[0m[92mmain.js[39m[37m            [2m | [22mmain   [2m | [22m[96m154.33 kB[39m[37m[2m | [22m[0m[39m
[37m[0m[92mruntime.js[39m[37m         [2m | [22mruntime[2m | [22m [96m12.65 kB[39m[37m[2m | [22m[0m[39m
[37m[0m[0m[39m
[37m[0m4 unchanged chunks[0m[39m
[37m[0m[0m[39m
[37m[0mBuild at: [1m[37m2023-10-21T14:57:50.918Z[39m[37m[22m - Hash: [1m[37m2456b794e010247a[39m[37m[22m - Time: [1m[37m352[39m[37m[22mms[0m[39m
[1m[31m[39m[22m
[1m[31m[0m[91mError: [39m[31m[0m[96msrc/app/app.component.ts[0m:[93m26[0m:[93m3[0m - [91merror[0m[90m TS1434: [0mUnexpected keyword or identifier.[39m[22m
[1m[31m[39m[22m
[1m[31m[7m26[0m   goHome*[39m[22m
[1m[31m[7m  [0m [91m  ~~~~~~[0m[39m[22m
[1m[31m[39m[22m
[1m[31m[39m[22m
[1m[31m[0m[91mError: [39m[31m[0m[96msrc/app/app.component.ts[0m:[93m26[0m:[93m3[0m - [91merror[0m[90m TS7008: [0mMember 'goHome' implicitly has an 'any' type.[39m[22m
[1m[31m[39m[22m
[1m[31m[7m26[0m   goHome*[39m[22m
[1m[31m[7m  [0m [91m  ~~~~~~[0m[39m[22m
[1m[31m[39m[22m
[1m[31m[39m[22m
[1m[31m[0m[91mError: [39m[31m[0m[96msrc/app/app.component.ts[0m:[93m26[0m:[93m10[0m - [91merror[0m[90m TS7010: [0m'(Missing)', which lacks return-type annotation, implicitly has an 'any' return type.[39m[22m
[1m[31m[39m[22m
[1m[31m[7m26[0m   goHome*[39m[22m
[1m[31m[7m  [0m [91m         [0m[39m[22m
[1m[31m[39m[22m
[1m[31m[39m[22m
[1m[31m[0m[91mError: [39m[31m[0m[96msrc/app/app.component.ts[0m:[93m27[0m:[93m1[0m - [91merror[0m[90m TS1003: [0mIdentifier expected.[39m[22m
[1m[31m[39m[22m
[1m[31m[7m27[0m }[39m[22m
[1m[31m[7m  [0m [91m~[0m[39m[22m
[1m[31m[39m[22m
[1m[31m[39m[22m
[1m[31m[39m[22m
[37m[39m
[37m[91m√ó[39m[37m Failed to compile.[39m
[36m‚†ã[39m Generating browser application bundles...[2K[1G[36m‚†ô[39m Generating browser application bundles (phase: building)...[2K[1G[36m‚†π[39m Generating browser application bundles (phase: sealing)...[2K[1G[32m‚úî[39m Browser application bundle generation complete.
[37m[39m
[37m[0m6 unchanged chunks[0m[39m
[37m[0m[0m[39m
[37m[0mBuild at: [1m[37m2023-10-21T14:57:57.044Z[39m[37m[22m - Hash: [1m[37m2456b794e010247a[39m[37m[22m - Time: [1m[37m315[39m[37m[22mms[0m[39m
[1m[31m[39m[22m
[1m[31m[0m[91mError: [39m[31m[0m[96msrc/app/app.component.ts[0m:[93m26[0m:[93m3[0m - [91merror[0m[90m TS1434: [0mUnexpected keyword or identifier.[39m[22m
[1m[31m[39m[22m
[1m[31m[7m26[0m   goHome*[39m[22m
[1m[31m[7m  [0m [91m  ~~~~~~[0m[39m[22m
[1m[31m[39m[22m
[1m[31m[39m[22m
[1m[31m[0m[91mError: [39m[31m[0m[96msrc/app/app.component.ts[0m:[93m26[0m:[93m3[0m - [91merror[0m[90m TS7008: [0mMember 'goHome' implicitly has an 'any' type.[39m[22m
[1m[31m[39m[22m
[1m[31m[7m26[0m   goHome*[39m[22m
[1m[31m[7m  [0m [91m  ~~~~~~[0m[39m[22m
[1m[31m[39m[22m
[1m[31m[39m[22m
[1m[31m[0m[91mError: [39m[31m[0m[96msrc/app/app.component.ts[0m:[93m26[0m:[93m10[0m - [91merror[0m[90m TS7010: [0m'(Missing)', which lacks return-type annotation, implicitly has an 'any' return type.[39m[22m
[1m[31m[39m[22m
[1m[31m[7m26[0m   goHome*[39m[22m
[1m[31m[7m  [0m [91m         [0m[39m[22m
[1m[31m[39m[22m
[1m[31m[39m[22m
[1m[31m[0m[91mError: [39m[31m[0m[96msrc/app/app.component.ts[0m:[93m27[0m:[93m1[0m - [91merror[0m[90m TS1003: [0mIdentifier expected.[39m[22m
[1m[31m[39m[22m
[1m[31m[7m27[0m }[39m[22m
[1m[31m[7m  [0m [91m~[0m[39m[22m
[1m[31m[39m[22m
[1m[31m[39m[22m
[1m[31m[39m[22m
[37m[39m
[37m[91m√ó[39m[37m Failed to compile.[39m
[36m‚†ã[39m Generating browser application bundles...[2K[1G[36m‚†ô[39m Generating browser application bundles (phase: building)...[2K[1G[36m‚†π[39m Generating browser application bundles (phase: sealing)...[2K[1G[32m‚úî[39m Browser application bundle generation complete.
[37m[39m
[37m[0m6 unchanged chunks[0m[39m
[37m[0m[0m[39m
[37m[0mBuild at: [1m[37m2023-10-21T14:58:01.842Z[39m[37m[22m - Hash: [1m[37m2456b794e010247a[39m[37m[22m - Time: [1m[37m370[39m[37m[22mms[0m[39m
[1m[31m[39m[22m
[1m[31m[0m[91mError: [39m[31m[0m[96msrc/app/app.component.ts[0m:[93m26[0m:[93m3[0m - [91merror[0m[90m TS1434: [0mUnexpected keyword or identifier.[39m[22m
[1m[31m[39m[22m
[1m[31m[7m26[0m   goHome*[39m[22m
[1m[31m[7m  [0m [91m  ~~~~~~[0m[39m[22m
[1m[31m[39m[22m
[1m[31m[39m[22m
[1m[31m[0m[91mError: [39m[31m[0m[96msrc/app/app.component.ts[0m:[93m26[0m:[93m3[0m - [91merror[0m[90m TS7008: [0mMember 'goHome' implicitly has an 'any' type.[39m[22m
[1m[31m[39m[22m
[1m[31m[7m26[0m   goHome*[39m[22m
[1m[31m[7m  [0m [91m  ~~~~~~[0m[39m[22m
[1m[31m[39m[22m
[1m[31m[39m[22m
[1m[31m[0m[91mError: [39m[31m[0m[96msrc/app/app.component.ts[0m:[93m26[0m:[93m10[0m - [91merror[0m[90m TS7010: [0m'(Missing)', which lacks return-type annotation, implicitly has an 'any' return type.[39m[22m
[1m[31m[39m[22m
[1m[31m[7m26[0m   goHome*[39m[22m
[1m[31m[7m  [0m [91m         [0m[39m[22m
[1m[31m[39m[22m
[1m[31m[39m[22m
[1m[31m[0m[91mError: [39m[31m[0m[96msrc/app/app.component.ts[0m:[93m27[0m:[93m1[0m - [91merror[0m[90m TS1003: [0mIdentifier expected.[39m[22m
[1m[31m[39m[22m
[1m[31m[7m27[0m }[39m[22m
[1m[31m[7m  [0m [91m~[0m[39m[22m
[1m[31m[39m[22m
[1m[31m[39m[22m
[1m[31m[39m[22m
[37m[39m
[37m[91m√ó[39m[37m Failed to compile.[39m
[36m‚†ã[39m Generating browser application bundles...[2K[1G[36m‚†ô[39m Generating browser application bundles (phase: building)...[2K[1G[36m‚†π[39m Generating browser application bundles (phase: building)...[2K[1G[36m‚†∏[39m Generating browser application bundles (phase: emitting)...[2K[1G[32m‚úî[39m Browser application bundle generation complete.
[37m[39m
[37m[0m[1mInitial Chunk Files[22m[2m | [22m[1mNames[22m  [2m | [22m [1mRaw Size[22m[0m[39m
[37m[0m[92mmain.js[39m[37m            [2m | [22mmain   [2m | [22m[96m154.35 kB[39m[37m[2m | [22m[0m[39m
[37m[0m[92mruntime.js[39m[37m         [2m | [22mruntime[2m | [22m [96m12.65 kB[39m[37m[2m | [22m[0m[39m
[37m[0m[0m[39m
[37m[0m4 unchanged chunks[0m[39m
[37m[0m[0m[39m
[37m[0mBuild at: [1m[37m2023-10-21T14:58:08.119Z[39m[37m[22m - Hash: [1m[37m775506a388a24e33[39m[37m[22m - Time: [1m[37m474[39m[37m[22mms[0m[39m
[37m[39m
[37m[92m‚àö[39m[37m Compiled successfully.[39m
[36m‚†ã[39m Generating browser application bundles...[2K[1G[36m‚†ô[39m Generating browser application bundles (phase: building)...[2K[1G[36m‚†π[39m Generating browser application bundles (phase: building)...[2K[1G[32m‚úî[39m Browser application bundle generation complete.
[37m[39m
[37m[0m[1mInitial Chunk Files[22m[2m | [22m[1mNames[22m  [2m | [22m [1mRaw Size[22m[0m[39m
[37m[0m[92mmain.js[39m[37m            [2m | [22mmain   [2m | [22m[96m154.38 kB[39m[37m[2m | [22m[0m[39m
[37m[0m[92mruntime.js[39m[37m         [2m | [22mruntime[2m | [22m [96m12.65 kB[39m[37m[2m | [22m[0m[39m
[37m[0m[0m[39m
[37m[0m4 unchanged chunks[0m[39m
[37m[0m[0m[39m
[37m[0mBuild at: [1m[37m2023-10-21T14:58:16.149Z[39m[37m[22m - Hash: [1m[37m3807cbad8b6ce56b[39m[37m[22m - Time: [1m[37m331[39m[37m[22mms[0m[39m
[1m[31m[39m[22m
[1m[31m[0m[91mError: [39m[31m[0m[96msrc/app/app.component.ts[0m:[93m27[0m:[93m10[0m - [91merror[0m[90m TS2339: [0mProperty 'router' does not exist on type 'AppComponent'.[39m[22m
[1m[31m[39m[22m
[1m[31m[7m27[0m     this.router.navigate['home'][39m[22m
[1m[31m[7m  [0m [91m         ~~~~~~[0m[39m[22m
[1m[31m[39m[22m
[1m[31m[39m[22m
[1m[31m[39m[22m
[37m[39m
[37m[91m√ó[39m[37m Failed to compile.[39m
[36m‚†ã[39m Generating browser application bundles...[2K[1G[36m‚†ô[39m Generating browser application bundles (phase: building)...[2K[1G[36m‚†π[39m Generating browser application bundles (phase: building)...[2K[1G[32m‚úî[39m Browser application bundle generation complete.
[37m[39m
[37m[0m[1mInitial Chunk Files[22m[2m | [22m[1mNames[22m  [2m | [22m [1mRaw Size[22m[0m[39m
[37m[0m[92mmain.js[39m[37m            [2m | [22mmain   [2m | [22m[96m147.29 kB[39m[37m[2m | [22m[0m[39m
[37m[0m[92mruntime.js[39m[37m         [2m | [22mruntime[2m | [22m [96m12.65 kB[39m[37m[2m | [22m[0m[39m
[37m[0m[0m[39m
[37m[0m4 unchanged chunks[0m[39m
[37m[0m[0m[39m
[37m[0mBuild at: [1m[37m2023-10-21T14:58:22.313Z[39m[37m[22m - Hash: [1m[37m2435caa9181bad42[39m[37m[22m - Time: [1m[37m413[39m[37m[22mms[0m[39m
[1m[31m[39m[22m
[1m[31m[0m[91mError: [39m[31m[0m[96msrc/app/app.component.ts[0m:[93m15[0m:[93m55[0m - [91merror[0m[90m NG2003: [0mNo suitable injection token for parameter 'router' of class 'AppComponent'.[39m[22m
[1m[31m  Consider using the @Inject decorator to specify an injection token.[39m[22m
[1m[31m[39m[22m
[1m[31m[7m15[0m   constructor(public authService: AuthService,private router:Route) {}[39m[22m
[1m[31m[7m  [0m [91m                                                      ~~~~~~[0m[39m[22m
[1m[31m[39m[22m
[1m[31m  [96msrc/app/app.component.ts[0m:[93m15[0m:[93m62[0m[39m[22m
[1m[31m    [7m15[0m   constructor(public authService: AuthService,private router:Route) {}[39m[22m
[1m[31m    [7m  [0m [96m                                                             ~~~~~[0m[39m[22m
[1m[31m    This type does not have a value, so it cannot be used as injection token.[39m[22m
[1m[31m  [96mnode_modules/@angular/router/index.d.ts[0m:[93m2475[0m:[93m1[0m[39m[22m
[1m[31m    [7m2475[0m export declare interface Route {[39m[22m
[1m[31m    [7m    [0m [96m~~~~~~~~~~~~~~~~~~~~~~~~~~~~~~~~[0m[39m[22m
[1m[31m    [7m2476[0m     /**[39m[22m
[1m[31m    [7m    [0m [96m~~~~~~~[0m[39m[22m
[1m[31m    [7m ...[0m [39m[22m
[1m[31m    [7m2628[0m     providers?: Array<Provider | EnvironmentProviders>;[39m[22m
[1m[31m    [7m    [0m [96m~~~~~~~~~~~~~~~~~~~~~~~~~~~~~~~~~~~~~~~~~~~~~~~~~~~~~~~[0m[39m[22m
[1m[31m    [7m2629[0m }[39m[22m
[1m[31m    [7m    [0m [96m~[0m[39m[22m
[1m[31m    The type is declared here.[39m[22m
[1m[31m[39m[22m
[1m[31m[39m[22m
[1m[31m[0m[91mError: [39m[31m[0m[96msrc/app/app.component.ts[0m:[93m28[0m:[93m17[0m - [91merror[0m[90m TS2339: [0mProperty 'navigate' does not exist on type 'Route'.[39m[22m
[1m[31m[39m[22m
[1m[31m[7m28[0m     this.router.navigate['home'][39m[22m
[1m[31m[7m  [0m [91m                ~~~~~~~~[0m[39m[22m
[1m[31m[39m[22m
[1m[31m[39m[22m
[1m[31m[0m[91mError: [39m[31m[0m[96msrc/app/app.module.ts[0m:[93m22[0m:[93m18[0m - [91merror[0m[90m NG6001: [0mThe class 'AppComponent' is listed in the declarations of the NgModule 'AppModule', but is not a directive, a component, or a pipe. Either remove it from the NgModule's declarations, or add an appropriate Angular decorator.[39m[22m
[1m[31m[39m[22m
[1m[31m[7m22[0m   declarations: [AppComponent, RegisterPageComponent, HomeComponent, ErrorPageComponent, SidebarComponent, DashboardPageC[39m[22m[1m[31momponent, TablesPageComponent, WaiterPageComponent, MenuPageComponent, OrdersPageComponent, CategoryPageComponent],[39m[22m
[1m[31m[7m  [0m [91m                 ~~~~~~~~~~~~[0m[39m[22m
[1m[31m[39m[22m
[1m[31m  [96msrc/app/app.component.ts[0m:[93m11[0m:[93m14[0m[39m[22m
[1m[31m    [7m11[0m export class AppComponent implements OnInit {[39m[22m
[1m[31m    [7m  [0m [96m             ~~~~~~~~~~~~[0m[39m[22m
[1m[31m    'AppComponent' is declared here.[39m[22m
[1m[31m[39m[22m
[1m[31m[39m[22m
[1m[31m[39m[22m
[37m[39m
[37m[91m√ó[39m[37m Failed to compile.[39m
[36m‚†ã[39m Generating browser application bundles...[2K[1G[36m‚†ô[39m Generating browser application bundles (phase: building)...[2K[1G[36m‚†π[39m Generating browser application bundles (phase: sealing)...[2K[1G[32m‚úî[39m Browser application bundle generation complete.
[37m[39m
[37m[0m[1mInitial Chunk Files[22m[2m | [22m[1mNames[22m  [2m | [22m [1mRaw Size[22m[0m[39m
[37m[0m[92mmain.js[39m[37m            [2m | [22mmain   [2m | [22m[96m154.53 kB[39m[37m[2m | [22m[0m[39m
[37m[0m[92mruntime.js[39m[37m         [2m | [22mruntime[2m | [22m [96m12.65 kB[39m[37m[2m | [22m[0m[39m
[37m[0m[0m[39m
[37m[0m4 unchanged chunks[0m[39m
[37m[0m[0m[39m
[37m[0mBuild at: [1m[37m2023-10-21T14:58:26.044Z[39m[37m[22m - Hash: [1m[37m08c1124512e28100[39m[37m[22m - Time: [1m[37m393[39m[37m[22mms[0m[39m
[1m[31m[39m[22m
[1m[31m[0m[91mError: [39m[31m[0m[96msrc/app/app.component.ts[0m:[93m28[0m:[93m5[0m - [91merror[0m[90m TS7053: [0mElement implicitly has an 'any' type because expression of type '"home"' can't be used to index type '(commands: any[], extras?: NavigationExtras | undefined) => Promise<boolean>'.[39m[22m
[1m[31m  Property 'home' does not exist on type '(commands: any[], extras?: NavigationExtras | undefined) => Promise<boolean>'.[39m[22m
[1m[31m[39m[22m
[1m[31m[7m28[0m     this.router.navigate['home'][39m[22m
[1m[31m[7m  [0m [91m    ~~~~~~~~~~~~~~~~~~~~~~~~~~~~[0m[39m[22m
[1m[31m[39m[22m
[1m[31m[39m[22m
[1m[31m[39m[22m
[37m[39m
[37m[91m√ó[39m[37m Failed to compile.[39m
[36m‚†ã[39m Generating browser application bundles...[2K[1G[36m‚†ô[39m Generating browser application bundles (phase: building)...[2K[1G[36m‚†π[39m Generating browser application bundles (phase: building)...[2K[1G[32m‚úî[39m Browser application bundle generation complete.
[37m[39m
[37m[0m[1mInitial Chunk Files[22m[2m | [22m[1mNames[22m  [2m | [22m [1mRaw Size[22m[0m[39m
[37m[0m[92mmain.js[39m[37m            [2m | [22mmain   [2m | [22m[96m154.54 kB[39m[37m[2m | [22m[0m[39m
[37m[0m[92mruntime.js[39m[37m         [2m | [22mruntime[2m | [22m [96m12.65 kB[39m[37m[2m | [22m[0m[39m
[37m[0m[0m[39m
[37m[0m4 unchanged chunks[0m[39m
[37m[0m[0m[39m
[37m[0mBuild at: [1m[37m2023-10-21T14:58:33.933Z[39m[37m[22m - Hash: [1m[37m278996b2e3c2c247[39m[37m[22m - Time: [1m[37m438[39m[37m[22mms[0m[39m
[1m[31m[39m[22m
[1m[31m[0m[91mError: [39m[31m[0m[96msrc/app/app.component.ts[0m:[93m28[0m:[93m5[0m - [91merror[0m[90m TS7053: [0mElement implicitly has an 'any' type because expression of type '"home"' can't be used to index type 'Promise<boolean>'.[39m[22m
[1m[31m  Property 'home' does not exist on type 'Promise<boolean>'.[39m[22m
[1m[31m[39m[22m
[1m[31m[7m28[0m     this.router.navigate()['home'][39m[22m
[1m[31m[7m  [0m [91m    ~~~~~~~~~~~~~~~~~~~~~~~~~~~~~~[0m[39m[22m
[1m[31m[39m[22m
[1m[31m[39m[22m
[1m[31m[0m[91mError: [39m[31m[0m[96msrc/app/app.component.ts[0m:[93m28[0m:[93m17[0m - [91merror[0m[90m TS2554: [0mExpected 1-2 arguments, but got 0.[39m[22m
[1m[31m[39m[22m
[1m[31m[7m28[0m     this.router.navigate()['home'][39m[22m
[1m[31m[7m  [0m [91m                ~~~~~~~~~~[0m[39m[22m
[1m[31m[39m[22m
[1m[31m  [96mnode_modules/@angular/router/index.d.ts[0m:[93m3018[0m:[93m14[0m[39m[22m
[1m[31m    [7m3018[0m     navigate(commands: any[], extras?: NavigationExtras): Promise<boolean>;[39m[22m
[1m[31m    [7m    [0m [96m             ~~~~~~~~~~~~~~~[0m[39m[22m
[1m[31m    An argument for 'commands' was not provided.[39m[22m
[1m[31m[39m[22m
[1m[31m[39m[22m
[1m[31m[39m[22m
[37m[39m
[37m[91m√ó[39m[37m Failed to compile.[39m
[36m‚†ã[39m Generating browser application bundles...[2K[1G[36m‚†ô[39m Generating browser application bundles (phase: building)...[2K[1G[36m‚†π[39m Generating browser application bundles (phase: building)...[2K[1G[36m‚†∏[39m Generating browser application bundles (phase: sealing)...[2K[1G[36m‚†º[39m Generating browser application bundles (phase: emitting)...[2K[1G[32m‚úî[39m Browser application bundle generation complete.
[37m[39m
[37m[0m[1mInitial Chunk Files[22m[2m | [22m[1mNames[22m  [2m | [22m [1mRaw Size[22m[0m[39m
[37m[0m[92mmain.js[39m[37m            [2m | [22mmain   [2m | [22m[96m154.54 kB[39m[37m[2m | [22m[0m[39m
[37m[0m[92mruntime.js[39m[37m         [2m | [22mruntime[2m | [22m [96m12.65 kB[39m[37m[2m | [22m[0m[39m
[37m[0m[0m[39m
[37m[0m4 unchanged chunks[0m[39m
[37m[0m[0m[39m
[37m[0mBuild at: [1m[37m2023-10-21T14:58:35.986Z[39m[37m[22m - Hash: [1m[37m7ea0af5f5e07a4bf[39m[37m[22m - Time: [1m[37m568[39m[37m[22mms[0m[39m
[37m[39m
[37m[92m‚àö[39m[37m Compiled successfully.[39m
[36m‚†ã[39m Generating browser application bundles...[2K[1G[36m‚†ô[39m Generating browser application bundles (phase: building)...[2K[1G[36m‚†π[39m Generating browser application bundles (phase: building)...[2K[1G[36m‚†∏[39m Generating browser application bundles (phase: emitting)...[2K[1G[32m‚úî[39m Browser application bundle generation complete.
[37m[39m
[37m[0m[1mInitial Chunk Files[22m[2m | [22m[1mNames[22m  [2m | [22m [1mRaw Size[22m[0m[39m
[37m[0m[92mmain.js[39m[37m            [2m | [22mmain   [2m | [22m[96m154.54 kB[39m[37m[2m | [22m[0m[39m
[37m[0m[92mruntime.js[39m[37m         [2m | [22mruntime[2m | [22m [96m12.65 kB[39m[37m[2m | [22m[0m[39m
[37m[0m[0m[39m
[37m[0m4 unchanged chunks[0m[39m
[37m[0m[0m[39m
[37m[0mBuild at: [1m[37m2023-10-21T14:58:36.620Z[39m[37m[22m - Hash: [1m[37m4ce7e14c249c7a7f[39m[37m[22m - Time: [1m[37m576[39m[37m[22mms[0m[39m
[37m[39m
[37m[92m‚àö[39m[37m Compiled successfully.[39m
[36m‚†ã[39m Generating browser application bundles...[2K[1G[36m‚†ô[39m Generating browser application bundles (phase: building)...[2K[1G[36m‚†π[39m Generating browser application bundles (phase: building)...[2K[1G[36m‚†∏[39m Generating browser application bundles (phase: sealing)...[2K[1G[32m‚úî[39m Browser application bundle generation complete.
[37m[39m
[37m[0m[1mInitial Chunk Files[22m[2m | [22m[1mNames[22m  [2m | [22m [1mRaw Size[22m[0m[39m
[37m[0m[92mmain.js[39m[37m            [2m | [22mmain   [2m | [22m[96m154.48 kB[39m[37m[2m | [22m[0m[39m
[37m[0m[92mruntime.js[39m[37m         [2m | [22mruntime[2m | [22m [96m12.65 kB[39m[37m[2m | [22m[0m[39m
[37m[0m[0m[39m
[37m[0m4 unchanged chunks[0m[39m
[37m[0m[0m[39m
[37m[0mBuild at: [1m[37m2023-10-21T14:58:53.758Z[39m[37m[22m - Hash: [1m[37m0cc3539dcf933a02[39m[37m[22m - Time: [1m[37m606[39m[37m[22mms[0m[39m
[1m[31m[39m[22m
[1m[31m[0m[91mError: [39m[31m[0m[96msrc/app/app.component.html[0m:[93m8[0m:[93m22[0m - [91merror[0m[90m TS2339: [0mProperty 'goHome' does not exist on type 'AppComponent'.[39m[22m
[1m[31m[39m[22m
[1m[31m[7m8[0m     <button (click)="goHome()">goHome</button>[39m[22m
[1m[31m[7m [0m [91m                     ~~~~~~[0m[39m[22m
[1m[31m[39m[22m
[1m[31m  [96msrc/app/app.component.ts[0m:[93m8[0m:[93m16[0m[39m[22m
[1m[31m    [7m8[0m   templateUrl: './app.component.html',[39m[22m
[1m[31m    [7m [0m [96m               ~~~~~~~~~~~~~~~~~~~~~~[0m[39m[22m
[1m[31m    Error occurs in the template of component AppComponent.[39m[22m
[1m[31m[39m[22m
[1m[31m[39m[22m
[1m[31m[39m[22m
[37m[39m
[37m[91m√ó[39m[37m Failed to compile.[39m
[36m‚†ã[39m Generating browser application bundles...[2K[1G[36m‚†ô[39m Generating browser application bundles (phase: building)...[2K[1G[36m‚†π[39m Generating browser application bundles (phase: sealing)...[2K[1G[36m‚†∏[39m Generating browser application bundles (phase: emitting)...[2K[1G[32m‚úî[39m Browser application bundle generation complete.
[37m[39m
[37m[0m[1mInitial Chunk Files[22m[2m | [22m[1mNames[22m  [2m | [22m [1mRaw Size[22m[0m[39m
[37m[0m[92mmain.js[39m[37m            [2m | [22mmain   [2m | [22m[96m153.24 kB[39m[37m[2m | [22m[0m[39m
[37m[0m[92mruntime.js[39m[37m         [2m | [22mruntime[2m | [22m [96m12.65 kB[39m[37m[2m | [22m[0m[39m
[37m[0m[0m[39m
[37m[0m4 unchanged chunks[0m[39m
[37m[0m[0m[39m
[37m[0mBuild at: [1m[37m2023-10-21T14:58:57.551Z[39m[37m[22m - Hash: [1m[37m46e970cc32071878[39m[37m[22m - Time: [1m[37m354[39m[37m[22mms[0m[39m
[37m[39m
[37m[92m‚àö[39m[37m Compiled successfully.[39m
[36m‚†ã[39m Generating browser application bundles...[2K[1G[36m‚†ô[39m Generating browser application bundles (phase: building)...[2K[1G[36m‚†π[39m Generating browser application bundles (phase: sealing)...[2K[1G[32m‚úî[39m Browser application bundle generation complete.
[37m[39m
[37m[0m[1mInitial Chunk Files[22m[2m | [22m[1mNames[22m  [2m | [22m [1mRaw Size[22m[0m[39m
[37m[0m[92mmain.js[39m[37m            [2m | [22mmain   [2m | [22m[96m148.00 kB[39m[37m[2m | [22m[0m[39m
[37m[0m[92mruntime.js[39m[37m         [2m | [22mruntime[2m | [22m [96m12.65 kB[39m[37m[2m | [22m[0m[39m
[37m[0m[0m[39m
[37m[0m4 unchanged chunks[0m[39m
[37m[0m[0m[39m
[37m[0mBuild at: [1m[37m2023-10-21T14:58:59.499Z[39m[37m[22m - Hash: [1m[37mb699ed424e4cfa90[39m[37m[22m - Time: [1m[37m408[39m[37m[22mms[0m[39m
[1m[31m[39m[22m
[1m[31m[0m[91mError: [39m[31m[0m[96msrc/app/app.component.html[0m:[93m14[0m:[93m1[0m - [91merror[0m[90m NG5002: [0mUnexpected character "EOF"[39m[22m
[1m[31m[39m[22m
[1m[31m[7m14[0m [39m[22m
[1m[31m[7m  [0m [91m[0m[39m[22m
[1m[31m[39m[22m
[1m[31m  [96msrc/app/app.component.ts[0m:[93m8[0m:[93m16[0m[39m[22m
[1m[31m    [7m8[0m   templateUrl: './app.component.html',[39m[22m
[1m[31m    [7m [0m [96m               ~~~~~~~~~~~~~~~~~~~~~~[0m[39m[22m
[1m[31m    Error occurs in the template of component AppComponent.[39m[22m
[1m[31m[39m[22m
[1m[31m[39m[22m
[1m[31m[39m[22m
[37m[39m
[37m[91m√ó[39m[37m Failed to compile.[39m
[36m‚†ã[39m Generating browser application bundles...[2K[1G[36m‚†ô[39m Generating browser application bundles (phase: building)...[2K[1G[36m‚†π[39m Generating browser application bundles (phase: building)...[2K[1G[36m‚†∏[39m Generating browser application bundles (phase: emitting)...[2K[1G[32m‚úî[39m Browser application bundle generation complete.
[37m[39m
[37m[0m[1mInitial Chunk Files[22m[2m | [22m[1mNames[22m  [2m | [22m [1mRaw Size[22m[0m[39m
[37m[0m[92mmain.js[39m[37m            [2m | [22mmain   [2m | [22m[96m154.53 kB[39m[37m[2m | [22m[0m[39m
[37m[0m[92mruntime.js[39m[37m         [2m | [22mruntime[2m | [22m [96m12.65 kB[39m[37m[2m | [22m[0m[39m
[37m[0m[0m[39m
[37m[0m4 unchanged chunks[0m[39m
[37m[0m[0m[39m
[37m[0mBuild at: [1m[37m2023-10-21T14:59:00.546Z[39m[37m[22m - Hash: [1m[37m4edfba28afe4734c[39m[37m[22m - Time: [1m[37m422[39m[37m[22mms[0m[39m
[37m[39m
[37m[92m‚àö[39m[37m Compiled successfully.[39m
[36m‚†ã[39m Generating browser application bundles...[2K[1G[36m‚†ô[39m Generating browser application bundles (phase: building)...[2K[1G[36m‚†π[39m Generating browser application bundles (phase: building)...[2K[1G[36m‚†∏[39m Generating browser application bundles (phase: emitting)...[2K[1G[32m‚úî[39m Browser application bundle generation complete.
[37m[39m
[37m[0m[1mInitial Chunk Files[22m[2m | [22m[1mNames[22m  [2m | [22m [1mRaw Size[22m[0m[39m
[37m[0m[92mmain.js[39m[37m            [2m | [22mmain   [2m | [22m[96m154.53 kB[39m[37m[2m | [22m[0m[39m
[37m[0m[92mruntime.js[39m[37m         [2m | [22mruntime[2m | [22m [96m12.65 kB[39m[37m[2m | [22m[0m[39m
[37m[0m[0m[39m
[37m[0m4 unchanged chunks[0m[39m
[37m[0m[0m[39m
[37m[0mBuild at: [1m[37m2023-10-21T14:59:01.912Z[39m[37m[22m - Hash: [1m[37m3314cc7c1496912d[39m[37m[22m - Time: [1m[37m429[39m[37m[22mms[0m[39m
[37m[39m
[37m[92m‚àö[39m[37m Compiled successfully.[39m
[36m‚†ã[39m Generating browser application bundles...[2K[1G[36m‚†ô[39m Generating browser application bundles (phase: building)...[2K[1G[36m‚†π[39m Generating browser application bundles (phase: building)...[2K[1G[36m‚†∏[39m Generating browser application bundles (phase: sealing)...[2K[1G[36m‚†º[39m Generating browser application bundles (phase: emitting)...[2K[1G[32m‚úî[39m Browser application bundle generation complete.
[37m[39m
[37m[0m[1mInitial Chunk Files[22m[2m | [22m[1mNames[22m  [2m | [22m [1mRaw Size[22m[0m[39m
[37m[0m[92mmain.js[39m[37m            [2m | [22mmain   [2m | [22m[96m153.28 kB[39m[37m[2m | [22m[0m[39m
[37m[0m[92mruntime.js[39m[37m         [2m | [22mruntime[2m | [22m [96m12.65 kB[39m[37m[2m | [22m[0m[39m
[37m[0m[0m[39m
[37m[0m4 unchanged chunks[0m[39m
[37m[0m[0m[39m
[37m[0mBuild at: [1m[37m2023-10-21T14:59:45.251Z[39m[37m[22m - Hash: [1m[37m5ce6a5901a2fae5d[39m[37m[22m - Time: [1m[37m548[39m[37m[22mms[0m[39m
[37m[39m
[37m[92m‚àö[39m[37m Compiled successfully.[39m
[36m‚†ã[39m Generating browser application bundles...[2K[1G[36m‚†ô[39m Generating browser application bundles (phase: building)...[2K[1G[36m‚†π[39m Generating browser application bundles (phase: building)...[2K[1G[36m‚†∏[39m Generating browser application bundles (phase: sealing)...[2K[1G[36m‚†º[39m Generating browser application bundles (phase: emitting)...[2K[1G[32m‚úî[39m Browser application bundle generation complete.
[37m[39m
[37m[0m[1mInitial Chunk Files[22m[2m | [22m[1mNames[22m  [2m | [22m [1mRaw Size[22m[0m[39m
[37m[0m[92mmain.js[39m[37m            [2m | [22mmain   [2m | [22m[96m153.28 kB[39m[37m[2m | [22m[0m[39m
[37m[0m[92mruntime.js[39m[37m         [2m | [22mruntime[2m | [22m [96m12.65 kB[39m[37m[2m | [22m[0m[39m
[37m[0m[0m[39m
[37m[0m4 unchanged chunks[0m[39m
[37m[0m[0m[39m
[37m[0mBuild at: [1m[37m2023-10-21T15:00:06.864Z[39m[37m[22m - Hash: [1m[37md0c1c61fbaf27b3c[39m[37m[22m - Time: [1m[37m713[39m[37m[22mms[0m[39m
[37m[39m
[37m[92m‚àö[39m[37m Compiled successfully.[39m
[36m‚†ã[39m Generating browser application bundles...[2K[1G[36m‚†ô[39m Generating browser application bundles (phase: building)...[2K[1G[36m‚†π[39m Generating browser application bundles (phase: building)...[2K[1G[32m‚úî[39m Browser application bundle generation complete.
[37m[39m
[37m[0m[1mInitial Chunk Files[22m[2m | [22m[1mNames[22m  [2m | [22m [1mRaw Size[22m[0m[39m
[37m[0m[92mmain.js[39m[37m            [2m | [22mmain   [2m | [22m[96m153.21 kB[39m[37m[2m | [22m[0m[39m
[37m[0m[92mruntime.js[39m[37m         [2m | [22mruntime[2m | [22m [96m12.65 kB[39m[37m[2m | [22m[0m[39m
[37m[0m[0m[39m
[37m[0m4 unchanged chunks[0m[39m
[37m[0m[0m[39m
[37m[0mBuild at: [1m[37m2023-10-21T15:01:15.190Z[39m[37m[22m - Hash: [1m[37md12bfbd13f938dbb[39m[37m[22m - Time: [1m[37m623[39m[37m[22mms[0m[39m
[1m[31m[39m[22m
[1m[31m[0m[91mError: [39m[31m[0m[96msrc/app/app.component.html[0m:[93m1[0m:[93m25[0m - [91merror[0m[90m TS2339: [0mProperty 'isLoggedIn' does not exist on type 'AuthService'.[39m[22m
[1m[31m[39m[22m
[1m[31m[7m1[0m <div *ngIf="authService.isLoggedIn(); else other_content">[39m[22m
[1m[31m[7m [0m [91m                        ~~~~~~~~~~[0m[39m[22m
[1m[31m[39m[22m
[1m[31m  [96msrc/app/app.component.ts[0m:[93m8[0m:[93m16[0m[39m[22m
[1m[31m    [7m8[0m   templateUrl: './app.component.html',[39m[22m
[1m[31m    [7m [0m [96m               ~~~~~~~~~~~~~~~~~~~~~~[0m[39m[22m
[1m[31m    Error occurs in the template of component AppComponent.[39m[22m
[1m[31m[39m[22m
[1m[31m[39m[22m
[1m[31m[39m[22m
[37m[39m
[37m[91m√ó[39m[37m Failed to compile.[39m
[36m‚†ã[39m Generating browser application bundles...[2K[1G[36m‚†ô[39m Generating browser application bundles (phase: building)...[2K[1G[36m‚†π[39m Generating browser application bundles (phase: building)...[2K[1G[32m‚úî[39m Browser application bundle generation complete.
[37m[39m
[37m[0m[1mInitial Chunk Files[22m[2m | [22m[1mNames[22m  [2m | [22m [1mRaw Size[22m[0m[39m
[37m[0m[92mmain.js[39m[37m            [2m | [22mmain   [2m | [22m[96m153.21 kB[39m[37m[2m | [22m[0m[39m
[37m[0m[92mruntime.js[39m[37m         [2m | [22mruntime[2m | [22m [96m12.65 kB[39m[37m[2m | [22m[0m[39m
[37m[0m[0m[39m
[37m[0m4 unchanged chunks[0m[39m
[37m[0m[0m[39m
[37m[0mBuild at: [1m[37m2023-10-21T15:01:19.473Z[39m[37m[22m - Hash: [1m[37m145e5bb382a2c22e[39m[37m[22m - Time: [1m[37m344[39m[37m[22mms[0m[39m
[1m[31m[39m[22m
[1m[31m[0m[91mError: [39m[31m[0m[96msrc/app/app.component.html[0m:[93m1[0m:[93m25[0m - [91merror[0m[90m TS2339: [0mProperty 'isLoggedIn' does not exist on type 'AuthService'.[39m[22m
[1m[31m[39m[22m
[1m[31m[7m1[0m <div *ngIf="authService.isLoggedIn(); else other_content">[39m[22m
[1m[31m[7m [0m [91m                        ~~~~~~~~~~[0m[39m[22m
[1m[31m[39m[22m
[1m[31m  [96msrc/app/app.component.ts[0m:[93m8[0m:[93m16[0m[39m[22m
[1m[31m    [7m8[0m   templateUrl: './app.component.html',[39m[22m
[1m[31m    [7m [0m [96m               ~~~~~~~~~~~~~~~~~~~~~~[0m[39m[22m
[1m[31m    Error occurs in the template of component AppComponent.[39m[22m
[1m[31m[39m[22m
[1m[31m[39m[22m
[1m[31m[39m[22m
[37m[39m
[37m[91m√ó[39m[37m Failed to compile.[39m
[36m‚†ã[39m Generating browser application bundles...[2K[1G[36m‚†ô[39m Generating browser application bundles (phase: building)...[2K[1G[36m‚†π[39m Generating browser application bundles (phase: sealing)...[2K[1G[32m‚úî[39m Browser application bundle generation complete.
[37m[39m
[37m[0m[1mInitial Chunk Files[22m[2m | [22m[1mNames[22m  [2m | [22m [1mRaw Size[22m[0m[39m
[37m[0m[92mmain.js[39m[37m            [2m | [22mmain   [2m | [22m[96m145.98 kB[39m[37m[2m | [22m[0m[39m
[37m[0m[92mruntime.js[39m[37m         [2m | [22mruntime[2m | [22m [96m12.65 kB[39m[37m[2m | [22m[0m[39m
[37m[0m[0m[39m
[37m[0m4 unchanged chunks[0m[39m
[37m[0m[0m[39m
[37m[0mBuild at: [1m[37m2023-10-21T15:01:21.606Z[39m[37m[22m - Hash: [1m[37mae9bbb22ff43e401[39m[37m[22m - Time: [1m[37m358[39m[37m[22mms[0m[39m
[1m[31m[39m[22m
[1m[31m[0m[91mError: [39m[31m[0m[96msrc/app/app.component.ts[0m:[93m14[0m:[93m56[0m - [91merror[0m[90m NG2003: [0mNo suitable injection token for parameter 'router' of class 'AppComponent'.[39m[22m
[1m[31m  Consider using the @Inject decorator to specify an injection token.[39m[22m
[1m[31m[39m[22m
[1m[31m[7m14[0m   constructor(public authService: AuthService, private router: Router) {}[39m[22m
[1m[31m[7m  [0m [91m                                                       ~~~~~~[0m[39m[22m
[1m[31m[39m[22m
[1m[31m  [96msrc/app/app.component.ts[0m:[93m14[0m:[93m64[0m[39m[22m
[1m[31m    [7m14[0m   constructor(public authService: AuthService, private router: Router) {}[39m[22m
[1m[31m    [7m  [0m [96m                                                               ~~~~~~[0m[39m[22m
[1m[31m    This type does not have a value, so it cannot be used as injection token.[39m[22m
[1m[31m[39m[22m
[1m[31m[39m[22m
[1m[31m[0m[91mError: [39m[31m[0m[96msrc/app/app.component.ts[0m:[93m14[0m:[93m64[0m - [91merror[0m[90m TS2304: [0mCannot find name 'Router'.[39m[22m
[1m[31m[39m[22m
[1m[31m[7m14[0m   constructor(public authService: AuthService, private router: Router) {}[39m[22m
[1m[31m[7m  [0m [91m                                                               ~~~~~~[0m[39m[22m
[1m[31m[39m[22m
[1m[31m[39m[22m
[1m[31m[0m[91mError: [39m[31m[0m[96msrc/app/app.module.ts[0m:[93m22[0m:[93m18[0m - [91merror[0m[90m NG6001: [0mThe class 'AppComponent' is listed in the declarations of the NgModule 'AppModule', but is not a directive, a component, or a pipe. Either remove it from the NgModule's declarations, or add an appropriate Angular decorator.[39m[22m
[1m[31m[39m[22m
[1m[31m[7m22[0m   declarations: [AppComponent, RegisterPageComponent, HomeComponent, ErrorPageComponent, SidebarComponent, DashboardPageComponent, TablesPageComponent, WaiterPageComponent, MenuPageComponent, OrdersPageComponent, CategoryPageComponent],[39m[22m
[1m[31m[7m  [0m [91m                 ~~~~~~~~~~~~[0m[39m[22m
[1m[31m[39m[22m
[1m[31m  [96msrc/app/app.component.ts[0m:[93m10[0m:[93m14[0m[39m[22m
[1m[31m    [7m10[0m export class AppComponent implements OnInit {[39m[22m
[1m[31m    [7m  [0m [96m             ~~~~~~~~~~~~[0m[39m[22m
[1m[31m    'AppComponent' is declared here.[39m[22m
[1m[31m[39m[22m
[1m[31m[39m[22m
[1m[31m[39m[22m
[37m[39m
[37m[91m√ó[39m[37m Failed to compile.[39m
[36m‚†ã[39m Generating browser application bundles...[2K[1G[36m‚†ô[39m Generating browser application bundles (phase: building)...[2K[1G[36m‚†π[39m Generating browser application bundles (phase: building)...[2K[1G[36m‚†∏[39m Generating browser application bundles (phase: building)...[2K[1G[32m‚úî[39m Browser application bundle generation complete.
[37m[39m
[37m[0m[1mInitial Chunk Files[22m[2m | [22m[1mNames[22m  [2m | [22m [1mRaw Size[22m[0m[39m
[37m[0m[92mmain.js[39m[37m            [2m | [22mmain   [2m | [22m[96m153.06 kB[39m[37m[2m | [22m[0m[39m
[37m[0m[92mruntime.js[39m[37m         [2m | [22mruntime[2m | [22m [96m12.65 kB[39m[37m[2m | [22m[0m[39m
[37m[0m[0m[39m
[37m[0m4 unchanged chunks[0m[39m
[37m[0m[0m[39m
[37m[0mBuild at: [1m[37m2023-10-21T15:01:24.650Z[39m[37m[22m - Hash: [1m[37m8f42166b02d8cdea[39m[37m[22m - Time: [1m[37m475[39m[37m[22mms[0m[39m
[1m[31m[39m[22m
[1m[31m[0m[91mError: [39m[31m[0m[96msrc/app/app.component.html[0m:[93m1[0m:[93m25[0m - [91merror[0m[90m TS2339: [0mProperty 'isLoggedIn' does not exist on type 'AuthService'.[39m[22m
[1m[31m[39m[22m
[1m[31m[7m1[0m <div *ngIf="authService.isLoggedIn(); else other_content">[39m[22m
[1m[31m[7m [0m [91m                        ~~~~~~~~~~[0m[39m[22m
[1m[31m[39m[22m
[1m[31m  [96msrc/app/app.component.ts[0m:[93m7[0m:[93m16[0m[39m[22m
[1m[31m    [7m7[0m   templateUrl: './app.component.html',[39m[22m
[1m[31m    [7m [0m [96m               ~~~~~~~~~~~~~~~~~~~~~~[0m[39m[22m
[1m[31m    Error occurs in the template of component AppComponent.[39m[22m
[1m[31m[39m[22m
[1m[31m[39m[22m
[1m[31m[39m[22m
[37m[39m
[37m[91m√ó[39m[37m Failed to compile.[39m
[36m‚†ã[39m Generating browser application bundles...[2K[1G[36m‚†ô[39m Generating browser application bundles (phase: building)...[2K[1G[36m‚†π[39m Generating browser application bundles (phase: building)...[2K[1G[36m‚†∏[39m Generating browser application bundles (phase: emitting)...[2K[1G[32m‚úî[39m Browser application bundle generation complete.
[37m[39m
[37m[0m[1mInitial Chunk Files[22m[2m | [22m[1mNames[22m  [2m | [22m [1mRaw Size[22m[0m[39m
[37m[0m[92mmain.js[39m[37m            [2m | [22mmain   [2m | [22m[96m153.06 kB[39m[37m[2m | [22m[0m[39m
[37m[0m[92mruntime.js[39m[37m         [2m | [22mruntime[2m | [22m [96m12.65 kB[39m[37m[2m | [22m[0m[39m
[37m[0m[0m[39m
[37m[0m4 unchanged chunks[0m[39m
[37m[0m[0m[39m
[37m[0mBuild at: [1m[37m2023-10-21T15:01:51.989Z[39m[37m[22m - Hash: [1m[37mb993d799976d526c[39m[37m[22m - Time: [1m[37m511[39m[37m[22mms[0m[39m
[37m[39m
[37m[92m‚àö[39m[37m Compiled successfully.[39m
[36m‚†ã[39m Generating browser application bundles...[2K[1G[36m‚†ô[39m Generating browser application bundles (phase: building)...[2K[1G[36m‚†π[39m Generating browser application bundles (phase: sealing)...[2K[1G[32m‚úî[39m Browser application bundle generation complete.
[37m[39m
[37m[0m[1mInitial Chunk Files[22m[2m | [22m[1mNames[22m  [2m | [22m [1mRaw Size[22m[0m[39m
[37m[0m[92mmain.js[39m[37m            [2m | [22mmain   [2m | [22m[96m153.05 kB[39m[37m[2m | [22m[0m[39m
[37m[0m[92mruntime.js[39m[37m         [2m | [22mruntime[2m | [22m [96m12.65 kB[39m[37m[2m | [22m[0m[39m
[37m[0m[0m[39m
[37m[0m4 unchanged chunks[0m[39m
[37m[0m[0m[39m
[37m[0mBuild at: [1m[37m2023-10-21T15:02:01.036Z[39m[37m[22m - Hash: [1m[37m8d519cc9d60f5a7c[39m[37m[22m - Time: [1m[37m388[39m[37m[22mms[0m[39m
[1m[31m[39m[22m
[1m[31m[0m[91mError: [39m[31m[0m[96msrc/app/app.component.html[0m:[93m1[0m:[93m25[0m - [91merror[0m[90m TS2339: [0mProperty 'u' does not exist on type 'AuthService'.[39m[22m
[1m[31m[39m[22m
[1m[31m[7m1[0m <div *ngIf="authService.u; else other_content">[39m[22m
[1m[31m[7m [0m [91m                        ~[0m[39m[22m
[1m[31m[39m[22m
[1m[31m  [96msrc/app/app.component.ts[0m:[93m7[0m:[93m16[0m[39m[22m
[1m[31m    [7m7[0m   templateUrl: './app.component.html',[39m[22m
[1m[31m    [7m [0m [96m               ~~~~~~~~~~~~~~~~~~~~~~[0m[39m[22m
[1m[31m    Error occurs in the template of component AppComponent.[39m[22m
[1m[31m[39m[22m
[1m[31m[39m[22m
[1m[31m[39m[22m
[37m[39m
[37m[91m√ó[39m[37m Failed to compile.[39m
[36m‚†ã[39m Generating browser application bundles...[2K[1G[36m‚†ô[39m Generating browser application bundles (phase: building)...[2K[1G[36m‚†π[39m Generating browser application bundles (phase: sealing)...[2K[1G[36m‚†∏[39m Generating browser application bundles (phase: emitting)...[2K[1G[32m‚úî[39m Browser application bundle generation complete.
[37m[39m
[37m[0m[1mInitial Chunk Files[22m[2m | [22m[1mNames[22m  [2m | [22m [1mRaw Size[22m[0m[39m
[37m[0m[92mmain.js[39m[37m            [2m | [22mmain   [2m | [22m[96m153.04 kB[39m[37m[2m | [22m[0m[39m
[37m[0m[92mruntime.js[39m[37m         [2m | [22mruntime[2m | [22m [96m12.65 kB[39m[37m[2m | [22m[0m[39m
[37m[0m[0m[39m
[37m[0m4 unchanged chunks[0m[39m
[37m[0m[0m[39m
[37m[0mBuild at: [1m[37m2023-10-21T15:02:07.457Z[39m[37m[22m - Hash: [1m[37m040c2eb6c8e92b38[39m[37m[22m - Time: [1m[37m427[39m[37m[22mms[0m[39m
[37m[39m
[37m[92m‚àö[39m[37m Compiled successfully.[39m
